12:37:40	Programa iniciat
12:37:40	Login iniciat
12:37:44	Admin nico ha iniciat sesio al sistema
12:38:13	Programa iniciat
12:38:13	Login iniciat
12:38:16	Admin marti ha iniciat sesio al sistema
12:40:55	Programa iniciat
12:40:56	Login iniciat
12:40:59	Usuari juan ha iniciat sesio al sistema
12:41:06	Programa iniciat
12:41:07	Login iniciat
12:41:09	Usuari maria ha iniciat sesio al sistema
12:41:11	Usuari{id=3, nom=maria, email=maria@gmail.com, Contrasenya=1234, edat=2006-09-22, Saldo=500.0} esta jugant al Tragaperras
12:41:48	Programa iniciat
12:41:48	Login iniciat
12:41:50	Admin marti ha iniciat sesio al sistema
12:42:31	Programa iniciat
12:42:31	Login iniciat
12:42:37	Usuari maria ha iniciat sesio al sistema
12:42:38	Usuari{id=3, nom=maria, email=maria@gmail.com, Contrasenya=1234, edat=2006-09-22, Saldo=300.0} esta jugant al Tragaperras
