08:45:24	Programa iniciat
08:45:24	Login iniciat
08:45:29	Signup iniciat
08:45:46	Nicolas ha estat registrat al sistema
08:45:46	Login iniciat
08:46:20	Programa iniciat
08:46:20	Login iniciat
08:46:56	Programa iniciat
08:46:56	Login iniciat
08:47:00	Usuari juanha iniciat sesio al sistema
08:47:07	Programa iniciat
08:47:08	Login iniciat
09:40:01	Programa iniciat
09:40:01	Login iniciat
09:40:06	Usuari{id=2, nom=juan, email=juan@gmail.com, Contrasenya=1234, edat=2003-01-15, Saldo=500.0} ha entrat al menu de jocs
09:40:06	Usuari juanha iniciat sesio al sistema
09:40:07	Usuari{id=2, nom=juan, email=juan@gmail.com, Contrasenya=1234, edat=2003-01-15, Saldo=500.0} esta jugant a Blackjack
09:42:54	Programa iniciat
09:42:55	Login iniciat

09:43:38	Programa iniciat
09:43:38	Login iniciat
09:43:42	Usuari{id=2, nom=juan, email=juan@gmail.com, Contrasenya=1234, edat=2003-01-15, Saldo=500.0} ha entrat al menu de jocs
09:43:42	Usuari juan ha iniciat sesio al sistema
09:43:46	Usuari{id=2, nom=juan, email=juan@gmail.com, Contrasenya=1234, edat=2003-01-15, Saldo=500.0} esta jugant a Blackjack
09:58:55	Programa iniciat
09:58:56	Login iniciat
10:04:38	Programa iniciat
10:04:38	Login iniciat
10:04:41	Usuari{id=2, nom=juan, email=juan@gmail.com, Contrasenya=1234, edat=2003-01-15, Saldo=500.0} ha entrat al menu de jocs
10:04:41	Usuari juan ha iniciat sesio al sistema
10:04:44	Usuari{id=2, nom=juan, email=juan@gmail.com, Contrasenya=1234, edat=2003-01-15, Saldo=500.0} esta jugant a Blackjack
10:05:08	Programa iniciat
10:05:08	Login iniciat
10:05:10	Usuari{id=2, nom=juan, email=juan@gmail.com, Contrasenya=1234, edat=2003-01-15, Saldo=500.0} ha entrat al menu de jocs
10:05:10	Usuari juan ha iniciat sesio al sistema
10:08:00	Programa iniciat
10:08:01	Login iniciat
10:08:03	Usuari{id=2, nom=juan, email=juan@gmail.com, Contrasenya=1234, edat=2003-01-15, Saldo=500.0} ha entrat al menu de jocs
10:08:03	Usuari juan ha iniciat sesio al sistema
10:13:39	Programa iniciat
10:13:39	Login iniciat
10:13:43	Usuari{id=2, nom=juan, email=juan@gmail.com, Contrasenya=1234, edat=2003-01-15, Saldo=500.0} ha entrat al menu de jocs
10:13:43	Usuari juan ha iniciat sesio al sistema
10:13:44	Usuari{id=2, nom=juan, email=juan@gmail.com, Contrasenya=1234, edat=2003-01-15, Saldo=500.0} esta jugant a Blackjack
10:14:45	Programa iniciat
10:14:46	Login iniciat
10:14:51	Usuari{id=2, nom=juan, email=juan@gmail.com, Contrasenya=1234, edat=2003-01-15, Saldo=500.0} ha entrat al menu de jocs
10:14:51	Usuari juan ha iniciat sesio al sistema
10:16:56	Programa iniciat
10:16:56	Login iniciat
10:17:02	Usuari{id=2, nom=juan, email=juan@gmail.com, Contrasenya=1234, edat=2003-01-15, Saldo=500.0} ha entrat al menu de jocs
10:17:02	Usuari juan ha iniciat sesio al sistema
10:17:03	Usuari{id=2, nom=juan, email=juan@gmail.com, Contrasenya=1234, edat=2003-01-15, Saldo=500.0} esta jugant a Blackjack
10:17:11	Programa iniciat
10:17:12	Login iniciat
10:17:16	Usuari{id=2, nom=juan, email=juan@gmail.com, Contrasenya=1234, edat=2003-01-15, Saldo=400.0} ha entrat al menu de jocs
10:17:16	Usuari juan ha iniciat sesio al sistema
10:39:09	Programa iniciat
10:39:09	Login iniciat
10:39:12	Usuari{id=2, nom=juan, email=juan@gmail.com, Contrasenya=1234, edat=2003-01-15, Saldo=400.0} ha entrat al menu de jocs
10:39:12	Usuari juan ha iniciat sesio al sistema
10:39:13	Usuari{id=2, nom=juan, email=juan@gmail.com, Contrasenya=1234, edat=2003-01-15, Saldo=400.0} esta jugant a Blackjack
10:39:16	Usuari{id=2, nom=juan, email=juan@gmail.com, Contrasenya=1234, edat=2003-01-15, Saldo=300.0} ha apostat: 100.0
11:01:52	Programa iniciat
11:01:52	Login iniciat
11:02:14	Programa iniciat
11:02:14	Login iniciat
11:02:19	Usuari juan ha iniciat sesio al sistema
11:02:28	Usuari{id=2, nom=juan, email=juan@gmail.com, Contrasenya=1234, edat=2003-01-15, Saldo=500.0} esta jugant a Blackjack
11:02:40	Usuari{id=2, nom=juan, email=juan@gmail.com, Contrasenya=1234, edat=2003-01-15, Saldo=1.0} ha apostat: 499.0
11:02:59	Programa iniciat
11:02:59	Login iniciat
11:03:02	Usuari juan ha iniciat sesio al sistema
11:03:06	Programa iniciat
11:03:06	Login iniciat
11:03:11	Admin nico ha iniciat sesio al sistema
11:03:29	Programa iniciat
11:03:29	Login iniciat
11:03:30	Signup iniciat
11:03:53	nico2 ha estat registrat al sistema
11:03:53	Login iniciat
11:03:57	Usuari nico2 ha iniciat sesio al sistema
11:03:58	Usuari{id=7, nom=nico2, email=nico@gmail.com, Contrasenya=1234, edat=2007-10-09, Saldo=500.0} esta jugant a Blackjack
11:04:01	Usuari{id=7, nom=nico2, email=nico@gmail.com, Contrasenya=1234, edat=2007-10-09, Saldo=0.0} ha apostat: 500.0
11:04:09	Usuari{id=7, nom=nico2, email=nico@gmail.com, Contrasenya=1234, edat=2007-10-09, Saldo=0.0} ha apostat: 500.0
11:04:19	Programa iniciat
11:04:20	Login iniciat
11:04:26	Admin nico ha iniciat sesio al sistema
11:04:40	Programa iniciat
11:04:40	Login iniciat
11:04:44	Usuari nico2 ha iniciat sesio al sistema
11:04:45	Usuari{id=7, nom=nico2, email=nico@gmail.com, Contrasenya=1234, edat=2007-10-09, Saldo=10000.0} esta jugant a Blackjack
11:04:49	Usuari{id=7, nom=nico2, email=nico@gmail.com, Contrasenya=1234, edat=2007-10-09, Saldo=9900.0} ha apostat: 100.0
11:04:53	Usuari{id=7, nom=nico2, email=nico@gmail.com, Contrasenya=1234, edat=2007-10-09, Saldo=9800.0} ha apostat: 100.0
