12:02:23	Programa iniciat
12:02:24	Login iniciat
12:02:26	Admin nico ha iniciat sesio al sistema
12:08:29	Programa iniciat
12:08:29	Login iniciat
12:08:32	Admin nico ha iniciat sesio al sistema
12:08:35	Admin: Accés a l'historial de partides de Blackjack
12:10:50	Programa iniciat
12:10:51	Login iniciat
12:10:54	Admin nico ha iniciat sesio al sistema
12:12:20	Programa iniciat
12:12:21	Login iniciat
12:12:24	Admin nico ha iniciat sesio al sistema
12:12:39	Programa iniciat
12:12:39	Login iniciat
12:12:42	Admin nico ha iniciat sesio al sistema
12:13:47	Programa iniciat
12:13:48	Login iniciat
12:13:50	Admin nico ha iniciat sesio al sistema
12:42:26	Programa iniciat
12:42:27	Login iniciat
12:42:29	Admin nico ha iniciat sesio al sistema
12:43:34	Programa iniciat
12:43:35	Login iniciat
12:43:37	Admin nico ha iniciat sesio al sistema
12:44:32	Programa iniciat
12:44:33	Login iniciat
12:44:35	Admin nico ha iniciat sesio al sistema
12:44:56	Programa iniciat
12:44:56	Login iniciat
12:44:59	Admin nico ha iniciat sesio al sistema
12:46:22	Programa iniciat
12:46:22	Login iniciat
12:46:25	Admin nico ha iniciat sesio al sistema
12:46:57	Programa iniciat
12:46:58	Login iniciat
12:47:04	Admin nico ha iniciat sesio al sistema
12:47:30	Programa iniciat
12:47:31	Login iniciat
12:47:34	Admin nico ha iniciat sesio al sistema
12:48:17	Programa iniciat
12:48:18	Login iniciat
12:48:20	Admin nico ha iniciat sesio al sistema
12:48:43	Programa iniciat
12:48:43	Login iniciat
12:48:46	Admin nico ha iniciat sesio al sistema
12:48:58	Programa iniciat
12:48:59	Login iniciat
12:49:01	Admin nico ha iniciat sesio al sistema
12:49:23	Programa iniciat
12:49:24	Login iniciat
12:49:27	Admin nico ha iniciat sesio al sistema
12:49:34	Programa iniciat
12:49:34	Login iniciat
12:49:36	Admin nico ha iniciat sesio al sistema
12:50:02	Programa iniciat
12:50:03	Login iniciat
12:50:08	Admin nico ha iniciat sesio al sistema
12:50:52	Programa iniciat
12:50:53	Login iniciat
12:50:56	Admin nico ha iniciat sesio al sistema
12:51:18	Programa iniciat
12:51:19	Login iniciat
12:51:22	Admin nico ha iniciat sesio al sistema
12:51:39	Programa iniciat
12:51:39	Login iniciat
12:51:47	Admin nico ha iniciat sesio al sistema
12:52:15	Programa iniciat
12:52:16	Login iniciat
12:52:18	Usuari juan ha iniciat sesio al sistema
12:55:56	Programa iniciat
12:55:56	Login iniciat
12:55:59	Usuari juan ha iniciat sesio al sistema
12:56:32	Programa iniciat
12:56:33	Login iniciat
12:56:35	Usuari juan ha iniciat sesio al sistema
12:56:50	Programa iniciat
12:56:50	Login iniciat
12:56:52	Usuari juan ha iniciat sesio al sistema
12:57:06	Programa iniciat
12:57:07	Login iniciat
12:57:10	Usuari juan ha iniciat sesio al sistema
12:58:43	Programa iniciat
12:58:43	Login iniciat
12:58:49	Usuari juan ha iniciat sesio al sistema
12:59:03	Programa iniciat
12:59:04	Login iniciat
12:59:06	Usuari juan ha iniciat sesio al sistema
12:59:37	Programa iniciat
12:59:38	Login iniciat
12:59:44	Usuari juan ha iniciat sesio al sistema
01:03:43	Programa iniciat
01:03:43	Login iniciat
01:03:46	Admin nico ha iniciat sesio al sistema
01:11:45	Programa iniciat
01:11:46	Login iniciat
01:11:48	Usuari juan ha iniciat sesio al sistema
01:11:55	Programa iniciat
01:11:56	Login iniciat
01:12:02	Admin nico ha iniciat sesio al sistema
01:12:39	Admin: Accés a l'historial de partides de Blackjack
01:14:59	Programa iniciat
01:14:59	Login iniciat
01:15:02	Admin nico ha iniciat sesio al sistema
01:15:05	Admin: Accés a l'historial de partides de Blackjack
01:16:15	Programa iniciat
01:16:16	Login iniciat
01:16:18	Admin nico ha iniciat sesio al sistema
01:16:21	Admin: Accés a l'historial de partides de Blackjack
01:17:01	Programa iniciat
01:17:02	Login iniciat
01:17:04	Admin nico ha iniciat sesio al sistema
01:17:07	Admin: Accés a l'historial de partides de Blackjack
01:17:28	Programa iniciat
01:17:29	Login iniciat
01:17:31	Admin nico ha iniciat sesio al sistema
01:17:35	Admin: Accés a l'historial de partides de Blackjack
01:18:52	Programa iniciat
01:18:53	Login iniciat
01:18:55	Admin nico ha iniciat sesio al sistema
01:18:57	Admin: Accés a l'historial de partides de Ruleta
01:20:53	Programa iniciat
01:20:53	Login iniciat
01:20:56	Admin nico ha iniciat sesio al sistema
01:20:59	Admin: Accés a l'historial de partides de Tragaperras
