09:55:32	Programa iniciat
09:55:36	Login iniciat
09:56:12	Programa iniciat
09:56:32	Programa iniciat
09:56:38	Login iniciat
09:57:02	Programa iniciat
09:57:03	Login iniciat
09:57:14	Usuari pablo ha iniciat sesio al sistema
09:59:12	Programa iniciat
09:59:13	Login iniciat
09:59:22	Usuari pablo ha iniciat sesio al sistema
09:59:23	Usuari{id=4, nom=pablo, email=pablo@gmail.com, Contrasenya=1234, edat=2000-03-05, Saldo=750.0} esta jugant a la Ruleta
10:00:02	Programa iniciat
10:00:02	Login iniciat
10:00:12	Programa iniciat
10:00:12	Login iniciat
10:00:15	Admin marti ha iniciat sesio al sistema
10:00:28	Programa iniciat
10:00:28	Login iniciat
10:01:39	Usuari Zeit ha iniciat sesio al sistema
10:01:41	Usuari{id=6, nom=Zeit, email=zeitfc.contacto@gmail.com, Contrasenya=alanyo11, edat=2004-08-12, Saldo=500.0} esta jugant a Blackjack
10:01:48	Usuari{id=6, nom=Zeit, email=zeitfc.contacto@gmail.com, Contrasenya=alanyo11, edat=2004-08-12, Saldo=100.0} ha apostat: 400.0
10:01:58	Usuari{id=6, nom=Zeit, email=zeitfc.contacto@gmail.com, Contrasenya=alanyo11, edat=2004-08-12, Saldo=100.0} ha apostat: 400.0
10:02:18	Usuari{id=6, nom=Zeit, email=zeitfc.contacto@gmail.com, Contrasenya=alanyo11, edat=2004-08-12, Saldo=0.0} ha apostat: 100.0
10:02:29	Usuari{id=6, nom=Zeit, email=zeitfc.contacto@gmail.com, Contrasenya=alanyo11, edat=2004-08-12, Saldo=0.0} ha apostat: 200.0
10:02:38	Usuari{id=6, nom=Zeit, email=zeitfc.contacto@gmail.com, Contrasenya=alanyo11, edat=2004-08-12, Saldo=0.0} ha apostat: 200.0
10:02:46	Programa iniciat
10:02:46	Login iniciat
10:02:55	Programa iniciat
10:02:55	Login iniciat
10:03:08	Usuari admin ha iniciat sesio al sistema
10:03:19	Programa iniciat
10:03:19	Login iniciat
10:03:23	Admin marti ha iniciat sesio al sistema
10:03:37	Programa iniciat
10:03:37	Login iniciat
10:03:45	Usuari Zeit ha iniciat sesio al sistema
10:03:46	Usuari{id=6, nom=Zeit, email=zeitfc.contacto@gmail.com, Contrasenya=alanyo11, edat=2004-08-12, Saldo=1.0E7} esta jugant a Blackjack
10:03:51	Usuari{id=6, nom=Zeit, email=zeitfc.contacto@gmail.com, Contrasenya=alanyo11, edat=2004-08-12, Saldo=9900000.0} ha apostat: 100000.0
10:04:09	Usuari{id=6, nom=Zeit, email=zeitfc.contacto@gmail.com, Contrasenya=alanyo11, edat=2004-08-12, Saldo=100000.0} ha apostat: 1.0E7
10:04:25	Programa iniciat
10:04:26	Login iniciat
10:04:33	Usuari pablo ha iniciat sesio al sistema
10:04:34	Usuari{id=4, nom=pablo, email=pablo@gmail.com, Contrasenya=1234, edat=2000-03-05, Saldo=700.0} esta jugant a la Ruleta
12:10:34	Programa iniciat
12:10:35	Login iniciat
12:40:22	Programa iniciat
12:40:23	Login iniciat
12:40:55	Programa iniciat
12:40:56	Login iniciat
12:41:06	Usuari pablo ha iniciat sesio al sistema
12:41:07	Usuari{id=4, nom=pablo, email=pablo@gmail.com, Contrasenya=1234, edat=2000-03-05, Saldo=750.0} esta jugant a Blackjack
12:41:12	Usuari{id=4, nom=pablo, email=pablo@gmail.com, Contrasenya=1234, edat=2000-03-05, Saldo=450.0} ha apostat: 300.0
12:54:58	Programa iniciat
12:54:58	Login iniciat
12:56:11	Programa iniciat
12:56:12	Login iniciat
12:57:30	Programa iniciat
12:57:31	Login iniciat
01:03:46	Programa iniciat
01:03:46	Login iniciat
01:03:50	Admin marti ha iniciat sesio al sistema
01:04:39	Programa iniciat
01:04:39	Login iniciat
01:04:42	Admin marti ha iniciat sesio al sistema
01:05:34	Programa iniciat
01:05:35	Login iniciat
01:05:37	Admin marti ha iniciat sesio al sistema
01:17:37	Programa iniciat
01:17:38	Login iniciat
01:18:07	Programa iniciat
01:18:07	Login iniciat
01:18:58	Programa iniciat
01:18:58	Login iniciat
01:19:33	Programa iniciat
01:19:33	Login iniciat
01:20:13	Programa iniciat
01:20:14	Login iniciat
01:20:23	Usuari juan ha iniciat sesio al sistema
01:20:24	Usuari{id=2, nom=juan, email=juan@gmail.com, Contrasenya=1234, edat=2003-01-15, Saldo=500.0} esta jugant a la Ruleta
01:20:42	Programa iniciat
01:20:43	Login iniciat
01:30:04	Programa iniciat
01:30:04	Login iniciat
01:30:07	Usuari juan ha iniciat sesio al sistema
01:30:08	Usuari{id=2, nom=juan, email=juan@gmail.com, Contrasenya=1234, edat=2003-01-15, Saldo=400.0} esta jugant a la Ruleta
01:30:27	Programa iniciat
01:30:28	Login iniciat
01:30:30	Admin marti ha iniciat sesio al sistema
01:38:16	Programa iniciat
01:38:16	Login iniciat
01:38:22	Usuari juan ha iniciat sesio al sistema
01:38:23	Usuari{id=2, nom=juan, email=juan@gmail.com, Contrasenya=1234, edat=2003-01-15, Saldo=500.0} esta jugant a la Ruleta
01:39:51	Programa iniciat
01:39:51	Login iniciat
01:39:55	Admin marti ha iniciat sesio al sistema
01:40:01	Programa iniciat
01:40:01	Login iniciat
01:40:10	Usuari juan ha iniciat sesio al sistema
01:40:12	Usuari{id=2, nom=juan, email=juan@gmail.com, Contrasenya=1234, edat=2003-01-15, Saldo=480.0} esta jugant a la Ruleta
01:40:35	Programa iniciat
01:40:36	Login iniciat
01:40:39	Admin marti ha iniciat sesio al sistema
01:43:50	Programa iniciat
01:43:51	Login iniciat
01:43:55	Usuari juan ha iniciat sesio al sistema
01:43:56	Usuari{id=2, nom=juan, email=juan@gmail.com, Contrasenya=1234, edat=2003-01-15, Saldo=450.0} esta jugant al Tragaperras
01:44:01	Programa iniciat
01:44:01	Login iniciat
01:44:10	Usuari juan ha iniciat sesio al sistema
01:44:11	Usuari{id=2, nom=juan, email=juan@gmail.com, Contrasenya=1234, edat=2003-01-15, Saldo=450.0} esta jugant a la Ruleta
01:44:25	Programa iniciat
01:44:25	Login iniciat
01:44:27	Admin marti ha iniciat sesio al sistema
11:53:35	Programa iniciat
11:53:35	Login iniciat
12:02:00	Programa iniciat
12:02:00	Login iniciat
12:02:25	Usuari juan ha iniciat sesio al sistema
12:02:29	Usuari{id=2, nom=juan, email=juan@gmail.com, Contrasenya=1234, edat=2003-01-15, Saldo=9995.0} esta jugant a la Ruleta
12:03:01	Programa iniciat
12:03:01	Login iniciat
12:03:52	Programa iniciat
12:03:52	Login iniciat
12:04:56	Programa iniciat
12:04:57	Login iniciat
12:05:07	Admin nico ha iniciat sesio al sistema
12:05:10	Programa iniciat
12:05:10	Login iniciat
12:05:14	Usuari juan ha iniciat sesio al sistema
12:05:26	Programa iniciat
12:05:26	Login iniciat
12:05:34	Usuari juan ha iniciat sesio al sistema
12:05:36	Usuari{id=2, nom=juan, email=juan@gmail.com, Contrasenya=1234, edat=2003-01-15, Saldo=9995.0} esta jugant a Blackjack
12:05:44	Programa iniciat
12:05:44	Login iniciat
12:05:47	Usuari juan ha iniciat sesio al sistema
12:05:48	Usuari{id=2, nom=juan, email=juan@gmail.com, Contrasenya=1234, edat=2003-01-15, Saldo=9995.0} esta jugant a Blackjack
12:05:50	Usuari{id=2, nom=juan, email=juan@gmail.com, Contrasenya=1234, edat=2003-01-15, Saldo=8761.0} ha apostat: 1234.0
12:05:54	Usuari{id=2, nom=juan, email=juan@gmail.com, Contrasenya=1234, edat=2003-01-15, Saldo=8761.0} esta jugant a la Ruleta
12:12:13	Programa iniciat
12:12:13	Login iniciat
12:12:24	Usuari juan ha iniciat sesio al sistema
12:12:26	Usuari{id=2, nom=juan, email=juan@gmail.com, Contrasenya=1234, edat=2003-01-15, Saldo=500.0} esta jugant a Blackjack
12:12:39	Programa iniciat
12:12:39	Login iniciat
12:13:23	Programa iniciat
12:13:23	Login iniciat
12:13:29	Usuari juan ha iniciat sesio al sistema
12:13:33	Usuari{id=2, nom=juan, email=juan@gmail.com, Contrasenya=1234, edat=2003-01-15, Saldo=500.0} esta jugant a Blackjack
12:14:18	Programa iniciat
12:14:18	Login iniciat
12:14:29	Usuari juan ha iniciat sesio al sistema
12:14:53	Programa iniciat
12:14:53	Login iniciat
12:15:11	Programa iniciat
12:15:11	Login iniciat
12:15:17	Usuari juan ha iniciat sesio al sistema
12:15:19	Usuari{id=2, nom=juan, email=juan@gmail.com, Contrasenya=1234, edat=2003-01-15, Saldo=500.0} esta jugant a Blackjack
12:15:50	Programa iniciat
12:15:50	Login iniciat
12:15:53	Usuari juan ha iniciat sesio al sistema
12:15:54	Usuari{id=2, nom=juan, email=juan@gmail.com, Contrasenya=1234, edat=2003-01-15, Saldo=500.0} esta jugant a Blackjack
12:16:38	Programa iniciat
12:16:38	Login iniciat
12:16:45	Usuari juan ha iniciat sesio al sistema
12:16:46	Usuari{id=2, nom=juan, email=juan@gmail.com, Contrasenya=1234, edat=2003-01-15, Saldo=500.0} esta jugant a Blackjack
12:17:46	Programa iniciat
12:17:46	Login iniciat
12:17:59	Programa iniciat
12:17:59	Login iniciat
12:18:14	Programa iniciat
12:18:14	Login iniciat
12:18:23	Programa iniciat
12:18:23	Login iniciat
12:18:45	Programa iniciat
12:18:45	Login iniciat
12:18:51	Usuari juan ha iniciat sesio al sistema
12:18:53	Usuari{id=2, nom=juan, email=juan@gmail.com, Contrasenya=1234, edat=2003-01-15, Saldo=500.0} esta jugant a Blackjack
12:22:00	Programa iniciat
12:22:00	Login iniciat
12:22:04	Usuari juan ha iniciat sesio al sistema
12:22:05	Usuari{id=2, nom=juan, email=juan@gmail.com, Contrasenya=1234, edat=2003-01-15, Saldo=500.0} esta jugant al Tragaperras
12:22:27	Programa iniciat
12:22:27	Login iniciat
12:22:31	Usuari juan ha iniciat sesio al sistema
12:22:32	Usuari{id=2, nom=juan, email=juan@gmail.com, Contrasenya=1234, edat=2003-01-15, Saldo=500.0} esta jugant al Tragaperras
12:22:52	Programa iniciat
12:22:52	Login iniciat
12:23:00	Usuari juan ha iniciat sesio al sistema
12:23:01	Usuari{id=2, nom=juan, email=juan@gmail.com, Contrasenya=1234, edat=2003-01-15, Saldo=500.0} esta jugant al Tragaperras
12:23:29	Programa iniciat
12:23:29	Login iniciat
12:23:33	Usuari juan ha iniciat sesio al sistema
12:23:34	Usuari{id=2, nom=juan, email=juan@gmail.com, Contrasenya=1234, edat=2003-01-15, Saldo=500.0} esta jugant al Tragaperras
12:24:05	Programa iniciat
12:24:05	Login iniciat
12:24:12	Usuari juan ha iniciat sesio al sistema
12:24:13	Usuari{id=2, nom=juan, email=juan@gmail.com, Contrasenya=1234, edat=2003-01-15, Saldo=500.0} esta jugant al Tragaperras
12:24:36	Programa iniciat
12:24:36	Login iniciat
12:24:38	Usuari juan ha iniciat sesio al sistema
12:24:39	Usuari{id=2, nom=juan, email=juan@gmail.com, Contrasenya=1234, edat=2003-01-15, Saldo=480.0} esta jugant al Tragaperras
12:25:06	Programa iniciat
12:25:06	Login iniciat
12:25:24	Programa iniciat
12:25:24	Login iniciat
12:25:27	Usuari juan ha iniciat sesio al sistema
12:25:28	Usuari{id=2, nom=juan, email=juan@gmail.com, Contrasenya=1234, edat=2003-01-15, Saldo=480.0} esta jugant al Tragaperras
12:28:18	Programa iniciat
12:28:18	Login iniciat
12:28:22	Usuari juan ha iniciat sesio al sistema
12:28:23	Usuari{id=2, nom=juan, email=juan@gmail.com, Contrasenya=1234, edat=2003-01-15, Saldo=380.0} esta jugant al Tragaperras
12:35:20	Programa iniciat
12:35:20	Login iniciat
12:35:26	Usuari juan ha iniciat sesio al sistema
12:35:27	Usuari{id=2, nom=juan, email=juan@gmail.com, Contrasenya=1234, edat=2003-01-15, Saldo=260.0} esta jugant al Tragaperras
12:39:20	Programa iniciat
12:39:20	Login iniciat
12:39:23	Usuari juan ha iniciat sesio al sistema
12:39:24	Usuari{id=2, nom=juan, email=juan@gmail.com, Contrasenya=1234, edat=2003-01-15, Saldo=140.0} esta jugant al Tragaperras
12:39:55	Programa iniciat
12:39:55	Login iniciat
12:40:03	Usuari juan ha iniciat sesio al sistema
12:40:04	Usuari{id=2, nom=juan, email=juan@gmail.com, Contrasenya=1234, edat=2003-01-15, Saldo=120.0} esta jugant al Tragaperras
12:41:07	Programa iniciat
12:41:08	Login iniciat
12:41:10	Usuari juan ha iniciat sesio al sistema
12:41:11	Usuari{id=2, nom=juan, email=juan@gmail.com, Contrasenya=1234, edat=2003-01-15, Saldo=80.0} esta jugant al Tragaperras
12:44:07	Programa iniciat
12:44:07	Login iniciat
12:55:22	Programa iniciat
12:55:22	Login iniciat
12:55:25	Usuari juan ha iniciat sesio al sistema
12:57:28	Programa iniciat
12:57:28	Login iniciat
12:57:31	Usuari juan ha iniciat sesio al sistema
12:57:32	Usuari{id=2, nom=juan, email=juan@gmail.com, Contrasenya=1234, edat=2003-01-15, Saldo=10.0} esta jugant al Tragaperras
12:57:41	Programa iniciat
12:57:41	Login iniciat
12:57:49	Usuari maria ha iniciat sesio al sistema
12:57:51	Usuari{id=3, nom=maria, email=maria@gmail.com, Contrasenya=1234, edat=2006-09-22, Saldo=500.0} esta jugant al Tragaperras
12:58:04	Programa iniciat
12:58:04	Login iniciat
12:58:07	Usuari maria ha iniciat sesio al sistema
12:58:08	Usuari{id=3, nom=maria, email=maria@gmail.com, Contrasenya=1234, edat=2006-09-22, Saldo=480.0} esta jugant al Tragaperras
12:58:35	Programa iniciat
12:58:35	Login iniciat
12:58:38	Usuari maria ha iniciat sesio al sistema
12:58:39	Usuari{id=3, nom=maria, email=maria@gmail.com, Contrasenya=1234, edat=2006-09-22, Saldo=460.0} esta jugant al Tragaperras
12:59:15	Programa iniciat
12:59:15	Login iniciat
12:59:52	Usuari pablo ha iniciat sesio al sistema
12:59:55	Usuari{id=4, nom=pablo, email=pablo@gmail.com, Contrasenya=1234, edat=2000-03-05, Saldo=750.0} esta jugant al Tragaperras
01:01:38	Programa iniciat
01:01:38	Login iniciat
01:01:41	Usuari juan ha iniciat sesio al sistema
01:01:41	Usuari{id=2, nom=juan, email=juan@gmail.com, Contrasenya=1234, edat=2003-01-15, Saldo=10.0} esta jugant al Tragaperras
01:01:46	Programa iniciat
01:01:47	Login iniciat
01:01:49	Usuari maria ha iniciat sesio al sistema
01:01:51	Usuari{id=3, nom=maria, email=maria@gmail.com, Contrasenya=1234, edat=2006-09-22, Saldo=0.0} esta jugant al Tragaperras
01:01:56	Programa iniciat
01:01:56	Login iniciat
01:01:58	Usuari pablo ha iniciat sesio al sistema
01:01:59	Usuari{id=4, nom=pablo, email=pablo@gmail.com, Contrasenya=1234, edat=2000-03-05, Saldo=730.0} esta jugant al Tragaperras
01:02:43	Programa iniciat
01:02:43	Login iniciat
01:02:45	Admin nico ha iniciat sesio al sistema
01:02:52	Programa iniciat
01:02:52	Login iniciat
01:03:09	Admin nico ha iniciat sesio al sistema
01:04:08	Programa iniciat
01:04:08	Login iniciat
01:04:10	Usuari juan ha iniciat sesio al sistema
01:04:12	Usuari{id=2, nom=juan, email=juan@gmail.com, Contrasenya=1234, edat=2003-01-15, Saldo=10000.0} esta jugant al Tragaperras
01:05:25	Programa iniciat
01:05:25	Login iniciat
01:05:29	Usuari juan ha iniciat sesio al sistema
01:05:30	Usuari{id=2, nom=juan, email=juan@gmail.com, Contrasenya=1234, edat=2003-01-15, Saldo=8900.0} esta jugant al Tragaperras
01:07:00	Programa iniciat
01:07:01	Login iniciat
01:07:04	Usuari juan ha iniciat sesio al sistema
01:07:05	Usuari{id=2, nom=juan, email=juan@gmail.com, Contrasenya=1234, edat=2003-01-15, Saldo=5940.0} esta jugant al Tragaperras
01:10:54	Programa iniciat
01:10:55	Login iniciat
01:10:57	Usuari juan ha iniciat sesio al sistema
01:10:58	Usuari{id=2, nom=juan, email=juan@gmail.com, Contrasenya=1234, edat=2003-01-15, Saldo=3640.0} esta jugant al Tragaperras
01:15:57	Programa iniciat
01:15:57	Login iniciat
01:15:59	Usuari juan ha iniciat sesio al sistema
01:16:01	Usuari{id=2, nom=juan, email=juan@gmail.com, Contrasenya=1234, edat=2003-01-15, Saldo=140.0} esta jugant al Tragaperras
01:17:42	Programa iniciat
01:17:42	Login iniciat
01:17:53	Admin nico ha iniciat sesio al sistema
01:18:01	Programa iniciat
01:18:02	Login iniciat
01:18:04	Usuari juan ha iniciat sesio al sistema
01:18:05	Usuari{id=2, nom=juan, email=juan@gmail.com, Contrasenya=1234, edat=2003-01-15, Saldo=100.0} esta jugant al Tragaperras
01:32:40	Programa iniciat
01:32:40	Login iniciat
01:32:44	Usuari juan ha iniciat sesio al sistema
01:32:49	Programa iniciat
01:32:49	Login iniciat
01:32:54	Usuari maria ha iniciat sesio al sistema
01:32:55	Usuari{id=3, nom=maria, email=maria@gmail.com, Contrasenya=1234, edat=2006-09-22, Saldo=10000.0} esta jugant al Tragaperras
01:33:05	Programa iniciat
01:33:05	Login iniciat
01:33:12	Programa iniciat
01:33:12	Login iniciat
01:33:20	Usuari maria ha iniciat sesio al sistema
01:33:21	Usuari{id=3, nom=maria, email=maria@gmail.com, Contrasenya=1234, edat=2006-09-22, Saldo=9980.0} esta jugant al Tragaperras
01:34:29	Programa iniciat
01:34:29	Login iniciat
01:34:36	Usuari maria ha iniciat sesio al sistema
01:34:49	Usuari{id=3, nom=maria, email=maria@gmail.com, Contrasenya=1234, edat=2006-09-22, Saldo=9780.0} esta jugant a Blackjack
01:34:51	Usuari{id=3, nom=maria, email=maria@gmail.com, Contrasenya=1234, edat=2006-09-22, Saldo=9780.0} esta jugant al Tragaperras
01:37:45	Programa iniciat
01:37:45	Login iniciat
01:37:51	Usuari maria ha iniciat sesio al sistema
01:37:52	Usuari{id=3, nom=maria, email=maria@gmail.com, Contrasenya=1234, edat=2006-09-22, Saldo=7780.0} esta jugant al Tragaperras
01:42:48	Programa iniciat
01:42:49	Login iniciat
