12:56:55	Programa iniciat
12:56:56	Login iniciat
12:57:04	Usuari juan ha iniciat sesio al sistema
12:57:05	Usuari{id=2, nom=juan, email=juan@gmail.com, Contrasenya=1234, edat=2003-01-15, Saldo=450.0} esta jugant al Tragaperras
12:57:23	Programa iniciat
12:57:23	Login iniciat
12:57:27	Admin marti ha iniciat sesio al sistema
12:59:09	Programa iniciat
12:59:09	Login iniciat
12:59:37	Programa iniciat
12:59:37	Login iniciat
01:00:09	Programa iniciat
01:00:09	Login iniciat
01:00:12	Usuari juan ha iniciat sesio al sistema
01:00:13	Usuari{id=2, nom=juan, email=juan@gmail.com, Contrasenya=1234, edat=2003-01-15, Saldo=500.0} esta jugant al Tragaperras
01:00:21	Programa iniciat
01:00:22	Login iniciat
01:00:27	Admin marti ha iniciat sesio al sistema
01:00:47	Programa iniciat
01:00:47	Login iniciat
01:00:50	Usuari juan ha iniciat sesio al sistema
01:00:51	Usuari{id=2, nom=juan, email=juan@gmail.com, Contrasenya=1234, edat=2003-01-15, Saldo=300.0} esta jugant al Tragaperras
01:00:59	Programa iniciat
01:00:59	Login iniciat
01:01:06	Admin marti ha iniciat sesio al sistema
01:03:34	Programa iniciat
01:03:35	Login iniciat
01:03:37	Admin marti ha iniciat sesio al sistema
01:08:23	Programa iniciat
01:08:23	Login iniciat
01:08:27	Usuari juan ha iniciat sesio al sistema
01:09:31	Programa iniciat
01:09:32	Login iniciat
