11:59:13	Programa iniciat
11:59:14	Login iniciat
11:59:17	Usuari juan ha iniciat sesio al sistema
11:59:18	Usuari{id=2, nom=juan, email=juan@gmail.com, Contrasenya=1234, edat=2003-01-15, Saldo=0.0} esta jugant a Blackjack
12:01:14	Programa iniciat
12:01:15	Login iniciat
12:01:21	Usuari juan ha iniciat sesio al sistema
12:01:22	Usuari{id=2, nom=juan, email=juan@gmail.com, Contrasenya=1234, edat=2003-01-15, Saldo=0.0} esta jugant al Tragaperras
12:08:16	Programa iniciat
12:08:17	Login iniciat
12:08:50	Programa iniciat
12:08:51	Login iniciat
12:08:54	Usuari juan ha iniciat sesio al sistema
12:08:54	Usuari{id=2, nom=juan, email=juan@gmail.com, Contrasenya=1234, edat=2003-01-15, Saldo=0.0} esta jugant a Blackjack
12:08:54	Usuari{id=2, nom=juan, email=juan@gmail.com, Contrasenya=1234, edat=2003-01-15, Saldo=0.0} esta jugant a Blackjack
12:26:17	Programa iniciat
12:26:18	Login iniciat
12:27:24	Signup iniciat
12:33:36	Programa iniciat
12:33:37	Login iniciat
12:33:40	Usuari juan ha iniciat sesio al sistema
12:35:11	Programa iniciat
12:35:12	Login iniciat
12:35:14	Usuari juan ha iniciat sesio al sistema
12:37:16	Programa iniciat
12:37:17	Login iniciat
12:37:20	Usuari juan ha iniciat sesio al sistema
12:37:21	Usuari{id=2, nom=juan, email=juan@gmail.com, Contrasenya=1234, edat=2003-01-15, Saldo=0.0} esta jugant a Blackjack
12:37:21	Usuari{id=2, nom=juan, email=juan@gmail.com, Contrasenya=1234, edat=2003-01-15, Saldo=0.0} esta jugant a Blackjack
12:44:25	Programa iniciat
12:44:26	Login iniciat
12:44:29	Usuari juan ha iniciat sesio al sistema
12:44:30	Usuari{id=2, nom=juan, email=juan@gmail.com, Contrasenya=1234, edat=2003-01-15, Saldo=0.0} esta jugant a Blackjack
12:44:30	Usuari{id=2, nom=juan, email=juan@gmail.com, Contrasenya=1234, edat=2003-01-15, Saldo=0.0} esta jugant a Blackjack
12:53:22	Programa iniciat
12:53:22	Login iniciat
12:53:25	Usuari admin ha iniciat sesio al sistema
12:53:26	Usuari{id=1, nom=admin, email=admin@casino.com, Contrasenya=1234, edat=1995-06-10, Saldo=1000.0} esta jugant a Blackjack
12:53:26	Usuari{id=1, nom=admin, email=admin@casino.com, Contrasenya=1234, edat=1995-06-10, Saldo=1000.0} esta jugant a Blackjack
12:53:30	Usuari{id=1, nom=admin, email=admin@casino.com, Contrasenya=1234, edat=1995-06-10, Saldo=900.0} ha apostat: 100.0
12:53:31	admin ha demanat carta: 4
12:53:31	admin ha demanat carta: 3
12:53:32	admin ha demanat carta: 4
12:53:32	admin ha demanat carta: 7
12:53:33	admin ha demanat carta: 9
12:53:33	admin s'ha passat de 21 amb un total de: 27
01:03:47	Programa iniciat
01:03:47	Login iniciat
01:03:50	Usuari admin ha iniciat sesio al sistema
01:04:23	Programa iniciat
01:04:23	Login iniciat
01:04:26	Usuari juan ha iniciat sesio al sistema
01:04:38	Programa iniciat
01:04:38	Login iniciat
01:04:43	Usuari juan ha iniciat sesio al sistema
01:07:34	Programa iniciat
01:07:35	Login iniciat
01:07:36	Usuari juan ha iniciat sesio al sistema
01:12:45	Programa iniciat
01:12:46	Login iniciat
01:12:49	Usuari juan ha iniciat sesio al sistema
01:14:06	Programa iniciat
01:14:07	Login iniciat
01:14:09	Usuari juan ha iniciat sesio al sistema
01:14:57	Programa iniciat
01:14:58	Login iniciat
01:15:00	Usuari juan ha iniciat sesio al sistema
01:15:17	Programa iniciat
01:15:17	Login iniciat
01:15:19	Usuari juan ha iniciat sesio al sistema
01:15:41	Programa iniciat
01:15:42	Login iniciat
01:15:45	Admin marti ha iniciat sesio al sistema
01:17:03	Programa iniciat
01:17:03	Login iniciat
01:17:07	Usuari juan ha iniciat sesio al sistema
01:18:39	Programa iniciat
01:18:40	Login iniciat
01:18:42	Usuari juan ha iniciat sesio al sistema
01:22:11	Programa iniciat
01:22:12	Login iniciat
01:22:14	Usuari juan ha iniciat sesio al sistema
01:25:42	Programa iniciat
01:25:42	Login iniciat
01:25:44	Usuari juan ha iniciat sesio al sistema
01:26:54	Programa iniciat
01:26:54	Login iniciat
01:26:57	Usuari juan ha iniciat sesio al sistema
01:27:10	Usuari{id=2, nom=juan, email=juan@gmail.com, Contrasenya=1234, edat=2003-01-15, Saldo=0.0} esta jugant a Blackjack
01:27:10	Usuari{id=2, nom=juan, email=juan@gmail.com, Contrasenya=1234, edat=2003-01-15, Saldo=0.0} esta jugant a Blackjack
01:40:30	Programa iniciat
01:40:30	Login iniciat
01:40:33	Usuari juan ha iniciat sesio al sistema
03:52:23	Programa iniciat
03:52:24	Login iniciat
03:52:31	Usuari juan ha iniciat sesio al sistema
03:54:30	Programa iniciat
03:54:30	Login iniciat
03:54:33	Usuari juan ha iniciat sesio al sistema
04:09:38	Programa iniciat
04:09:38	Login iniciat
04:09:41	Usuari juan ha iniciat sesio al sistema
04:10:10	Programa iniciat
04:10:10	Login iniciat
04:10:14	Usuari juan ha iniciat sesio al sistema
04:10:15	Usuari{id=2, nom=juan, email=juan@gmail.com, Contrasenya=1234, edat=2003-01-15, Saldo=0.0} esta jugant a Blackjack
04:10:15	Usuari{id=2, nom=juan, email=juan@gmail.com, Contrasenya=1234, edat=2003-01-15, Saldo=0.0} esta jugant a Blackjack
04:17:36	Programa iniciat
04:17:36	Login iniciat
04:17:40	Usuari juan ha iniciat sesio al sistema
04:18:43	Programa iniciat
04:18:44	Login iniciat
04:18:47	Usuari juan ha iniciat sesio al sistema
04:18:50	Usuari{id=2, nom=juan, email=juan@gmail.com, Contrasenya=1234, edat=2003-01-15, Saldo=0.0} esta jugant al Tragaperras
04:20:03	Programa iniciat
04:20:03	Login iniciat
04:20:07	Admin marti ha iniciat sesio al sistema
04:20:16	Programa iniciat
04:20:17	Login iniciat
04:20:20	Usuari juan ha iniciat sesio al sistema
04:20:23	Programa iniciat
04:20:24	Login iniciat
04:20:28	Admin nico ha iniciat sesio al sistema
04:21:32	Programa iniciat
04:21:33	Login iniciat
04:21:42	Admin marti ha iniciat sesio al sistema
04:22:11	Programa iniciat
04:22:12	Login iniciat
04:22:14	Admin marti ha iniciat sesio al sistema
04:24:10	Programa iniciat
04:24:11	Login iniciat
04:24:16	Admin nico ha iniciat sesio al sistema
04:31:31	Programa iniciat
04:31:32	Login iniciat
04:31:34	Usuari juan ha iniciat sesio al sistema
04:47:18	Programa iniciat
04:47:19	Login iniciat
04:47:21	Admin nico ha iniciat sesio al sistema
04:47:45	Programa iniciat
04:47:45	Login iniciat
04:47:48	Admin nico ha iniciat sesio al sistema
04:50:37	Programa iniciat
04:50:37	Login iniciat
04:50:41	Usuari juan ha iniciat sesio al sistema
04:50:47	Programa iniciat
04:50:47	Login iniciat
04:50:50	Admin nico ha iniciat sesio al sistema
04:51:03	Programa iniciat
04:51:04	Login iniciat
04:51:07	Admin nico ha iniciat sesio al sistema
04:52:16	Programa iniciat
04:52:17	Login iniciat
04:52:19	Admin nico ha iniciat sesio al sistema
04:54:05	Programa iniciat
04:54:06	Login iniciat
04:54:11	Admin nico ha iniciat sesio al sistema
05:08:42	Programa iniciat
05:08:43	Login iniciat
05:08:46	Usuari juan ha iniciat sesio al sistema
05:08:47	Usuari{id=2, nom=juan, email=juan@gmail.com, Contrasenya=1234, edat=2003-01-15, Saldo=0.0} esta jugant a la Ruleta
05:09:06	Programa iniciat
05:09:06	Login iniciat
05:09:08	Usuari juan ha iniciat sesio al sistema
05:09:09	Usuari{id=2, nom=juan, email=juan@gmail.com, Contrasenya=1234, edat=2003-01-15, Saldo=0.0} esta jugant a la Ruleta
05:19:56	Programa iniciat
05:19:56	Login iniciat
05:19:59	Usuari juan ha iniciat sesio al sistema
05:20:05	Usuari{id=2, nom=juan, email=juan@gmail.com, Contrasenya=1234, edat=2003-01-15, Saldo=0.0} esta jugant a Blackjack
05:20:05	Usuari{id=2, nom=juan, email=juan@gmail.com, Contrasenya=1234, edat=2003-01-15, Saldo=0.0} esta jugant a Blackjack
05:20:08	Usuari{id=2, nom=juan, email=juan@gmail.com, Contrasenya=1234, edat=2003-01-15, Saldo=0.0} esta jugant al Tragaperras
05:20:23	Programa iniciat
05:20:23	Login iniciat
05:20:25	Usuari juan ha iniciat sesio al sistema
05:21:07	Programa iniciat
05:21:08	Login iniciat
05:21:10	Usuari juan ha iniciat sesio al sistema
05:22:45	Programa iniciat
05:22:46	Login iniciat
05:22:48	Usuari juan ha iniciat sesio al sistema
05:22:49	Usuari{id=2, nom=juan, email=juan@gmail.com, Contrasenya=1234, edat=2003-01-15, Saldo=0.0} esta jugant a la Ruleta
05:23:01	Programa iniciat
05:23:02	Login iniciat
05:23:04	Usuari juan ha iniciat sesio al sistema
05:23:04	Usuari{id=2, nom=juan, email=juan@gmail.com, Contrasenya=1234, edat=2003-01-15, Saldo=0.0} esta jugant a Blackjack
05:23:04	Usuari{id=2, nom=juan, email=juan@gmail.com, Contrasenya=1234, edat=2003-01-15, Saldo=0.0} esta jugant a Blackjack
05:23:08	Usuari{id=2, nom=juan, email=juan@gmail.com, Contrasenya=1234, edat=2003-01-15, Saldo=0.0} esta jugant a la Ruleta
05:24:11	Programa iniciat
05:24:12	Login iniciat
05:24:14	Usuari juan ha iniciat sesio al sistema
05:24:28	Programa iniciat
05:24:29	Login iniciat
05:24:31	Usuari juan ha iniciat sesio al sistema
05:24:32	Usuari{id=2, nom=juan, email=juan@gmail.com, Contrasenya=1234, edat=2003-01-15, Saldo=0.0} esta jugant a la Ruleta
05:27:04	Programa iniciat
05:27:04	Login iniciat
05:27:14	Usuari juan ha iniciat sesio al sistema
05:27:15	Usuari{id=2, nom=juan, email=juan@gmail.com, Contrasenya=1234, edat=2003-01-15, Saldo=0.0} esta jugant a la Ruleta
05:28:10	Programa iniciat
05:28:11	Login iniciat
05:28:13	Usuari juan ha iniciat sesio al sistema
05:28:13	Usuari{id=2, nom=juan, email=juan@gmail.com, Contrasenya=1234, edat=2003-01-15, Saldo=0.0} esta jugant a la Ruleta
05:36:51	Programa iniciat
05:36:51	Login iniciat
05:36:54	Usuari juan ha iniciat sesio al sistema
05:37:56	Programa iniciat
05:37:56	Login iniciat
05:37:58	Usuari juan ha iniciat sesio al sistema
05:37:59	Usuari{id=2, nom=juan, email=juan@gmail.com, Contrasenya=1234, edat=2003-01-15, Saldo=0.0} esta jugant a la Ruleta
05:38:25	Programa iniciat
05:38:26	Login iniciat
05:38:28	Usuari juan ha iniciat sesio al sistema
05:38:29	Usuari{id=2, nom=juan, email=juan@gmail.com, Contrasenya=1234, edat=2003-01-15, Saldo=0.0} esta jugant a la Ruleta
05:39:43	Programa iniciat
05:39:44	Login iniciat
05:39:46	Usuari juan ha iniciat sesio al sistema
05:39:46	Usuari{id=2, nom=juan, email=juan@gmail.com, Contrasenya=1234, edat=2003-01-15, Saldo=0.0} esta jugant a la Ruleta
05:40:05	Programa iniciat
05:40:05	Login iniciat
05:40:07	Usuari juan ha iniciat sesio al sistema
05:40:09	Usuari{id=2, nom=juan, email=juan@gmail.com, Contrasenya=1234, edat=2003-01-15, Saldo=0.0} esta jugant a la Ruleta
05:40:27	Programa iniciat
05:40:28	Login iniciat
05:40:30	Usuari juan ha iniciat sesio al sistema
05:40:30	Usuari{id=2, nom=juan, email=juan@gmail.com, Contrasenya=1234, edat=2003-01-15, Saldo=0.0} esta jugant a la Ruleta
05:42:30	Programa iniciat
05:42:31	Login iniciat
05:42:33	Usuari juan ha iniciat sesio al sistema
05:42:39	Programa iniciat
05:42:39	Login iniciat
05:42:42	Admin marti ha iniciat sesio al sistema
05:47:09	Programa iniciat
05:47:09	Login iniciat
05:47:11	Usuari juan ha iniciat sesio al sistema
05:47:12	Usuari{id=2, nom=juan, email=juan@gmail.com, Contrasenya=1234, edat=2003-01-15, Saldo=1000000.0} esta jugant a la Ruleta
05:47:52	Programa iniciat
05:47:53	Login iniciat
05:47:54	Usuari juan ha iniciat sesio al sistema
05:47:55	Usuari{id=2, nom=juan, email=juan@gmail.com, Contrasenya=1234, edat=2003-01-15, Saldo=1000000.0} esta jugant a la Ruleta
05:48:19	Programa iniciat
05:48:19	Login iniciat
05:48:22	Usuari juan ha iniciat sesio al sistema
05:48:23	Usuari{id=2, nom=juan, email=juan@gmail.com, Contrasenya=1234, edat=2003-01-15, Saldo=1000000.0} esta jugant a la Ruleta
05:49:18	Programa iniciat
05:49:18	Login iniciat
05:49:21	Usuari juan ha iniciat sesio al sistema
05:49:22	Usuari{id=2, nom=juan, email=juan@gmail.com, Contrasenya=1234, edat=2003-01-15, Saldo=1000000.0} esta jugant a la Ruleta
05:50:23	Programa iniciat
05:50:23	Login iniciat
05:50:25	Usuari juan ha iniciat sesio al sistema
05:50:26	Usuari{id=2, nom=juan, email=juan@gmail.com, Contrasenya=1234, edat=2003-01-15, Saldo=1000000.0} esta jugant a la Ruleta
07:43:07	Programa iniciat
07:43:08	Login iniciat
07:43:16	Usuari juan ha iniciat sesio al sistema
07:52:48	Programa iniciat
07:52:48	Login iniciat
07:52:52	Usuari juan ha iniciat sesio al sistema
07:54:05	Usuari{id=2, nom=juan, email=juan@gmail.com, Contrasenya=1234, edat=2003-01-15, Saldo=1000000.0} esta jugant a la Ruleta
07:57:38	Programa iniciat
07:57:39	Login iniciat
07:57:42	Usuari juan ha iniciat sesio al sistema
07:57:58	Programa iniciat
07:57:58	Login iniciat
07:58:01	Usuari juan ha iniciat sesio al sistema
07:58:18	Programa iniciat
07:58:18	Login iniciat
07:58:23	Usuari juan ha iniciat sesio al sistema
07:58:35	Usuari{id=2, nom=juan, email=juan@gmail.com, Contrasenya=1234, edat=2003-01-15, Saldo=1000000.0} esta jugant a Blackjack
07:58:35	Usuari{id=2, nom=juan, email=juan@gmail.com, Contrasenya=1234, edat=2003-01-15, Saldo=1000000.0} esta jugant a Blackjack
07:58:49	Usuari{id=2, nom=juan, email=juan@gmail.com, Contrasenya=1234, edat=2003-01-15, Saldo=995000.0} ha apostat: 5000.0
07:59:06	juan ha demanat carta: 10
07:59:12	juan ha demanat carta: 11
07:59:14	juan es planta amb un total de: 21
07:59:14	Dealer ha tret carta: 6
07:59:14	Dealer ha tret carta: 5
07:59:14	Dealer ha tret carta: 10
07:59:14	Final Blackjack: juan empata. Dealer: 21 - Jugador: 21
07:59:25	Usuari{id=2, nom=juan, email=juan@gmail.com, Contrasenya=1234, edat=2003-01-15, Saldo=995000.0} ha apostat: 5000.0
07:59:26	juan ha demanat carta: 4
07:59:26	juan ha demanat carta: 10
07:59:27	juan ha demanat carta: 7
07:59:28	juan es planta amb un total de: 21
07:59:28	Dealer ha tret carta: 2
07:59:28	Dealer ha tret carta: 6
07:59:28	Dealer ha tret carta: 1
07:59:28	Dealer ha tret carta: 11
07:59:28	Final Blackjack: juan guanya per punts. Dealer: 20 - Jugador: 21
08:02:06	Programa iniciat
08:02:06	Login iniciat
08:02:10	Usuari juan ha iniciat sesio al sistema
08:02:40	Programa iniciat
08:02:40	Login iniciat
08:02:42	Usuari juan ha iniciat sesio al sistema
08:03:12	Programa iniciat
08:03:12	Login iniciat
08:03:18	Usuari juan ha iniciat sesio al sistema
08:08:53	Programa iniciat
08:08:53	Login iniciat
08:08:57	Usuari juan ha iniciat sesio al sistema
08:11:26	Programa iniciat
08:11:26	Login iniciat
08:11:30	Usuari juan ha iniciat sesio al sistema
08:12:31	Programa iniciat
08:12:32	Login iniciat
08:12:34	Usuari juan ha iniciat sesio al sistema
08:13:49	Programa iniciat
08:13:49	Login iniciat
08:13:56	Usuari juan ha iniciat sesio al sistema
08:14:41	Programa iniciat
08:14:42	Login iniciat
08:14:45	Usuari juan ha iniciat sesio al sistema
08:15:18	Programa iniciat
08:15:19	Login iniciat
08:15:22	Usuari juan ha iniciat sesio al sistema
08:15:42	Programa iniciat
08:15:43	Login iniciat
08:15:45	Usuari juan ha iniciat sesio al sistema
08:15:51	Programa iniciat
08:15:51	Login iniciat
08:15:54	Usuari juan ha iniciat sesio al sistema
08:16:00	Usuari{id=2, nom=juan, email=juan@gmail.com, Contrasenya=1234, edat=2003-01-15, Saldo=1005000.0} esta jugant a Blackjack
08:16:00	Usuari{id=2, nom=juan, email=juan@gmail.com, Contrasenya=1234, edat=2003-01-15, Saldo=1005000.0} esta jugant a Blackjack
08:16:39	Programa iniciat
08:16:39	Login iniciat
08:16:50	Programa iniciat
08:16:51	Login iniciat
08:16:53	Usuari juan ha iniciat sesio al sistema
08:17:58	Programa iniciat
08:17:59	Login iniciat
08:18:02	Usuari juan ha iniciat sesio al sistema
08:18:11	Usuari{id=2, nom=juan, email=juan@gmail.com, Contrasenya=1234, edat=2003-01-15, Saldo=1005000.0} esta jugant al Tragaperras
08:18:42	Programa iniciat
08:18:42	Login iniciat
08:18:45	Usuari juan ha iniciat sesio al sistema
08:32:29	Programa iniciat
08:32:29	Login iniciat
08:32:52	Programa iniciat
08:32:52	Login iniciat
08:33:19	Programa iniciat
08:33:20	Login iniciat
08:34:10	Programa iniciat
08:34:11	Login iniciat
08:38:29	Programa iniciat
08:38:30	Login iniciat
08:40:23	Programa iniciat
08:40:23	Login iniciat
08:45:32	Programa iniciat
08:45:32	Login iniciat
08:47:04	Programa iniciat
08:47:04	Login iniciat
08:47:11	Usuari juan ha iniciat sesio al sistema
09:27:46	Programa iniciat
09:27:47	Login iniciat
09:27:49	Usuari juan ha iniciat sesio al sistema
09:30:19	Programa iniciat
09:30:19	Login iniciat
09:30:22	Admin marti ha iniciat sesio al sistema
09:30:34	Admin: Usuari eliminat (ID: 12, Nom: martip)
09:30:35	Admin: Tancant gestió d'usuaris i tornant al menú
09:31:43	Programa iniciat
09:31:44	Login iniciat
09:31:46	Admin marti ha iniciat sesio al sistema
09:33:00	Programa iniciat
09:33:01	Login iniciat
09:33:05	Usuari juan ha iniciat sesio al sistema
09:33:45	Programa iniciat
09:33:46	Login iniciat
09:33:48	Admin marti ha iniciat sesio al sistema
