08:31:45	Programa iniciat
08:31:46	Login iniciat
08:31:50	Usuari juan ha iniciat sesio al sistema
08:31:53	Usuari{id=2, nom=juan, email=juan@gmail.com, Contrasenya=1234, edat=2003-01-15, Saldo=0.0} esta jugant a Blackjack
08:42:39	Programa iniciat
08:42:39	Login iniciat
08:42:42	Usuari juan ha iniciat sesio al sistema
08:55:38	Programa iniciat
08:55:38	Login iniciat
08:55:55	Programa iniciat
08:55:55	Login iniciat
08:55:57	Usuari juan ha iniciat sesio al sistema
08:56:29	Programa iniciat
08:56:29	Login iniciat
08:56:31	Usuari juan ha iniciat sesio al sistema
08:59:13	Programa iniciat
08:59:13	Login iniciat
08:59:16	Usuari juan ha iniciat sesio al sistema
08:59:17	Usuari{id=2, nom=juan, email=juan@gmail.com, Contrasenya=1234, edat=2003-01-15, Saldo=0.0} esta jugant a Blackjack
09:01:59	Programa iniciat
09:02:00	Login iniciat
09:02:02	Usuari juan ha iniciat sesio al sistema
09:03:18	Programa iniciat
09:03:19	Login iniciat
09:03:22	Usuari juan ha iniciat sesio al sistema
09:04:47	Programa iniciat
09:04:47	Login iniciat
09:04:49	Usuari juan ha iniciat sesio al sistema
09:07:35	Programa iniciat
09:07:35	Login iniciat
09:07:38	Usuari juan ha iniciat sesio al sistema
09:09:24	Programa iniciat
09:09:24	Login iniciat
09:09:26	Usuari juan ha iniciat sesio al sistema
09:09:53	Programa iniciat
09:09:53	Login iniciat
09:09:55	Usuari juan ha iniciat sesio al sistema
09:11:28	Programa iniciat
09:11:28	Login iniciat
09:11:30	Usuari juan ha iniciat sesio al sistema
09:12:02	Programa iniciat
09:12:02	Login iniciat
09:12:04	Usuari juan ha iniciat sesio al sistema
09:12:16	Programa iniciat
09:12:16	Login iniciat
09:12:19	Usuari juan ha iniciat sesio al sistema
09:13:39	Programa iniciat
09:13:40	Login iniciat
09:13:42	Usuari juan ha iniciat sesio al sistema
09:16:15	Programa iniciat
09:16:15	Login iniciat
09:16:17	Usuari juan ha iniciat sesio al sistema
09:18:00	Programa iniciat
09:18:01	Login iniciat
09:18:04	Usuari juan ha iniciat sesio al sistema
09:19:56	Programa iniciat
09:19:56	Login iniciat
09:19:58	Usuari juan ha iniciat sesio al sistema
09:20:22	Programa iniciat
09:20:22	Login iniciat
09:21:22	Programa iniciat
09:21:23	Login iniciat
09:21:25	Usuari juan ha iniciat sesio al sistema
09:21:43	Programa iniciat
09:21:44	Login iniciat
09:21:46	Usuari juan ha iniciat sesio al sistema
09:22:48	Programa iniciat
09:22:48	Login iniciat
09:22:50	Usuari juan ha iniciat sesio al sistema
09:22:54	Usuari{id=2, nom=juan, email=juan@gmail.com, Contrasenya=1234, edat=2003-01-15, Saldo=0.0} esta jugant a la Ruleta
09:22:58	Programa iniciat
09:22:59	Login iniciat
09:23:01	Usuari juan ha iniciat sesio al sistema
09:23:59	Programa iniciat
09:23:59	Login iniciat
09:24:01	Usuari juan ha iniciat sesio al sistema
09:24:36	Programa iniciat
09:24:37	Login iniciat
09:24:39	Usuari juan ha iniciat sesio al sistema
09:24:57	Programa iniciat
09:24:57	Login iniciat
09:25:00	Usuari juan ha iniciat sesio al sistema
09:27:26	Programa iniciat
09:27:27	Login iniciat
09:27:30	Usuari juan ha iniciat sesio al sistema
10:08:24	Programa iniciat
10:08:24	Login iniciat
10:08:27	Usuari juan ha iniciat sesio al sistema
10:08:29	Usuari{id=2, nom=juan, email=juan@gmail.com, Contrasenya=1234, edat=2003-01-15, Saldo=1095.0} esta jugant al Tragaperras
10:23:01	Programa iniciat
10:23:01	Login iniciat
10:23:03	Usuari juan ha iniciat sesio al sistema
10:23:05	Usuari{id=2, nom=juan, email=juan@gmail.com, Contrasenya=1234, edat=2003-01-15, Saldo=1075.0} esta jugant al Tragaperras
10:31:06	Programa iniciat
10:31:06	Login iniciat
10:31:08	Usuari juan ha iniciat sesio al sistema
10:31:09	Usuari{id=2, nom=juan, email=juan@gmail.com, Contrasenya=1234, edat=2003-01-15, Saldo=1055.0} esta jugant a Blackjack
10:31:10	Usuari{id=2, nom=juan, email=juan@gmail.com, Contrasenya=1234, edat=2003-01-15, Saldo=1055.0} esta jugant al Tragaperras
10:31:57	Programa iniciat
10:31:57	Login iniciat
10:31:59	Usuari juan ha iniciat sesio al sistema
10:32:00	Usuari{id=2, nom=juan, email=juan@gmail.com, Contrasenya=1234, edat=2003-01-15, Saldo=1035.0} esta jugant al Tragaperras
10:34:43	Programa iniciat
10:34:43	Login iniciat
10:35:02	Programa iniciat
10:35:02	Login iniciat
10:35:04	Usuari juan ha iniciat sesio al sistema
10:35:05	Usuari{id=2, nom=juan, email=juan@gmail.com, Contrasenya=1234, edat=2003-01-15, Saldo=1015.0} esta jugant al Tragaperras
10:37:38	Programa iniciat
10:37:38	Login iniciat
10:37:40	Usuari juan ha iniciat sesio al sistema
10:37:42	Usuari{id=2, nom=juan, email=juan@gmail.com, Contrasenya=1234, edat=2003-01-15, Saldo=995.0} esta jugant al Tragaperras
10:41:12	Programa iniciat
10:41:12	Login iniciat
10:41:14	Usuari juan ha iniciat sesio al sistema
10:41:15	Usuari{id=2, nom=juan, email=juan@gmail.com, Contrasenya=1234, edat=2003-01-15, Saldo=975.0} esta jugant a Blackjack
10:41:17	Usuari{id=2, nom=juan, email=juan@gmail.com, Contrasenya=1234, edat=2003-01-15, Saldo=975.0} esta jugant al Tragaperras
10:42:19	Programa iniciat
10:42:19	Login iniciat
10:42:21	Usuari juan ha iniciat sesio al sistema
10:42:22	Usuari{id=2, nom=juan, email=juan@gmail.com, Contrasenya=1234, edat=2003-01-15, Saldo=975.0} esta jugant al Tragaperras
10:42:24	Usuari{id=2, nom=juan, email=juan@gmail.com, Contrasenya=1234, edat=2003-01-15, Saldo=975.0} esta jugant al Tragaperras
10:44:03	Programa iniciat
10:44:03	Login iniciat
10:44:05	Usuari juan ha iniciat sesio al sistema
10:44:06	Usuari{id=2, nom=juan, email=juan@gmail.com, Contrasenya=1234, edat=2003-01-15, Saldo=975.0} esta jugant al Tragaperras
10:47:11	Programa iniciat
10:47:11	Login iniciat
10:47:14	Usuari juan ha iniciat sesio al sistema
10:47:14	Usuari{id=2, nom=juan, email=juan@gmail.com, Contrasenya=1234, edat=2003-01-15, Saldo=875.0} esta jugant al Tragaperras
10:54:59	Programa iniciat
10:54:59	Login iniciat
10:55:00	Usuari juan ha iniciat sesio al sistema
10:55:02	Usuari{id=2, nom=juan, email=juan@gmail.com, Contrasenya=1234, edat=2003-01-15, Saldo=675.0} esta jugant al Tragaperras
10:56:24	Programa iniciat
10:56:25	Login iniciat
10:56:26	Usuari juan ha iniciat sesio al sistema
10:56:27	Usuari{id=2, nom=juan, email=juan@gmail.com, Contrasenya=1234, edat=2003-01-15, Saldo=675.0} esta jugant a Blackjack
10:56:29	Usuari{id=2, nom=juan, email=juan@gmail.com, Contrasenya=1234, edat=2003-01-15, Saldo=675.0} esta jugant al Tragaperras
10:57:57	Programa iniciat
10:57:58	Login iniciat
10:58:01	Usuari juan ha iniciat sesio al sistema
10:58:02	Usuari{id=2, nom=juan, email=juan@gmail.com, Contrasenya=1234, edat=2003-01-15, Saldo=655.0} esta jugant al Tragaperras
10:58:26	Programa iniciat
10:58:26	Login iniciat
10:58:28	Usuari juan ha iniciat sesio al sistema
10:58:29	Usuari{id=2, nom=juan, email=juan@gmail.com, Contrasenya=1234, edat=2003-01-15, Saldo=555.0} esta jugant a Blackjack
10:58:31	Usuari{id=2, nom=juan, email=juan@gmail.com, Contrasenya=1234, edat=2003-01-15, Saldo=555.0} esta jugant al Tragaperras
10:59:06	Programa iniciat
10:59:06	Login iniciat
10:59:08	Usuari juan ha iniciat sesio al sistema
10:59:09	Usuari{id=2, nom=juan, email=juan@gmail.com, Contrasenya=1234, edat=2003-01-15, Saldo=535.0} esta jugant al Tragaperras
11:00:28	Programa iniciat
11:00:28	Login iniciat
11:00:30	Usuari juan ha iniciat sesio al sistema
11:00:31	Usuari{id=2, nom=juan, email=juan@gmail.com, Contrasenya=1234, edat=2003-01-15, Saldo=515.0} esta jugant al Tragaperras
11:06:58	Programa iniciat
11:06:59	Login iniciat
11:07:00	Usuari juan ha iniciat sesio al sistema
11:07:01	Usuari{id=2, nom=juan, email=juan@gmail.com, Contrasenya=1234, edat=2003-01-15, Saldo=495.0} esta jugant al Tragaperras
11:07:19	Programa iniciat
11:07:19	Login iniciat
11:07:20	Usuari juan ha iniciat sesio al sistema
11:07:21	Usuari{id=2, nom=juan, email=juan@gmail.com, Contrasenya=1234, edat=2003-01-15, Saldo=495.0} esta jugant al Tragaperras
11:09:01	Programa iniciat
11:09:01	Login iniciat
11:09:04	Usuari juan ha iniciat sesio al sistema
11:09:05	Usuari{id=2, nom=juan, email=juan@gmail.com, Contrasenya=1234, edat=2003-01-15, Saldo=495.0} esta jugant al Tragaperras
11:09:38	Programa iniciat
11:09:38	Login iniciat
11:09:40	Usuari juan ha iniciat sesio al sistema
11:09:41	Usuari{id=2, nom=juan, email=juan@gmail.com, Contrasenya=1234, edat=2003-01-15, Saldo=495.0} esta jugant a Blackjack
11:09:43	Usuari{id=2, nom=juan, email=juan@gmail.com, Contrasenya=1234, edat=2003-01-15, Saldo=495.0} esta jugant al Tragaperras
11:09:48	Usuari{id=2, nom=juan, email=juan@gmail.com, Contrasenya=1234, edat=2003-01-15, Saldo=495.0} esta jugant al Tragaperras
11:10:34	Programa iniciat
11:10:34	Login iniciat
11:10:35	Usuari juan ha iniciat sesio al sistema
11:10:36	Usuari{id=2, nom=juan, email=juan@gmail.com, Contrasenya=1234, edat=2003-01-15, Saldo=395.0} esta jugant al Tragaperras
11:17:19	Programa iniciat
11:17:19	Login iniciat
11:17:20	Usuari juan ha iniciat sesio al sistema
11:17:21	Usuari{id=2, nom=juan, email=juan@gmail.com, Contrasenya=1234, edat=2003-01-15, Saldo=375.0} esta jugant al Tragaperras
11:17:42	Programa iniciat
11:17:42	Login iniciat
11:17:43	Usuari juan ha iniciat sesio al sistema
11:17:44	Usuari{id=2, nom=juan, email=juan@gmail.com, Contrasenya=1234, edat=2003-01-15, Saldo=375.0} esta jugant al Tragaperras
11:51:36	Programa iniciat
11:51:37	Login iniciat
11:51:43	Usuari juan ha iniciat sesio al sistema
11:51:44	Usuari{id=2, nom=juan, email=juan@gmail.com, Contrasenya=1234, edat=2003-01-15, Saldo=375.0} esta jugant al Tragaperras
11:52:38	Programa iniciat
11:52:38	Login iniciat
11:52:40	Usuari juan ha iniciat sesio al sistema
11:52:41	Usuari{id=2, nom=juan, email=juan@gmail.com, Contrasenya=1234, edat=2003-01-15, Saldo=355.0} esta jugant al Tragaperras
11:52:47	Usuari{id=2, nom=juan, email=juan@gmail.com, Contrasenya=1234, edat=2003-01-15, Saldo=355.0} esta jugant a Blackjack
