09:48:40	Programa iniciat
09:48:41	Login iniciat
09:54:53	Programa iniciat
09:54:53	Login iniciat
09:56:41	Programa iniciat
09:56:41	Login iniciat
09:56:49	Programa iniciat
09:56:50	Login iniciat
09:59:15	Programa iniciat
09:59:16	Login iniciat
10:00:36	Programa iniciat
10:00:36	Login iniciat
10:01:35	Programa iniciat
10:01:35	Login iniciat
10:01:44	Programa iniciat
10:01:44	Login iniciat
10:02:36	Programa iniciat
10:02:36	Login iniciat
10:03:38	Programa iniciat
10:03:38	Login iniciat
10:04:26	Programa iniciat
10:04:27	Login iniciat
10:05:25	Programa iniciat
10:05:25	Login iniciat
10:05:40	Programa iniciat
10:05:40	Login iniciat
10:11:03	Programa iniciat
10:11:03	Login iniciat
10:14:17	Programa iniciat
10:14:18	Login iniciat
10:14:40	Programa iniciat
10:14:41	Login iniciat
10:14:59	Programa iniciat
10:14:59	Login iniciat
10:15:13	Programa iniciat
10:15:13	Login iniciat
10:16:56	Programa iniciat
10:16:56	Login iniciat
10:22:02	Programa iniciat
10:22:02	Login iniciat
10:25:05	Programa iniciat
10:25:05	Login iniciat
10:26:59	Programa iniciat
10:26:59	Login iniciat
10:27:19	Programa iniciat
10:27:19	Login iniciat
10:27:45	Programa iniciat
10:27:45	Login iniciat
10:30:09	Programa iniciat
10:30:09	Login iniciat
10:30:49	Programa iniciat
10:30:49	Login iniciat
10:30:56	Programa iniciat
10:30:56	Login iniciat
10:31:03	Programa iniciat
10:31:03	Login iniciat
10:33:07	Programa iniciat
10:33:07	Login iniciat
10:34:30	Programa iniciat
10:34:30	Login iniciat
10:35:46	Programa iniciat
10:35:46	Login iniciat
10:36:23	Programa iniciat
10:36:23	Login iniciat
10:37:41	Programa iniciat
10:37:41	Login iniciat
10:38:17	Programa iniciat
10:38:17	Login iniciat
10:45:11	Programa iniciat
10:45:12	Login iniciat
10:45:13	Signup iniciat
10:45:37	Programa iniciat
10:45:38	Login iniciat
10:45:39	Signup iniciat
10:45:54	Programa iniciat
10:45:54	Login iniciat
10:46:22	Programa iniciat
10:46:22	Login iniciat
10:46:24	Signup iniciat
10:46:54	Programa iniciat
10:46:54	Login iniciat
10:46:55	Signup iniciat
10:48:44	Programa iniciat
10:48:44	Login iniciat
10:48:45	Signup iniciat
10:49:05	Programa iniciat
10:49:05	Login iniciat
10:51:43	Programa iniciat
10:51:43	Login iniciat
10:51:44	Signup iniciat
10:52:38	Programa iniciat
10:52:39	Login iniciat
10:52:40	Signup iniciat
10:52:40	Login iniciat
10:52:50	Programa iniciat
10:52:50	Login iniciat
10:52:51	Signup iniciat
10:52:52	Login iniciat
10:52:53	Signup iniciat
10:59:38	Programa iniciat
10:59:38	Login iniciat
11:00:50	Programa iniciat
11:00:50	Login iniciat
11:01:01	Programa iniciat
11:01:02	Login iniciat
11:01:42	Programa iniciat
11:01:42	Login iniciat
11:01:43	Signup iniciat
11:02:14	Programa iniciat
11:02:15	Login iniciat
11:02:16	Signup iniciat
11:02:36	Login iniciat
11:04:42	Programa iniciat
11:04:43	Login iniciat
11:04:44	Signup iniciat
11:05:03	Login iniciat
11:06:00	Programa iniciat
11:06:00	Login iniciat
11:06:01	Signup iniciat
11:06:17	Login iniciat
11:07:44	Programa iniciat
11:07:44	Login iniciat
11:07:56	Signup iniciat
11:08:15	martip ha estat registrat al sistema
11:08:15	Login iniciat
11:08:19	Usuari martip ha iniciat sesio al sistema
11:08:40	Programa iniciat
11:08:40	Login iniciat
11:08:42	Signup iniciat
12:34:49	Programa iniciat
12:34:50	Login iniciat
12:38:17	Programa iniciat
12:38:17	Login iniciat
01:10:55	Programa iniciat
01:10:56	Login iniciat
01:10:59	Usuari juan ha iniciat sesio al sistema
01:18:17	Programa iniciat
01:18:18	Login iniciat
01:18:25	Usuari juan ha iniciat sesio al sistema
01:18:27	Usuari{id=2, nom=juan, email=juan@gmail.com, Contrasenya=1234, edat=2003-01-15, Saldo=0.0} esta jugant a Blackjack
01:18:33	Programa iniciat
01:18:34	Login iniciat
01:18:37	Usuari juan ha iniciat sesio al sistema
01:19:06	Programa iniciat
01:19:07	Login iniciat
01:19:10	Usuari juan ha iniciat sesio al sistema
01:19:50	Programa iniciat
01:19:51	Login iniciat
01:19:53	Usuari juan ha iniciat sesio al sistema
01:19:54	Usuari{id=2, nom=juan, email=juan@gmail.com, Contrasenya=1234, edat=2003-01-15, Saldo=0.0} esta jugant a Blackjack
01:20:40	Programa iniciat
01:20:41	Login iniciat
01:20:44	Usuari juan ha iniciat sesio al sistema
01:21:07	Programa iniciat
01:21:07	Login iniciat
01:21:10	Usuari juan ha iniciat sesio al sistema
01:22:28	Programa iniciat
01:22:29	Login iniciat
01:22:31	Usuari juan ha iniciat sesio al sistema
01:22:41	Usuari{id=2, nom=juan, email=juan@gmail.com, Contrasenya=1234, edat=2003-01-15, Saldo=0.0} esta jugant a Blackjack
01:25:45	Programa iniciat
01:25:46	Login iniciat
01:25:48	Usuari juan ha iniciat sesio al sistema
01:26:22	Programa iniciat
01:26:23	Login iniciat
01:26:25	Usuari juan ha iniciat sesio al sistema
01:30:49	Programa iniciat
01:30:49	Login iniciat
01:30:52	Usuari juan ha iniciat sesio al sistema
01:32:54	Programa iniciat
01:32:55	Login iniciat
01:32:58	Usuari juan ha iniciat sesio al sistema
01:33:00	Usuari{id=2, nom=juan, email=juan@gmail.com, Contrasenya=1234, edat=2003-01-15, Saldo=0.0} esta jugant a la Ruleta
01:33:06	Programa iniciat
01:33:07	Login iniciat
01:33:08	Signup iniciat
01:33:12	Login iniciat
01:33:15	Usuari juan ha iniciat sesio al sistema
01:35:40	Programa iniciat
01:35:40	Login iniciat
01:35:43	Usuari juan ha iniciat sesio al sistema
01:43:32	Programa iniciat
01:43:33	Login iniciat
01:43:36	Usuari juan ha iniciat sesio al sistema
01:43:40	Usuari{id=2, nom=juan, email=juan@gmail.com, Contrasenya=1234, edat=2003-01-15, Saldo=0.0} esta jugant a Blackjack
12:00:09	Programa iniciat
12:00:09	Login iniciat
12:00:12	Usuari juan ha iniciat sesio al sistema
12:00:12	Usuari{id=2, nom=juan, email=juan@gmail.com, Contrasenya=1234, edat=2003-01-15, Saldo=316.0} esta jugant a Blackjack
12:00:34	Programa iniciat
12:00:34	Login iniciat
12:00:36	Usuari juan ha iniciat sesio al sistema
12:00:37	Usuari{id=2, nom=juan, email=juan@gmail.com, Contrasenya=1234, edat=2003-01-15, Saldo=316.0} esta jugant a Blackjack
12:01:16	Programa iniciat
12:01:16	Login iniciat
12:01:18	Usuari juan ha iniciat sesio al sistema
12:01:19	Usuari{id=2, nom=juan, email=juan@gmail.com, Contrasenya=1234, edat=2003-01-15, Saldo=316.0} esta jugant a Blackjack
12:01:42	Programa iniciat
12:01:43	Login iniciat
12:01:44	Usuari juan ha iniciat sesio al sistema
12:01:45	Usuari{id=2, nom=juan, email=juan@gmail.com, Contrasenya=1234, edat=2003-01-15, Saldo=316.0} esta jugant a Blackjack
12:02:26	Programa iniciat
12:02:26	Login iniciat
12:02:28	Usuari juan ha iniciat sesio al sistema
12:02:29	Usuari{id=2, nom=juan, email=juan@gmail.com, Contrasenya=1234, edat=2003-01-15, Saldo=316.0} esta jugant a Blackjack
12:02:47	Programa iniciat
12:02:47	Login iniciat
12:02:50	Usuari juan ha iniciat sesio al sistema
12:02:50	Usuari{id=2, nom=juan, email=juan@gmail.com, Contrasenya=1234, edat=2003-01-15, Saldo=316.0} esta jugant a Blackjack
12:03:12	Programa iniciat
12:03:12	Login iniciat
12:03:18	Usuari juan ha iniciat sesio al sistema
12:03:19	Usuari{id=2, nom=juan, email=juan@gmail.com, Contrasenya=1234, edat=2003-01-15, Saldo=316.0} esta jugant a Blackjack
12:03:31	Programa iniciat
12:03:31	Login iniciat
12:03:33	Usuari juan ha iniciat sesio al sistema
12:03:34	Usuari{id=2, nom=juan, email=juan@gmail.com, Contrasenya=1234, edat=2003-01-15, Saldo=316.0} esta jugant a Blackjack
12:04:00	Programa iniciat
12:04:00	Login iniciat
12:04:02	Usuari juan ha iniciat sesio al sistema
12:04:03	Usuari{id=2, nom=juan, email=juan@gmail.com, Contrasenya=1234, edat=2003-01-15, Saldo=316.0} esta jugant a Blackjack
12:05:03	Programa iniciat
12:05:03	Login iniciat
12:05:05	Usuari juan ha iniciat sesio al sistema
12:05:05	Usuari{id=2, nom=juan, email=juan@gmail.com, Contrasenya=1234, edat=2003-01-15, Saldo=316.0} esta jugant a Blackjack
12:06:52	Programa iniciat
12:06:52	Login iniciat
12:06:54	Usuari juan ha iniciat sesio al sistema
12:06:55	Usuari{id=2, nom=juan, email=juan@gmail.com, Contrasenya=1234, edat=2003-01-15, Saldo=316.0} esta jugant a Blackjack
12:07:16	Programa iniciat
12:07:16	Login iniciat
12:07:18	Usuari juan ha iniciat sesio al sistema
12:07:18	Usuari{id=2, nom=juan, email=juan@gmail.com, Contrasenya=1234, edat=2003-01-15, Saldo=316.0} esta jugant a Blackjack
12:07:33	Programa iniciat
12:07:33	Login iniciat
12:07:34	Usuari juan ha iniciat sesio al sistema
12:07:35	Usuari{id=2, nom=juan, email=juan@gmail.com, Contrasenya=1234, edat=2003-01-15, Saldo=316.0} esta jugant a Blackjack
12:08:59	Programa iniciat
12:08:59	Login iniciat
12:09:01	Usuari juan ha iniciat sesio al sistema
12:09:01	Usuari{id=2, nom=juan, email=juan@gmail.com, Contrasenya=1234, edat=2003-01-15, Saldo=316.0} esta jugant a Blackjack
12:12:24	Programa iniciat
12:12:25	Login iniciat
12:12:26	Usuari juan ha iniciat sesio al sistema
12:12:27	Usuari{id=2, nom=juan, email=juan@gmail.com, Contrasenya=1234, edat=2003-01-15, Saldo=316.0} esta jugant a Blackjack
12:14:56	Programa iniciat
12:14:56	Login iniciat
12:15:10	Programa iniciat
12:15:10	Login iniciat
12:15:11	Usuari juan ha iniciat sesio al sistema
12:15:12	Usuari{id=2, nom=juan, email=juan@gmail.com, Contrasenya=1234, edat=2003-01-15, Saldo=316.0} esta jugant a Blackjack
12:15:57	Programa iniciat
12:15:57	Login iniciat
12:15:59	Usuari juan ha iniciat sesio al sistema
12:15:59	Usuari{id=2, nom=juan, email=juan@gmail.com, Contrasenya=1234, edat=2003-01-15, Saldo=316.0} esta jugant a Blackjack
12:16:24	Programa iniciat
12:16:25	Login iniciat
12:16:26	Usuari juan ha iniciat sesio al sistema
12:16:27	Usuari{id=2, nom=juan, email=juan@gmail.com, Contrasenya=1234, edat=2003-01-15, Saldo=316.0} esta jugant a Blackjack
12:17:39	Programa iniciat
12:17:39	Login iniciat
12:17:41	Usuari juan ha iniciat sesio al sistema
12:17:41	Usuari{id=2, nom=juan, email=juan@gmail.com, Contrasenya=1234, edat=2003-01-15, Saldo=316.0} esta jugant a Blackjack
12:23:49	Programa iniciat
12:23:49	Login iniciat
12:23:53	Usuari juan ha iniciat sesio al sistema
12:23:54	Usuari{id=2, nom=juan, email=juan@gmail.com, Contrasenya=1234, edat=2003-01-15, Saldo=316.0} esta jugant a Blackjack
12:26:47	Programa iniciat
12:26:47	Login iniciat
12:26:49	Usuari juan ha iniciat sesio al sistema
12:26:49	Usuari{id=2, nom=juan, email=juan@gmail.com, Contrasenya=1234, edat=2003-01-15, Saldo=316.0} esta jugant a Blackjack
12:27:17	Programa iniciat
12:27:17	Login iniciat
12:27:19	Usuari juan ha iniciat sesio al sistema
12:27:20	Usuari{id=2, nom=juan, email=juan@gmail.com, Contrasenya=1234, edat=2003-01-15, Saldo=316.0} esta jugant a Blackjack
12:29:59	Programa iniciat
12:29:59	Login iniciat
12:30:01	Usuari juan ha iniciat sesio al sistema
12:30:02	Usuari{id=2, nom=juan, email=juan@gmail.com, Contrasenya=1234, edat=2003-01-15, Saldo=316.0} esta jugant a Blackjack
12:30:49	Programa iniciat
12:30:49	Login iniciat
12:30:51	Usuari juan ha iniciat sesio al sistema
12:30:52	Usuari{id=2, nom=juan, email=juan@gmail.com, Contrasenya=1234, edat=2003-01-15, Saldo=316.0} esta jugant a Blackjack
12:32:12	Programa iniciat
12:32:12	Login iniciat
12:32:14	Usuari juan ha iniciat sesio al sistema
12:32:15	Usuari{id=2, nom=juan, email=juan@gmail.com, Contrasenya=1234, edat=2003-01-15, Saldo=316.0} esta jugant a Blackjack
12:32:34	Programa iniciat
12:32:34	Login iniciat
12:32:39	Usuari juan ha iniciat sesio al sistema
12:32:40	Usuari{id=2, nom=juan, email=juan@gmail.com, Contrasenya=1234, edat=2003-01-15, Saldo=316.0} esta jugant a Blackjack
12:33:34	Programa iniciat
12:33:34	Login iniciat
12:33:37	Usuari juan ha iniciat sesio al sistema
12:33:37	Usuari{id=2, nom=juan, email=juan@gmail.com, Contrasenya=1234, edat=2003-01-15, Saldo=316.0} esta jugant a Blackjack
12:33:59	Programa iniciat
12:33:59	Login iniciat
12:34:01	Usuari juan ha iniciat sesio al sistema
12:34:01	Usuari{id=2, nom=juan, email=juan@gmail.com, Contrasenya=1234, edat=2003-01-15, Saldo=316.0} esta jugant a Blackjack
12:34:21	Programa iniciat
12:34:21	Login iniciat
12:34:26	Usuari juan ha iniciat sesio al sistema
12:34:27	Usuari{id=2, nom=juan, email=juan@gmail.com, Contrasenya=1234, edat=2003-01-15, Saldo=316.0} esta jugant a Blackjack
12:36:27	Programa iniciat
12:36:27	Login iniciat
12:36:29	Usuari juan ha iniciat sesio al sistema
12:36:29	Usuari{id=2, nom=juan, email=juan@gmail.com, Contrasenya=1234, edat=2003-01-15, Saldo=316.0} esta jugant a Blackjack
12:36:46	Programa iniciat
12:36:46	Login iniciat
12:36:48	Usuari juan ha iniciat sesio al sistema
12:36:48	Usuari{id=2, nom=juan, email=juan@gmail.com, Contrasenya=1234, edat=2003-01-15, Saldo=316.0} esta jugant a Blackjack
12:38:26	Programa iniciat
12:38:26	Login iniciat
12:38:28	Usuari juan ha iniciat sesio al sistema
12:38:29	Usuari{id=2, nom=juan, email=juan@gmail.com, Contrasenya=1234, edat=2003-01-15, Saldo=316.0} esta jugant a Blackjack
12:39:57	Programa iniciat
12:39:57	Login iniciat
12:40:00	Usuari juan ha iniciat sesio al sistema
12:40:00	Usuari{id=2, nom=juan, email=juan@gmail.com, Contrasenya=1234, edat=2003-01-15, Saldo=316.0} esta jugant a Blackjack
12:42:46	Programa iniciat
12:42:46	Login iniciat
12:42:48	Usuari juan ha iniciat sesio al sistema
12:42:49	Usuari{id=2, nom=juan, email=juan@gmail.com, Contrasenya=1234, edat=2003-01-15, Saldo=316.0} esta jugant a Blackjack
12:43:06	Programa iniciat
12:43:06	Login iniciat
12:43:08	Usuari juan ha iniciat sesio al sistema
12:43:09	Usuari{id=2, nom=juan, email=juan@gmail.com, Contrasenya=1234, edat=2003-01-15, Saldo=316.0} esta jugant a Blackjack
12:44:08	Programa iniciat
12:44:08	Login iniciat
12:44:10	Usuari juan ha iniciat sesio al sistema
12:44:11	Usuari{id=2, nom=juan, email=juan@gmail.com, Contrasenya=1234, edat=2003-01-15, Saldo=316.0} esta jugant a Blackjack
12:44:42	Programa iniciat
12:44:42	Login iniciat
12:44:44	Usuari juan ha iniciat sesio al sistema
12:44:45	Usuari{id=2, nom=juan, email=juan@gmail.com, Contrasenya=1234, edat=2003-01-15, Saldo=316.0} esta jugant a Blackjack
12:44:56	Programa iniciat
12:44:56	Login iniciat
12:45:02	Admin nico ha iniciat sesio al sistema
12:45:19	Programa iniciat
12:45:19	Login iniciat
12:45:21	Usuari juan ha iniciat sesio al sistema
12:45:25	Programa iniciat
12:45:25	Login iniciat
12:45:28	Admin nico ha iniciat sesio al sistema
12:45:39	Programa iniciat
12:45:39	Login iniciat
12:45:41	Usuari juan ha iniciat sesio al sistema
12:45:42	Usuari{id=2, nom=juan, email=juan@gmail.com, Contrasenya=1234, edat=2003-01-15, Saldo=31006.0} esta jugant a Blackjack
12:49:54	Programa iniciat
12:49:54	Login iniciat
12:49:57	Usuari juan ha iniciat sesio al sistema
12:49:58	Usuari{id=2, nom=juan, email=juan@gmail.com, Contrasenya=1234, edat=2003-01-15, Saldo=31006.0} esta jugant a Blackjack
12:52:14	Programa iniciat
12:52:14	Login iniciat
12:52:16	Usuari juan ha iniciat sesio al sistema
12:52:16	Usuari{id=2, nom=juan, email=juan@gmail.com, Contrasenya=1234, edat=2003-01-15, Saldo=31006.0} esta jugant a Blackjack
12:53:24	Programa iniciat
12:53:24	Login iniciat
12:53:26	Usuari juan ha iniciat sesio al sistema
12:53:27	Usuari{id=2, nom=juan, email=juan@gmail.com, Contrasenya=1234, edat=2003-01-15, Saldo=31006.0} esta jugant a Blackjack
12:53:38	Programa iniciat
12:53:38	Login iniciat
12:53:40	Usuari juan ha iniciat sesio al sistema
12:53:40	Usuari{id=2, nom=juan, email=juan@gmail.com, Contrasenya=1234, edat=2003-01-15, Saldo=31006.0} esta jugant a Blackjack
12:53:54	Programa iniciat
12:53:54	Login iniciat
12:53:56	Usuari juan ha iniciat sesio al sistema
12:53:56	Usuari{id=2, nom=juan, email=juan@gmail.com, Contrasenya=1234, edat=2003-01-15, Saldo=31006.0} esta jugant a Blackjack
12:54:06	Programa iniciat
12:54:06	Login iniciat
12:54:07	Usuari juan ha iniciat sesio al sistema
12:54:09	Usuari{id=2, nom=juan, email=juan@gmail.com, Contrasenya=1234, edat=2003-01-15, Saldo=31006.0} esta jugant a Blackjack
12:55:08	Programa iniciat
12:55:08	Login iniciat
12:55:11	Usuari juan ha iniciat sesio al sistema
12:55:12	Usuari{id=2, nom=juan, email=juan@gmail.com, Contrasenya=1234, edat=2003-01-15, Saldo=31006.0} esta jugant a Blackjack
12:56:02	Programa iniciat
12:56:02	Login iniciat
12:56:04	Usuari juan ha iniciat sesio al sistema
12:56:05	Usuari{id=2, nom=juan, email=juan@gmail.com, Contrasenya=1234, edat=2003-01-15, Saldo=31006.0} esta jugant a Blackjack
12:57:23	Programa iniciat
12:57:23	Login iniciat
12:57:25	Usuari juan ha iniciat sesio al sistema
12:57:37	Programa iniciat
12:57:37	Login iniciat
12:57:39	Usuari juan ha iniciat sesio al sistema
12:57:39	Usuari{id=2, nom=juan, email=juan@gmail.com, Contrasenya=1234, edat=2003-01-15, Saldo=31006.0} esta jugant a Blackjack
12:58:28	Programa iniciat
12:58:28	Login iniciat
12:58:31	Usuari juan ha iniciat sesio al sistema
12:58:31	Usuari{id=2, nom=juan, email=juan@gmail.com, Contrasenya=1234, edat=2003-01-15, Saldo=31006.0} esta jugant a Blackjack
12:58:56	Programa iniciat
12:58:56	Login iniciat
12:58:58	Usuari juan ha iniciat sesio al sistema
12:58:59	Usuari{id=2, nom=juan, email=juan@gmail.com, Contrasenya=1234, edat=2003-01-15, Saldo=31006.0} esta jugant a Blackjack
12:59:17	Programa iniciat
12:59:17	Login iniciat
12:59:19	Usuari juan ha iniciat sesio al sistema
12:59:20	Usuari{id=2, nom=juan, email=juan@gmail.com, Contrasenya=1234, edat=2003-01-15, Saldo=31006.0} esta jugant a Blackjack
01:00:05	Programa iniciat
01:00:05	Login iniciat
01:00:07	Usuari juan ha iniciat sesio al sistema
01:00:07	Usuari{id=2, nom=juan, email=juan@gmail.com, Contrasenya=1234, edat=2003-01-15, Saldo=31006.0} esta jugant a Blackjack
01:00:24	Programa iniciat
01:00:24	Login iniciat
01:00:26	Usuari juan ha iniciat sesio al sistema
01:00:26	Usuari{id=2, nom=juan, email=juan@gmail.com, Contrasenya=1234, edat=2003-01-15, Saldo=31006.0} esta jugant a Blackjack
01:01:14	Programa iniciat
01:01:14	Login iniciat
01:01:22	Usuari juan ha iniciat sesio al sistema
01:01:22	Usuari{id=2, nom=juan, email=juan@gmail.com, Contrasenya=1234, edat=2003-01-15, Saldo=31006.0} esta jugant a Blackjack
09:18:03	Programa iniciat
09:18:04	Login iniciat
09:18:06	Usuari juan ha iniciat sesio al sistema
09:18:07	Usuari{id=2, nom=juan, email=juan@gmail.com, Contrasenya=1234, edat=2003-01-15, Saldo=31006.0} esta jugant a Blackjack
09:18:19	Usuari{id=2, nom=juan, email=juan@gmail.com, Contrasenya=1234, edat=2003-01-15, Saldo=31005.0} ha apostat: 1.0
09:20:01	Programa iniciat
09:20:02	Login iniciat
09:20:04	Usuari juan ha iniciat sesio al sistema
09:20:05	Usuari{id=2, nom=juan, email=juan@gmail.com, Contrasenya=1234, edat=2003-01-15, Saldo=31005.0} esta jugant a Blackjack
09:20:08	Usuari{id=2, nom=juan, email=juan@gmail.com, Contrasenya=1234, edat=2003-01-15, Saldo=31004.0} ha apostat: 1.0
09:20:28	Programa iniciat
09:20:29	Login iniciat
09:20:31	Usuari juan ha iniciat sesio al sistema
09:20:32	Usuari{id=2, nom=juan, email=juan@gmail.com, Contrasenya=1234, edat=2003-01-15, Saldo=31004.0} esta jugant a Blackjack
09:20:34	Usuari{id=2, nom=juan, email=juan@gmail.com, Contrasenya=1234, edat=2003-01-15, Saldo=31003.0} ha apostat: 1.0
09:22:15	Programa iniciat
09:22:15	Login iniciat
09:22:18	Usuari juan ha iniciat sesio al sistema
09:22:18	Usuari{id=2, nom=juan, email=juan@gmail.com, Contrasenya=1234, edat=2003-01-15, Saldo=31003.0} esta jugant a Blackjack
09:22:21	Usuari{id=2, nom=juan, email=juan@gmail.com, Contrasenya=1234, edat=2003-01-15, Saldo=31002.0} ha apostat: 1.0
09:23:22	Programa iniciat
09:23:22	Login iniciat
09:23:24	Usuari juan ha iniciat sesio al sistema
09:23:25	Usuari{id=2, nom=juan, email=juan@gmail.com, Contrasenya=1234, edat=2003-01-15, Saldo=31002.0} esta jugant a Blackjack
09:23:28	Usuari{id=2, nom=juan, email=juan@gmail.com, Contrasenya=1234, edat=2003-01-15, Saldo=31001.0} ha apostat: 1.0
09:24:30	Programa iniciat
09:24:30	Login iniciat
09:24:32	Usuari juan ha iniciat sesio al sistema
09:24:32	Usuari{id=2, nom=juan, email=juan@gmail.com, Contrasenya=1234, edat=2003-01-15, Saldo=31003.0} esta jugant a Blackjack
09:24:35	Usuari{id=2, nom=juan, email=juan@gmail.com, Contrasenya=1234, edat=2003-01-15, Saldo=31002.0} ha apostat: 1.0
09:26:01	Programa iniciat
09:26:01	Login iniciat
09:26:03	Usuari juan ha iniciat sesio al sistema
09:26:04	Usuari{id=2, nom=juan, email=juan@gmail.com, Contrasenya=1234, edat=2003-01-15, Saldo=31004.0} esta jugant a Blackjack
09:26:06	Usuari{id=2, nom=juan, email=juan@gmail.com, Contrasenya=1234, edat=2003-01-15, Saldo=31003.0} ha apostat: 1.0
09:27:12	Programa iniciat
09:27:13	Login iniciat
09:27:16	Usuari juan ha iniciat sesio al sistema
09:27:17	Usuari{id=2, nom=juan, email=juan@gmail.com, Contrasenya=1234, edat=2003-01-15, Saldo=31003.0} esta jugant a Blackjack
09:27:19	Usuari{id=2, nom=juan, email=juan@gmail.com, Contrasenya=1234, edat=2003-01-15, Saldo=31002.0} ha apostat: 1.0
09:27:42	Programa iniciat
09:27:42	Login iniciat
09:27:46	Usuari juan ha iniciat sesio al sistema
09:27:47	Usuari{id=2, nom=juan, email=juan@gmail.com, Contrasenya=1234, edat=2003-01-15, Saldo=31002.0} esta jugant a Blackjack
09:27:48	Usuari{id=2, nom=juan, email=juan@gmail.com, Contrasenya=1234, edat=2003-01-15, Saldo=31001.0} ha apostat: 1.0
09:28:38	Programa iniciat
09:28:38	Login iniciat
09:28:40	Usuari juan ha iniciat sesio al sistema
09:28:41	Usuari{id=2, nom=juan, email=juan@gmail.com, Contrasenya=1234, edat=2003-01-15, Saldo=31003.0} esta jugant a Blackjack
09:28:45	Usuari{id=2, nom=juan, email=juan@gmail.com, Contrasenya=1234, edat=2003-01-15, Saldo=31002.0} ha apostat: 1.0
09:29:02	Programa iniciat
09:29:02	Login iniciat
09:29:04	Usuari juan ha iniciat sesio al sistema
09:29:04	Usuari{id=2, nom=juan, email=juan@gmail.com, Contrasenya=1234, edat=2003-01-15, Saldo=31002.0} esta jugant a Blackjack
09:29:16	Programa iniciat
09:29:16	Login iniciat
09:29:18	Usuari juan ha iniciat sesio al sistema
09:29:19	Usuari{id=2, nom=juan, email=juan@gmail.com, Contrasenya=1234, edat=2003-01-15, Saldo=31002.0} esta jugant a Blackjack
09:29:50	Programa iniciat
09:29:50	Login iniciat
09:29:54	Usuari juan ha iniciat sesio al sistema
09:29:56	Usuari{id=2, nom=juan, email=juan@gmail.com, Contrasenya=1234, edat=2003-01-15, Saldo=31002.0} esta jugant a Blackjack
09:30:05	Usuari{id=2, nom=juan, email=juan@gmail.com, Contrasenya=1234, edat=2003-01-15, Saldo=31001.0} ha apostat: 1.0
09:40:37	Programa iniciat
09:40:37	Login iniciat
09:40:40	Usuari juan ha iniciat sesio al sistema
09:40:41	Usuari{id=2, nom=juan, email=juan@gmail.com, Contrasenya=1234, edat=2003-01-15, Saldo=31001.0} esta jugant a Blackjack
09:42:22	Programa iniciat
09:42:23	Login iniciat
09:42:25	Usuari juan ha iniciat sesio al sistema
09:42:26	Usuari{id=2, nom=juan, email=juan@gmail.com, Contrasenya=1234, edat=2003-01-15, Saldo=31001.0} esta jugant a Blackjack
09:42:31	Usuari{id=2, nom=juan, email=juan@gmail.com, Contrasenya=1234, edat=2003-01-15, Saldo=31000.0} ha apostat: 1.0
09:43:20	Programa iniciat
09:43:20	Login iniciat
09:43:23	Usuari juan ha iniciat sesio al sistema
09:43:23	Usuari{id=2, nom=juan, email=juan@gmail.com, Contrasenya=1234, edat=2003-01-15, Saldo=31002.0} esta jugant a Blackjack
09:43:44	Programa iniciat
09:43:44	Login iniciat
09:43:46	Usuari juan ha iniciat sesio al sistema
09:43:47	Usuari{id=2, nom=juan, email=juan@gmail.com, Contrasenya=1234, edat=2003-01-15, Saldo=31002.0} esta jugant a Blackjack
09:46:37	Programa iniciat
09:46:37	Login iniciat
09:46:39	Usuari juan ha iniciat sesio al sistema
09:46:39	Usuari{id=2, nom=juan, email=juan@gmail.com, Contrasenya=1234, edat=2003-01-15, Saldo=31002.0} esta jugant a Blackjack
09:47:32	Programa iniciat
09:47:32	Login iniciat
09:47:36	Usuari juan ha iniciat sesio al sistema
09:47:37	Usuari{id=2, nom=juan, email=juan@gmail.com, Contrasenya=1234, edat=2003-01-15, Saldo=31002.0} esta jugant a Blackjack
09:47:43	Usuari{id=2, nom=juan, email=juan@gmail.com, Contrasenya=1234, edat=2003-01-15, Saldo=31001.0} ha apostat: 1.0
09:49:10	Programa iniciat
09:49:10	Login iniciat
09:49:12	Usuari juan ha iniciat sesio al sistema
09:49:12	Usuari{id=2, nom=juan, email=juan@gmail.com, Contrasenya=1234, edat=2003-01-15, Saldo=31001.0} esta jugant a Blackjack
09:50:17	Programa iniciat
09:50:17	Login iniciat
09:50:20	Usuari juan ha iniciat sesio al sistema
09:50:21	Usuari{id=2, nom=juan, email=juan@gmail.com, Contrasenya=1234, edat=2003-01-15, Saldo=31001.0} esta jugant a Blackjack
09:50:47	Programa iniciat
09:50:48	Login iniciat
09:50:54	Usuari juan ha iniciat sesio al sistema
09:50:55	Usuari{id=2, nom=juan, email=juan@gmail.com, Contrasenya=1234, edat=2003-01-15, Saldo=31001.0} esta jugant a Blackjack
09:50:58	Usuari{id=2, nom=juan, email=juan@gmail.com, Contrasenya=1234, edat=2003-01-15, Saldo=31000.0} ha apostat: 1.0
09:53:44	Programa iniciat
09:53:44	Login iniciat
09:53:51	Usuari juan ha iniciat sesio al sistema
09:53:52	Usuari{id=2, nom=juan, email=juan@gmail.com, Contrasenya=1234, edat=2003-01-15, Saldo=31000.0} esta jugant a Blackjack
09:54:41	Programa iniciat
09:54:41	Login iniciat
09:54:47	Usuari juan ha iniciat sesio al sistema
09:54:48	Usuari{id=2, nom=juan, email=juan@gmail.com, Contrasenya=1234, edat=2003-01-15, Saldo=31000.0} esta jugant a Blackjack
10:04:03	Programa iniciat
10:04:03	Login iniciat
10:04:05	Usuari juan ha iniciat sesio al sistema
10:04:05	Usuari{id=2, nom=juan, email=juan@gmail.com, Contrasenya=1234, edat=2003-01-15, Saldo=31000.0} esta jugant a Blackjack
10:08:20	Programa iniciat
10:08:20	Login iniciat
10:08:25	Usuari juan ha iniciat sesio al sistema
10:08:27	Usuari{id=2, nom=juan, email=juan@gmail.com, Contrasenya=1234, edat=2003-01-15, Saldo=31000.0} esta jugant a Blackjack
10:08:33	Usuari{id=2, nom=juan, email=juan@gmail.com, Contrasenya=1234, edat=2003-01-15, Saldo=30999.0} ha apostat: 1.0
10:10:55	Programa iniciat
10:10:55	Login iniciat
10:10:58	Usuari juan ha iniciat sesio al sistema
10:10:58	Usuari{id=2, nom=juan, email=juan@gmail.com, Contrasenya=1234, edat=2003-01-15, Saldo=30999.0} esta jugant a Blackjack
10:11:01	Usuari{id=2, nom=juan, email=juan@gmail.com, Contrasenya=1234, edat=2003-01-15, Saldo=30999.0} esta jugant a Blackjack
10:11:03	Usuari{id=2, nom=juan, email=juan@gmail.com, Contrasenya=1234, edat=2003-01-15, Saldo=30999.0} esta jugant a la Ruleta
10:11:26	Programa iniciat
10:11:26	Login iniciat
10:11:30	Usuari juan ha iniciat sesio al sistema
10:11:31	Usuari{id=2, nom=juan, email=juan@gmail.com, Contrasenya=1234, edat=2003-01-15, Saldo=30999.0} esta jugant a Blackjack
10:13:56	Programa iniciat
10:13:56	Login iniciat
10:13:59	Usuari juan ha iniciat sesio al sistema
10:14:12	Programa iniciat
10:14:12	Login iniciat
10:14:14	Usuari juan ha iniciat sesio al sistema
10:14:14	Usuari{id=2, nom=juan, email=juan@gmail.com, Contrasenya=1234, edat=2003-01-15, Saldo=30999.0} esta jugant a Blackjack
10:15:55	Programa iniciat
10:15:55	Login iniciat
10:15:57	Usuari juan ha iniciat sesio al sistema
10:15:58	Usuari{id=2, nom=juan, email=juan@gmail.com, Contrasenya=1234, edat=2003-01-15, Saldo=30999.0} esta jugant a Blackjack
10:16:15	Programa iniciat
10:16:15	Login iniciat
10:16:20	Programa iniciat
10:16:20	Login iniciat
10:16:22	Usuari juan ha iniciat sesio al sistema
10:16:23	Usuari{id=2, nom=juan, email=juan@gmail.com, Contrasenya=1234, edat=2003-01-15, Saldo=30999.0} esta jugant a Blackjack
10:16:41	Programa iniciat
10:16:41	Login iniciat
10:16:49	Usuari juan ha iniciat sesio al sistema
10:16:50	Usuari{id=2, nom=juan, email=juan@gmail.com, Contrasenya=1234, edat=2003-01-15, Saldo=30999.0} esta jugant a Blackjack
10:17:44	Programa iniciat
10:17:45	Login iniciat
10:17:46	Usuari juan ha iniciat sesio al sistema
10:17:47	Usuari{id=2, nom=juan, email=juan@gmail.com, Contrasenya=1234, edat=2003-01-15, Saldo=30999.0} esta jugant a Blackjack
10:18:01	Usuari{id=2, nom=juan, email=juan@gmail.com, Contrasenya=1234, edat=2003-01-15, Saldo=30999.0} esta jugant a Blackjack
10:18:02	Usuari{id=2, nom=juan, email=juan@gmail.com, Contrasenya=1234, edat=2003-01-15, Saldo=30999.0} esta jugant a Blackjack
10:19:50	Programa iniciat
10:19:50	Login iniciat
10:19:52	Usuari juan ha iniciat sesio al sistema
10:19:53	Usuari{id=2, nom=juan, email=juan@gmail.com, Contrasenya=1234, edat=2003-01-15, Saldo=30999.0} esta jugant a Blackjack
10:20:17	Programa iniciat
10:20:17	Login iniciat
10:20:19	Usuari juan ha iniciat sesio al sistema
10:20:20	Usuari{id=2, nom=juan, email=juan@gmail.com, Contrasenya=1234, edat=2003-01-15, Saldo=30999.0} esta jugant a Blackjack
10:20:27	Usuari{id=2, nom=juan, email=juan@gmail.com, Contrasenya=1234, edat=2003-01-15, Saldo=30998.0} ha apostat: 1.0
10:21:38	Programa iniciat
10:21:38	Login iniciat
10:21:40	Usuari juan ha iniciat sesio al sistema
10:21:40	Usuari{id=2, nom=juan, email=juan@gmail.com, Contrasenya=1234, edat=2003-01-15, Saldo=31000.0} esta jugant a Blackjack
10:21:47	Usuari{id=2, nom=juan, email=juan@gmail.com, Contrasenya=1234, edat=2003-01-15, Saldo=30999.0} ha apostat: 1.0
10:23:00	Programa iniciat
10:23:00	Login iniciat
10:23:02	Usuari juan ha iniciat sesio al sistema
10:23:03	Usuari{id=2, nom=juan, email=juan@gmail.com, Contrasenya=1234, edat=2003-01-15, Saldo=30999.0} esta jugant a Blackjack
10:23:05	Usuari{id=2, nom=juan, email=juan@gmail.com, Contrasenya=1234, edat=2003-01-15, Saldo=30999.0} esta jugant a Blackjack
10:23:07	Usuari{id=2, nom=juan, email=juan@gmail.com, Contrasenya=1234, edat=2003-01-15, Saldo=30998.0} ha apostat: 1.0
10:23:51	Programa iniciat
10:23:51	Login iniciat
10:23:53	Usuari juan ha iniciat sesio al sistema
10:23:54	Usuari{id=2, nom=juan, email=juan@gmail.com, Contrasenya=1234, edat=2003-01-15, Saldo=30998.0} esta jugant a Blackjack
10:24:08	Programa iniciat
10:24:08	Login iniciat
10:24:09	Usuari juan ha iniciat sesio al sistema
10:24:10	Usuari{id=2, nom=juan, email=juan@gmail.com, Contrasenya=1234, edat=2003-01-15, Saldo=30998.0} esta jugant a Blackjack
10:24:43	Programa iniciat
10:24:44	Login iniciat
10:24:46	Usuari juan ha iniciat sesio al sistema
10:24:46	Usuari{id=2, nom=juan, email=juan@gmail.com, Contrasenya=1234, edat=2003-01-15, Saldo=30998.0} esta jugant a Blackjack
10:24:51	Usuari{id=2, nom=juan, email=juan@gmail.com, Contrasenya=1234, edat=2003-01-15, Saldo=30998.0} esta jugant a Blackjack
10:24:56	Usuari{id=2, nom=juan, email=juan@gmail.com, Contrasenya=1234, edat=2003-01-15, Saldo=29764.0} ha apostat: 1234.0
10:26:00	Programa iniciat
10:26:00	Login iniciat
10:26:03	Usuari juan ha iniciat sesio al sistema
10:26:04	Usuari{id=2, nom=juan, email=juan@gmail.com, Contrasenya=1234, edat=2003-01-15, Saldo=29764.0} esta jugant a Blackjack
10:26:07	Usuari{id=2, nom=juan, email=juan@gmail.com, Contrasenya=1234, edat=2003-01-15, Saldo=29763.0} ha apostat: 1.0
10:26:25	Usuari{id=2, nom=juan, email=juan@gmail.com, Contrasenya=1234, edat=2003-01-15, Saldo=29765.0} esta jugant a Blackjack
10:27:34	Programa iniciat
10:27:34	Login iniciat
10:27:36	Usuari juan ha iniciat sesio al sistema
10:27:37	Usuari{id=2, nom=juan, email=juan@gmail.com, Contrasenya=1234, edat=2003-01-15, Saldo=29765.0} esta jugant a Blackjack
10:27:38	Usuari{id=2, nom=juan, email=juan@gmail.com, Contrasenya=1234, edat=2003-01-15, Saldo=29764.0} ha apostat: 1.0
10:27:52	Usuari{id=2, nom=juan, email=juan@gmail.com, Contrasenya=1234, edat=2003-01-15, Saldo=29766.0} esta jugant a Blackjack
10:29:20	Programa iniciat
10:29:20	Login iniciat
10:29:23	Usuari juan ha iniciat sesio al sistema
10:29:23	Usuari{id=2, nom=juan, email=juan@gmail.com, Contrasenya=1234, edat=2003-01-15, Saldo=29766.0} esta jugant a Blackjack
10:29:25	Usuari{id=2, nom=juan, email=juan@gmail.com, Contrasenya=1234, edat=2003-01-15, Saldo=29765.0} ha apostat: 1.0
10:29:34	Usuari{id=2, nom=juan, email=juan@gmail.com, Contrasenya=1234, edat=2003-01-15, Saldo=29764.0} ha apostat: 1.0
10:30:28	Usuari{id=2, nom=juan, email=juan@gmail.com, Contrasenya=1234, edat=2003-01-15, Saldo=29764.0} esta jugant a Blackjack
10:30:34	Usuari{id=2, nom=juan, email=juan@gmail.com, Contrasenya=1234, edat=2003-01-15, Saldo=29742.0} ha apostat: 22.0
10:33:36	Programa iniciat
10:33:36	Login iniciat
10:33:40	Usuari juan ha iniciat sesio al sistema
10:33:42	Usuari{id=2, nom=juan, email=juan@gmail.com, Contrasenya=1234, edat=2003-01-15, Saldo=29742.0} esta jugant a Blackjack
10:33:47	Usuari{id=2, nom=juan, email=juan@gmail.com, Contrasenya=1234, edat=2003-01-15, Saldo=29741.0} ha apostat: 1.0
10:39:06	Programa iniciat
10:39:06	Login iniciat
10:39:13	Usuari juan ha iniciat sesio al sistema
10:39:14	Usuari{id=2, nom=juan, email=juan@gmail.com, Contrasenya=1234, edat=2003-01-15, Saldo=29741.0} esta jugant a Blackjack
10:39:17	Usuari{id=2, nom=juan, email=juan@gmail.com, Contrasenya=1234, edat=2003-01-15, Saldo=29740.0} ha apostat: 1.0
10:40:35	Programa iniciat
10:40:35	Login iniciat
10:40:37	Usuari juan ha iniciat sesio al sistema
10:40:37	Usuari{id=2, nom=juan, email=juan@gmail.com, Contrasenya=1234, edat=2003-01-15, Saldo=29740.0} esta jugant a Blackjack
10:40:41	Usuari{id=2, nom=juan, email=juan@gmail.com, Contrasenya=1234, edat=2003-01-15, Saldo=29739.0} ha apostat: 1.0
10:41:47	Programa iniciat
10:41:47	Login iniciat
10:41:49	Usuari juan ha iniciat sesio al sistema
10:41:49	Usuari{id=2, nom=juan, email=juan@gmail.com, Contrasenya=1234, edat=2003-01-15, Saldo=29739.0} esta jugant a Blackjack
10:43:23	Programa iniciat
10:43:23	Login iniciat
10:43:25	Usuari juan ha iniciat sesio al sistema
10:43:25	Usuari{id=2, nom=juan, email=juan@gmail.com, Contrasenya=1234, edat=2003-01-15, Saldo=29739.0} esta jugant a Blackjack
10:44:14	Programa iniciat
10:44:14	Login iniciat
10:44:18	Usuari juan ha iniciat sesio al sistema
10:44:19	Usuari{id=2, nom=juan, email=juan@gmail.com, Contrasenya=1234, edat=2003-01-15, Saldo=29739.0} esta jugant a Blackjack
10:44:21	Usuari{id=2, nom=juan, email=juan@gmail.com, Contrasenya=1234, edat=2003-01-15, Saldo=29738.0} ha apostat: 1.0
10:45:00	Programa iniciat
10:45:00	Login iniciat
10:45:02	Usuari juan ha iniciat sesio al sistema
10:45:02	Usuari{id=2, nom=juan, email=juan@gmail.com, Contrasenya=1234, edat=2003-01-15, Saldo=29738.0} esta jugant a Blackjack
10:45:04	Usuari{id=2, nom=juan, email=juan@gmail.com, Contrasenya=1234, edat=2003-01-15, Saldo=29737.0} ha apostat: 1.0
10:45:38	Programa iniciat
10:45:39	Login iniciat
10:45:44	Usuari juan ha iniciat sesio al sistema
10:45:45	Usuari{id=2, nom=juan, email=juan@gmail.com, Contrasenya=1234, edat=2003-01-15, Saldo=29737.0} esta jugant a Blackjack
10:45:50	Usuari{id=2, nom=juan, email=juan@gmail.com, Contrasenya=1234, edat=2003-01-15, Saldo=29736.0} ha apostat: 1.0
10:46:12	Programa iniciat
10:46:13	Login iniciat
10:46:15	Usuari juan ha iniciat sesio al sistema
10:46:15	Usuari{id=2, nom=juan, email=juan@gmail.com, Contrasenya=1234, edat=2003-01-15, Saldo=29736.0} esta jugant a Blackjack
10:46:29	Programa iniciat
10:46:29	Login iniciat
10:46:31	Usuari juan ha iniciat sesio al sistema
10:46:32	Usuari{id=2, nom=juan, email=juan@gmail.com, Contrasenya=1234, edat=2003-01-15, Saldo=29736.0} esta jugant a Blackjack
10:46:35	Usuari{id=2, nom=juan, email=juan@gmail.com, Contrasenya=1234, edat=2003-01-15, Saldo=29735.0} ha apostat: 1.0
10:46:53	Programa iniciat
10:46:53	Login iniciat
10:46:55	Usuari juan ha iniciat sesio al sistema
10:46:55	Usuari{id=2, nom=juan, email=juan@gmail.com, Contrasenya=1234, edat=2003-01-15, Saldo=29735.0} esta jugant a Blackjack
10:46:57	Usuari{id=2, nom=juan, email=juan@gmail.com, Contrasenya=1234, edat=2003-01-15, Saldo=29734.0} ha apostat: 1.0
10:47:40	Programa iniciat
10:47:40	Login iniciat
10:47:44	Usuari juan ha iniciat sesio al sistema
10:47:45	Usuari{id=2, nom=juan, email=juan@gmail.com, Contrasenya=1234, edat=2003-01-15, Saldo=29736.0} esta jugant a Blackjack
10:47:46	Usuari{id=2, nom=juan, email=juan@gmail.com, Contrasenya=1234, edat=2003-01-15, Saldo=29735.0} ha apostat: 1.0
10:50:08	Programa iniciat
10:50:08	Login iniciat
10:50:14	Usuari juan ha iniciat sesio al sistema
10:50:15	Usuari{id=2, nom=juan, email=juan@gmail.com, Contrasenya=1234, edat=2003-01-15, Saldo=29735.0} esta jugant a Blackjack
10:50:16	Usuari{id=2, nom=juan, email=juan@gmail.com, Contrasenya=1234, edat=2003-01-15, Saldo=29734.0} ha apostat: 1.0
10:50:28	Programa iniciat
10:50:28	Login iniciat
10:50:30	Usuari juan ha iniciat sesio al sistema
10:50:31	Usuari{id=2, nom=juan, email=juan@gmail.com, Contrasenya=1234, edat=2003-01-15, Saldo=29734.0} esta jugant a Blackjack
10:50:32	Usuari{id=2, nom=juan, email=juan@gmail.com, Contrasenya=1234, edat=2003-01-15, Saldo=29733.0} ha apostat: 1.0
10:51:35	Programa iniciat
10:51:35	Login iniciat
10:51:38	Usuari juan ha iniciat sesio al sistema
10:51:38	Usuari{id=2, nom=juan, email=juan@gmail.com, Contrasenya=1234, edat=2003-01-15, Saldo=29733.0} esta jugant a Blackjack
10:51:40	Usuari{id=2, nom=juan, email=juan@gmail.com, Contrasenya=1234, edat=2003-01-15, Saldo=29732.0} ha apostat: 1.0
10:52:17	Programa iniciat
10:52:18	Login iniciat
10:52:20	Usuari juan ha iniciat sesio al sistema
10:52:20	Usuari{id=2, nom=juan, email=juan@gmail.com, Contrasenya=1234, edat=2003-01-15, Saldo=29732.0} esta jugant a Blackjack
10:52:22	Usuari{id=2, nom=juan, email=juan@gmail.com, Contrasenya=1234, edat=2003-01-15, Saldo=29731.0} ha apostat: 1.0
10:52:41	Programa iniciat
10:52:41	Login iniciat
10:52:43	Usuari juan ha iniciat sesio al sistema
10:52:43	Usuari{id=2, nom=juan, email=juan@gmail.com, Contrasenya=1234, edat=2003-01-15, Saldo=29731.0} esta jugant a Blackjack
10:52:46	Usuari{id=2, nom=juan, email=juan@gmail.com, Contrasenya=1234, edat=2003-01-15, Saldo=29730.0} ha apostat: 1.0
10:53:51	Programa iniciat
10:53:51	Login iniciat
10:53:53	Usuari juan ha iniciat sesio al sistema
10:53:54	Usuari{id=2, nom=juan, email=juan@gmail.com, Contrasenya=1234, edat=2003-01-15, Saldo=29730.0} esta jugant a Blackjack
10:53:55	Usuari{id=2, nom=juan, email=juan@gmail.com, Contrasenya=1234, edat=2003-01-15, Saldo=29729.0} ha apostat: 1.0
10:54:47	Programa iniciat
10:54:47	Login iniciat
10:54:50	Usuari juan ha iniciat sesio al sistema
10:54:50	Usuari{id=2, nom=juan, email=juan@gmail.com, Contrasenya=1234, edat=2003-01-15, Saldo=29729.0} esta jugant a Blackjack
10:54:52	Usuari{id=2, nom=juan, email=juan@gmail.com, Contrasenya=1234, edat=2003-01-15, Saldo=29729.0} esta jugant a Blackjack
10:54:53	Usuari{id=2, nom=juan, email=juan@gmail.com, Contrasenya=1234, edat=2003-01-15, Saldo=29728.0} ha apostat: 1.0
10:59:57	Programa iniciat
10:59:57	Login iniciat
10:59:59	Usuari juan ha iniciat sesio al sistema
10:59:59	Usuari{id=2, nom=juan, email=juan@gmail.com, Contrasenya=1234, edat=2003-01-15, Saldo=29728.0} esta jugant a Blackjack
11:00:01	Usuari{id=2, nom=juan, email=juan@gmail.com, Contrasenya=1234, edat=2003-01-15, Saldo=29727.0} ha apostat: 1.0
11:01:00	Programa iniciat
11:01:00	Login iniciat
11:01:02	Usuari juan ha iniciat sesio al sistema
11:01:03	Usuari{id=2, nom=juan, email=juan@gmail.com, Contrasenya=1234, edat=2003-01-15, Saldo=29727.0} esta jugant a Blackjack
11:01:04	Usuari{id=2, nom=juan, email=juan@gmail.com, Contrasenya=1234, edat=2003-01-15, Saldo=29726.0} ha apostat: 1.0
11:01:22	Usuari{id=2, nom=juan, email=juan@gmail.com, Contrasenya=1234, edat=2003-01-15, Saldo=29727.0} ha apostat: 1.0
11:02:07	Usuari{id=2, nom=juan, email=juan@gmail.com, Contrasenya=1234, edat=2003-01-15, Saldo=29726.0} ha apostat: 1.0
11:02:17	Usuari{id=2, nom=juan, email=juan@gmail.com, Contrasenya=1234, edat=2003-01-15, Saldo=29726.0} esta jugant a Blackjack
11:03:25	Programa iniciat
11:03:25	Login iniciat
11:03:27	Usuari juan ha iniciat sesio al sistema
11:03:28	Usuari{id=2, nom=juan, email=juan@gmail.com, Contrasenya=1234, edat=2003-01-15, Saldo=29726.0} esta jugant a Blackjack
11:03:41	Usuari{id=2, nom=juan, email=juan@gmail.com, Contrasenya=1234, edat=2003-01-15, Saldo=29725.0} ha apostat: 1.0
11:04:14	Programa iniciat
11:04:14	Login iniciat
11:04:21	Usuari juan ha iniciat sesio al sistema
11:04:22	Usuari{id=2, nom=juan, email=juan@gmail.com, Contrasenya=1234, edat=2003-01-15, Saldo=29725.0} esta jugant a Blackjack
11:05:03	Programa iniciat
11:05:04	Login iniciat
11:05:06	Usuari juan ha iniciat sesio al sistema
11:05:07	Usuari{id=2, nom=juan, email=juan@gmail.com, Contrasenya=1234, edat=2003-01-15, Saldo=29725.0} esta jugant a Blackjack
11:05:08	Usuari{id=2, nom=juan, email=juan@gmail.com, Contrasenya=1234, edat=2003-01-15, Saldo=29724.0} ha apostat: 1.0
11:05:49	Programa iniciat
11:05:49	Login iniciat
11:05:51	Usuari juan ha iniciat sesio al sistema
11:05:51	Usuari{id=2, nom=juan, email=juan@gmail.com, Contrasenya=1234, edat=2003-01-15, Saldo=29726.0} esta jugant a Blackjack
11:05:53	Usuari{id=2, nom=juan, email=juan@gmail.com, Contrasenya=1234, edat=2003-01-15, Saldo=29725.0} ha apostat: 1.0
11:07:06	Programa iniciat
11:07:06	Login iniciat
11:07:08	Usuari juan ha iniciat sesio al sistema
11:07:09	Usuari{id=2, nom=juan, email=juan@gmail.com, Contrasenya=1234, edat=2003-01-15, Saldo=29727.0} esta jugant a Blackjack
11:07:10	Usuari{id=2, nom=juan, email=juan@gmail.com, Contrasenya=1234, edat=2003-01-15, Saldo=29726.0} ha apostat: 1.0
11:07:15	Usuari{id=2, nom=juan, email=juan@gmail.com, Contrasenya=1234, edat=2003-01-15, Saldo=29725.0} ha apostat: 1.0
11:07:42	Programa iniciat
11:07:42	Login iniciat
11:07:45	Usuari juan ha iniciat sesio al sistema
11:07:45	Usuari{id=2, nom=juan, email=juan@gmail.com, Contrasenya=1234, edat=2003-01-15, Saldo=29727.0} esta jugant a Blackjack
11:07:59	Usuari{id=2, nom=juan, email=juan@gmail.com, Contrasenya=1234, edat=2003-01-15, Saldo=0.0} ha apostat: 29727.0
11:08:29	Programa iniciat
11:08:29	Login iniciat
11:08:35	Usuari juan ha iniciat sesio al sistema
11:08:37	Usuari{id=2, nom=juan, email=juan@gmail.com, Contrasenya=1234, edat=2003-01-15, Saldo=59454.0} esta jugant a Blackjack
11:08:52	Usuari{id=2, nom=juan, email=juan@gmail.com, Contrasenya=1234, edat=2003-01-15, Saldo=2687.0} ha apostat: 56767.0
12:15:24	Programa iniciat
12:15:24	Login iniciat
12:15:33	Usuari juan ha iniciat sesio al sistema
12:15:40	Usuari{id=2, nom=juan, email=juan@gmail.com, Contrasenya=1234, edat=2003-01-15, Saldo=2687.0} esta jugant a Blackjack
12:15:51	Usuari{id=2, nom=juan, email=juan@gmail.com, Contrasenya=1234, edat=2003-01-15, Saldo=2687.0} esta jugant a Blackjack
12:18:12	Programa iniciat
12:18:12	Login iniciat
12:18:15	Usuari juan ha iniciat sesio al sistema
12:18:15	Usuari{id=2, nom=juan, email=juan@gmail.com, Contrasenya=1234, edat=2003-01-15, Saldo=2687.0} esta jugant a Blackjack
12:21:01	Programa iniciat
12:21:01	Login iniciat
12:21:04	Usuari juan ha iniciat sesio al sistema
12:21:05	Usuari{id=2, nom=juan, email=juan@gmail.com, Contrasenya=1234, edat=2003-01-15, Saldo=2687.0} esta jugant a Blackjack
12:21:25	Programa iniciat
12:21:25	Login iniciat
12:21:27	Usuari juan ha iniciat sesio al sistema
12:21:27	Usuari{id=2, nom=juan, email=juan@gmail.com, Contrasenya=1234, edat=2003-01-15, Saldo=2687.0} esta jugant a Blackjack
12:22:02	Programa iniciat
12:22:02	Login iniciat
12:22:04	Usuari juan ha iniciat sesio al sistema
12:22:04	Usuari{id=2, nom=juan, email=juan@gmail.com, Contrasenya=1234, edat=2003-01-15, Saldo=2687.0} esta jugant a Blackjack
12:22:41	Programa iniciat
12:22:41	Login iniciat
12:22:45	Usuari juan ha iniciat sesio al sistema
12:22:45	Usuari{id=2, nom=juan, email=juan@gmail.com, Contrasenya=1234, edat=2003-01-15, Saldo=2687.0} esta jugant a Blackjack
12:23:48	Programa iniciat
12:23:48	Login iniciat
12:23:56	Usuari juan ha iniciat sesio al sistema
12:23:57	Usuari{id=2, nom=juan, email=juan@gmail.com, Contrasenya=1234, edat=2003-01-15, Saldo=2687.0} esta jugant a Blackjack
12:24:26	Programa iniciat
12:24:26	Login iniciat
12:24:29	Usuari juan ha iniciat sesio al sistema
12:24:29	Usuari{id=2, nom=juan, email=juan@gmail.com, Contrasenya=1234, edat=2003-01-15, Saldo=2687.0} esta jugant a Blackjack
12:25:30	Programa iniciat
12:25:30	Login iniciat
12:25:32	Usuari juan ha iniciat sesio al sistema
12:25:33	Usuari{id=2, nom=juan, email=juan@gmail.com, Contrasenya=1234, edat=2003-01-15, Saldo=2687.0} esta jugant a Blackjack
12:26:47	Programa iniciat
12:26:47	Login iniciat
12:26:51	Usuari juan ha iniciat sesio al sistema
12:26:51	Usuari{id=2, nom=juan, email=juan@gmail.com, Contrasenya=1234, edat=2003-01-15, Saldo=2687.0} esta jugant a Blackjack
12:27:03	Programa iniciat
12:27:03	Login iniciat
12:27:06	Usuari juan ha iniciat sesio al sistema
12:27:07	Usuari{id=2, nom=juan, email=juan@gmail.com, Contrasenya=1234, edat=2003-01-15, Saldo=2687.0} esta jugant a Blackjack
12:30:31	Programa iniciat
12:30:31	Login iniciat
12:30:37	Usuari juan ha iniciat sesio al sistema
12:30:38	Usuari{id=2, nom=juan, email=juan@gmail.com, Contrasenya=1234, edat=2003-01-15, Saldo=2687.0} esta jugant a Blackjack
12:34:16	Programa iniciat
12:34:16	Login iniciat
12:34:20	Usuari juan ha iniciat sesio al sistema
12:34:21	Usuari{id=2, nom=juan, email=juan@gmail.com, Contrasenya=1234, edat=2003-01-15, Saldo=2687.0} esta jugant a Blackjack
12:34:28	Usuari{id=2, nom=juan, email=juan@gmail.com, Contrasenya=1234, edat=2003-01-15, Saldo=2675.0} ha apostat: 12.0
12:36:22	Programa iniciat
12:36:23	Login iniciat
12:36:24	Usuari juan ha iniciat sesio al sistema
12:36:25	Usuari{id=2, nom=juan, email=juan@gmail.com, Contrasenya=1234, edat=2003-01-15, Saldo=2699.0} esta jugant a Blackjack
12:38:32	Programa iniciat
12:38:33	Login iniciat
12:38:35	Usuari juan ha iniciat sesio al sistema
12:38:35	Usuari{id=2, nom=juan, email=juan@gmail.com, Contrasenya=1234, edat=2003-01-15, Saldo=2699.0} esta jugant a Blackjack
12:38:55	Programa iniciat
12:38:55	Login iniciat
12:38:58	Usuari juan ha iniciat sesio al sistema
12:38:59	Usuari{id=2, nom=juan, email=juan@gmail.com, Contrasenya=1234, edat=2003-01-15, Saldo=2699.0} esta jugant a Blackjack
12:40:52	Programa iniciat
12:40:52	Login iniciat
12:40:54	Usuari juan ha iniciat sesio al sistema
12:40:55	Usuari{id=2, nom=juan, email=juan@gmail.com, Contrasenya=1234, edat=2003-01-15, Saldo=2699.0} esta jugant a Blackjack
12:43:55	Programa iniciat
12:43:55	Login iniciat
12:43:58	Usuari juan ha iniciat sesio al sistema
12:43:58	Usuari{id=2, nom=juan, email=juan@gmail.com, Contrasenya=1234, edat=2003-01-15, Saldo=2699.0} esta jugant a Blackjack
12:44:04	Usuari{id=2, nom=juan, email=juan@gmail.com, Contrasenya=1234, edat=2003-01-15, Saldo=2686.88} ha apostat: 12.12
12:44:29	Usuari{id=2, nom=juan, email=juan@gmail.com, Contrasenya=1234, edat=2003-01-15, Saldo=2685.88} ha apostat: 1.0
12:44:48	Usuari{id=2, nom=juan, email=juan@gmail.com, Contrasenya=1234, edat=2003-01-15, Saldo=2684.88} ha apostat: 1.0
12:46:36	Programa iniciat
12:46:36	Login iniciat
12:46:48	Programa iniciat
12:46:48	Login iniciat
12:46:51	Usuari juan ha iniciat sesio al sistema
12:46:52	Usuari{id=2, nom=juan, email=juan@gmail.com, Contrasenya=1234, edat=2003-01-15, Saldo=2686.88} esta jugant a Blackjack
12:46:54	Usuari{id=2, nom=juan, email=juan@gmail.com, Contrasenya=1234, edat=2003-01-15, Saldo=2685.88} ha apostat: 1.0
12:47:13	Programa iniciat
12:47:13	Login iniciat
12:47:15	Usuari juan ha iniciat sesio al sistema
12:47:16	Usuari{id=2, nom=juan, email=juan@gmail.com, Contrasenya=1234, edat=2003-01-15, Saldo=2685.88} esta jugant a Blackjack
12:47:18	Usuari{id=2, nom=juan, email=juan@gmail.com, Contrasenya=1234, edat=2003-01-15, Saldo=2684.88} ha apostat: 1.0
12:47:26	Programa iniciat
12:47:26	Login iniciat
12:47:28	Usuari juan ha iniciat sesio al sistema
12:47:29	Usuari{id=2, nom=juan, email=juan@gmail.com, Contrasenya=1234, edat=2003-01-15, Saldo=2684.88} esta jugant a Blackjack
12:47:30	Usuari{id=2, nom=juan, email=juan@gmail.com, Contrasenya=1234, edat=2003-01-15, Saldo=2683.88} ha apostat: 1.0
12:47:36	Usuari{id=2, nom=juan, email=juan@gmail.com, Contrasenya=1234, edat=2003-01-15, Saldo=2682.88} ha apostat: 1.0
12:48:23	Programa iniciat
12:48:23	Login iniciat
12:48:25	Usuari juan ha iniciat sesio al sistema
12:48:26	Usuari{id=2, nom=juan, email=juan@gmail.com, Contrasenya=1234, edat=2003-01-15, Saldo=2682.88} esta jugant a Blackjack
12:48:27	Usuari{id=2, nom=juan, email=juan@gmail.com, Contrasenya=1234, edat=2003-01-15, Saldo=2681.88} ha apostat: 1.0
12:49:47	Programa iniciat
12:49:47	Login iniciat
12:49:49	Usuari juan ha iniciat sesio al sistema
12:49:50	Usuari{id=2, nom=juan, email=juan@gmail.com, Contrasenya=1234, edat=2003-01-15, Saldo=2681.88} esta jugant a Blackjack
12:49:58	Usuari{id=2, nom=juan, email=juan@gmail.com, Contrasenya=1234, edat=2003-01-15, Saldo=2680.88} ha apostat: 1.0
12:50:45	Programa iniciat
12:50:46	Login iniciat
12:51:10	Programa iniciat
12:51:10	Login iniciat
12:51:13	Usuari juan ha iniciat sesio al sistema
12:51:13	Usuari{id=2, nom=juan, email=juan@gmail.com, Contrasenya=1234, edat=2003-01-15, Saldo=2680.88} esta jugant a Blackjack
12:51:17	Usuari{id=2, nom=juan, email=juan@gmail.com, Contrasenya=1234, edat=2003-01-15, Saldo=2679.88} ha apostat: 1.0
12:51:48	Programa iniciat
12:51:48	Login iniciat
12:51:51	Usuari juan ha iniciat sesio al sistema
12:51:51	Usuari{id=2, nom=juan, email=juan@gmail.com, Contrasenya=1234, edat=2003-01-15, Saldo=2679.88} esta jugant a Blackjack
12:51:53	Usuari{id=2, nom=juan, email=juan@gmail.com, Contrasenya=1234, edat=2003-01-15, Saldo=2678.88} ha apostat: 1.0
12:54:25	Programa iniciat
12:54:25	Login iniciat
12:54:27	Usuari juan ha iniciat sesio al sistema
12:54:28	Usuari{id=2, nom=juan, email=juan@gmail.com, Contrasenya=1234, edat=2003-01-15, Saldo=2678.88} esta jugant a Blackjack
12:54:30	Usuari{id=2, nom=juan, email=juan@gmail.com, Contrasenya=1234, edat=2003-01-15, Saldo=2677.88} ha apostat: 1.0
12:57:03	Programa iniciat
12:57:03	Login iniciat
12:57:05	Usuari juan ha iniciat sesio al sistema
12:57:06	Usuari{id=2, nom=juan, email=juan@gmail.com, Contrasenya=1234, edat=2003-01-15, Saldo=2677.88} esta jugant a Blackjack
12:57:09	Usuari{id=2, nom=juan, email=juan@gmail.com, Contrasenya=1234, edat=2003-01-15, Saldo=2676.88} ha apostat: 1.0
12:57:45	Programa iniciat
12:57:45	Login iniciat
12:57:47	Usuari juan ha iniciat sesio al sistema
12:57:48	Usuari{id=2, nom=juan, email=juan@gmail.com, Contrasenya=1234, edat=2003-01-15, Saldo=2677.88} esta jugant a Blackjack
12:57:50	Usuari{id=2, nom=juan, email=juan@gmail.com, Contrasenya=1234, edat=2003-01-15, Saldo=2676.88} ha apostat: 1.0
12:58:24	Programa iniciat
12:58:25	Login iniciat
12:58:29	Usuari juan ha iniciat sesio al sistema
12:58:30	Usuari{id=2, nom=juan, email=juan@gmail.com, Contrasenya=1234, edat=2003-01-15, Saldo=2676.88} esta jugant a Blackjack
12:58:33	Usuari{id=2, nom=juan, email=juan@gmail.com, Contrasenya=1234, edat=2003-01-15, Saldo=2675.88} ha apostat: 1.0
12:58:46	Programa iniciat
12:58:46	Login iniciat
12:58:54	Usuari juan ha iniciat sesio al sistema
12:58:55	Usuari{id=2, nom=juan, email=juan@gmail.com, Contrasenya=1234, edat=2003-01-15, Saldo=2675.88} esta jugant a Blackjack
12:58:56	Usuari{id=2, nom=juan, email=juan@gmail.com, Contrasenya=1234, edat=2003-01-15, Saldo=2674.88} ha apostat: 1.0
12:59:25	Programa iniciat
12:59:25	Login iniciat
12:59:27	Usuari juan ha iniciat sesio al sistema
12:59:28	Usuari{id=2, nom=juan, email=juan@gmail.com, Contrasenya=1234, edat=2003-01-15, Saldo=2674.88} esta jugant a Blackjack
12:59:29	Usuari{id=2, nom=juan, email=juan@gmail.com, Contrasenya=1234, edat=2003-01-15, Saldo=2673.88} ha apostat: 1.0
12:59:49	Programa iniciat
12:59:50	Login iniciat
12:59:51	Usuari juan ha iniciat sesio al sistema
12:59:52	Usuari{id=2, nom=juan, email=juan@gmail.com, Contrasenya=1234, edat=2003-01-15, Saldo=2675.88} esta jugant a Blackjack
12:59:54	Usuari{id=2, nom=juan, email=juan@gmail.com, Contrasenya=1234, edat=2003-01-15, Saldo=2674.88} ha apostat: 1.0
01:00:02	Usuari{id=2, nom=juan, email=juan@gmail.com, Contrasenya=1234, edat=2003-01-15, Saldo=2673.88} ha apostat: 1.0
01:00:27	Programa iniciat
01:00:27	Login iniciat
01:00:30	Usuari juan ha iniciat sesio al sistema
01:00:30	Usuari{id=2, nom=juan, email=juan@gmail.com, Contrasenya=1234, edat=2003-01-15, Saldo=2673.88} esta jugant a Blackjack
01:00:32	Usuari{id=2, nom=juan, email=juan@gmail.com, Contrasenya=1234, edat=2003-01-15, Saldo=2672.88} ha apostat: 1.0
01:00:48	Programa iniciat
01:00:48	Login iniciat
01:00:50	Usuari juan ha iniciat sesio al sistema
01:00:51	Usuari{id=2, nom=juan, email=juan@gmail.com, Contrasenya=1234, edat=2003-01-15, Saldo=2672.88} esta jugant a Blackjack
01:00:52	Usuari{id=2, nom=juan, email=juan@gmail.com, Contrasenya=1234, edat=2003-01-15, Saldo=2671.88} ha apostat: 1.0
01:01:05	Programa iniciat
01:01:05	Login iniciat
01:01:06	Usuari juan ha iniciat sesio al sistema
01:01:07	Usuari{id=2, nom=juan, email=juan@gmail.com, Contrasenya=1234, edat=2003-01-15, Saldo=2671.88} esta jugant a Blackjack
01:01:08	Usuari{id=2, nom=juan, email=juan@gmail.com, Contrasenya=1234, edat=2003-01-15, Saldo=2670.88} ha apostat: 1.0
01:01:15	Usuari{id=2, nom=juan, email=juan@gmail.com, Contrasenya=1234, edat=2003-01-15, Saldo=2669.88} ha apostat: 1.0
01:02:02	Programa iniciat
01:02:02	Login iniciat
01:02:03	Usuari juan ha iniciat sesio al sistema
01:02:04	Usuari{id=2, nom=juan, email=juan@gmail.com, Contrasenya=1234, edat=2003-01-15, Saldo=2669.88} esta jugant a Blackjack
01:02:06	Usuari{id=2, nom=juan, email=juan@gmail.com, Contrasenya=1234, edat=2003-01-15, Saldo=2668.88} ha apostat: 1.0
01:04:09	Programa iniciat
01:04:09	Login iniciat
01:04:11	Usuari juan ha iniciat sesio al sistema
01:04:12	Usuari{id=2, nom=juan, email=juan@gmail.com, Contrasenya=1234, edat=2003-01-15, Saldo=2668.88} esta jugant a Blackjack
01:04:29	Programa iniciat
01:04:29	Login iniciat
01:04:32	Usuari juan ha iniciat sesio al sistema
01:04:32	Usuari{id=2, nom=juan, email=juan@gmail.com, Contrasenya=1234, edat=2003-01-15, Saldo=2668.88} esta jugant a Blackjack
01:04:34	Usuari{id=2, nom=juan, email=juan@gmail.com, Contrasenya=1234, edat=2003-01-15, Saldo=2667.88} ha apostat: 1.0
01:05:03	Programa iniciat
01:05:03	Login iniciat
01:05:06	Usuari juan ha iniciat sesio al sistema
01:05:07	Usuari{id=2, nom=juan, email=juan@gmail.com, Contrasenya=1234, edat=2003-01-15, Saldo=2669.88} esta jugant a Blackjack
01:05:08	Usuari{id=2, nom=juan, email=juan@gmail.com, Contrasenya=1234, edat=2003-01-15, Saldo=2668.88} ha apostat: 1.0
01:05:13	Usuari{id=2, nom=juan, email=juan@gmail.com, Contrasenya=1234, edat=2003-01-15, Saldo=2667.88} ha apostat: 1.0
01:05:43	Programa iniciat
01:05:43	Login iniciat
01:05:45	Usuari juan ha iniciat sesio al sistema
01:05:46	Usuari{id=2, nom=juan, email=juan@gmail.com, Contrasenya=1234, edat=2003-01-15, Saldo=2669.88} esta jugant a Blackjack
01:05:48	Usuari{id=2, nom=juan, email=juan@gmail.com, Contrasenya=1234, edat=2003-01-15, Saldo=2668.88} ha apostat: 1.0
01:05:52	Usuari{id=2, nom=juan, email=juan@gmail.com, Contrasenya=1234, edat=2003-01-15, Saldo=2669.88} ha apostat: 1.0
01:05:56	Usuari{id=2, nom=juan, email=juan@gmail.com, Contrasenya=1234, edat=2003-01-15, Saldo=2671.88} esta jugant a Blackjack
01:05:57	Usuari{id=2, nom=juan, email=juan@gmail.com, Contrasenya=1234, edat=2003-01-15, Saldo=2670.88} ha apostat: 1.0
01:07:07	Programa iniciat
01:07:07	Login iniciat
01:07:09	Usuari juan ha iniciat sesio al sistema
01:07:10	Usuari{id=2, nom=juan, email=juan@gmail.com, Contrasenya=1234, edat=2003-01-15, Saldo=2670.88} esta jugant a Blackjack
01:07:11	Usuari{id=2, nom=juan, email=juan@gmail.com, Contrasenya=1234, edat=2003-01-15, Saldo=2669.88} ha apostat: 1.0
01:07:35	Programa iniciat
01:07:36	Login iniciat
01:07:37	Usuari juan ha iniciat sesio al sistema
01:07:38	Usuari{id=2, nom=juan, email=juan@gmail.com, Contrasenya=1234, edat=2003-01-15, Saldo=2669.88} esta jugant a Blackjack
01:07:39	Usuari{id=2, nom=juan, email=juan@gmail.com, Contrasenya=1234, edat=2003-01-15, Saldo=2668.88} ha apostat: 1.0
01:07:57	Usuari{id=2, nom=juan, email=juan@gmail.com, Contrasenya=1234, edat=2003-01-15, Saldo=2670.88} esta jugant a Blackjack
01:08:17	Usuari{id=2, nom=juan, email=juan@gmail.com, Contrasenya=1234, edat=2003-01-15, Saldo=2170.88} ha apostat: 500.0
01:08:26	Usuari{id=2, nom=juan, email=juan@gmail.com, Contrasenya=1234, edat=2003-01-15, Saldo=2670.88} ha apostat: 500.0
01:08:34	Usuari{id=2, nom=juan, email=juan@gmail.com, Contrasenya=1234, edat=2003-01-15, Saldo=2170.88} ha apostat: 500.0
01:08:38	Usuari{id=2, nom=juan, email=juan@gmail.com, Contrasenya=1234, edat=2003-01-15, Saldo=1670.88} ha apostat: 500.0
01:08:51	Usuari{id=2, nom=juan, email=juan@gmail.com, Contrasenya=1234, edat=2003-01-15, Saldo=1170.88} ha apostat: 500.0
01:09:28	Usuari{id=2, nom=juan, email=juan@gmail.com, Contrasenya=1234, edat=2003-01-15, Saldo=1170.88} esta jugant a la Ruleta
01:09:31	Programa iniciat
01:09:31	Login iniciat
01:09:36	Programa iniciat
01:09:36	Login iniciat
01:09:38	Usuari juan ha iniciat sesio al sistema
01:12:14	Programa iniciat
01:12:14	Login iniciat
01:12:19	Usuari juan ha iniciat sesio al sistema
01:12:20	Usuari{id=2, nom=juan, email=juan@gmail.com, Contrasenya=1234, edat=2003-01-15, Saldo=1170.88} esta jugant a Blackjack
01:12:26	Usuari{id=2, nom=juan, email=juan@gmail.com, Contrasenya=1234, edat=2003-01-15, Saldo=1170.88} esta jugant a Blackjack
01:12:35	Usuari{id=2, nom=juan, email=juan@gmail.com, Contrasenya=1234, edat=2003-01-15, Saldo=1170.88} esta jugant a Blackjack
01:12:48	Programa iniciat
01:12:48	Login iniciat
01:12:54	Usuari juan ha iniciat sesio al sistema
01:12:55	Usuari{id=2, nom=juan, email=juan@gmail.com, Contrasenya=1234, edat=2003-01-15, Saldo=1170.88} esta jugant a Blackjack
01:13:08	Usuari{id=2, nom=juan, email=juan@gmail.com, Contrasenya=1234, edat=2003-01-15, Saldo=3.880000000000109} ha apostat: 1167.0
01:14:04	Usuari{id=2, nom=juan, email=juan@gmail.com, Contrasenya=1234, edat=2003-01-15, Saldo=1.092459456231154E-13} ha apostat: 3.88
01:18:33	Programa iniciat
01:18:33	Login iniciat
01:18:37	Admin nico ha iniciat sesio al sistema
01:18:50	Programa iniciat
01:18:50	Login iniciat
01:18:52	Usuari juan ha iniciat sesio al sistema
01:18:53	Usuari{id=2, nom=juan, email=juan@gmail.com, Contrasenya=1234, edat=2003-01-15, Saldo=1.0} esta jugant a Blackjack
01:18:58	Usuari{id=2, nom=juan, email=juan@gmail.com, Contrasenya=1234, edat=2003-01-15, Saldo=0.7878788} ha apostat: 0.2121212
01:23:17	Programa iniciat
01:23:18	Login iniciat
01:23:19	Usuari juan ha iniciat sesio al sistema
01:23:20	Usuari{id=2, nom=juan, email=juan@gmail.com, Contrasenya=1234, edat=2003-01-15, Saldo=0.7878788} esta jugant a Blackjack
01:23:28	Usuari{id=2, nom=juan, email=juan@gmail.com, Contrasenya=1234, edat=2003-01-15, Saldo=0.007878799999999964} ha apostat: 0.78
01:24:24	Programa iniciat
01:24:24	Login iniciat
01:24:27	Usuari juan ha iniciat sesio al sistema
01:24:27	Usuari{id=2, nom=juan, email=juan@gmail.com, Contrasenya=1234, edat=2003-01-15, Saldo=0.007878799999999964} esta jugant a Blackjack
01:24:37	Usuari{id=2, nom=juan, email=juan@gmail.com, Contrasenya=1234, edat=2003-01-15, Saldo=7.879999999996397E-5} ha apostat: 0.0078
01:25:37	Programa iniciat
01:25:37	Login iniciat
01:25:39	Admin nico ha iniciat sesio al sistema
01:25:52	Programa iniciat
01:25:52	Login iniciat
01:25:54	Usuari juan ha iniciat sesio al sistema
01:25:55	Usuari{id=2, nom=juan, email=juan@gmail.com, Contrasenya=1234, edat=2003-01-15, Saldo=1.0} esta jugant a Blackjack
01:26:53	Programa iniciat
01:26:53	Login iniciat
01:26:55	Usuari juan ha iniciat sesio al sistema
01:26:56	Usuari{id=2, nom=juan, email=juan@gmail.com, Contrasenya=1234, edat=2003-01-15, Saldo=1.0} esta jugant a Blackjack
01:27:13	Programa iniciat
01:27:13	Login iniciat
01:27:14	Usuari juan ha iniciat sesio al sistema
01:27:15	Usuari{id=2, nom=juan, email=juan@gmail.com, Contrasenya=1234, edat=2003-01-15, Saldo=1.0} esta jugant a Blackjack
01:27:16	Usuari{id=2, nom=juan, email=juan@gmail.com, Contrasenya=1234, edat=2003-01-15, Saldo=0.0} ha apostat: 1.0
01:27:36	Usuari{id=2, nom=juan, email=juan@gmail.com, Contrasenya=1234, edat=2003-01-15, Saldo=1.999998} ha apostat: 2.0E-6
01:27:46	Usuari{id=2, nom=juan, email=juan@gmail.com, Contrasenya=1234, edat=2003-01-15, Saldo=0.0} ha apostat: 2.000002
01:28:58	Programa iniciat
01:28:58	Login iniciat
01:29:03	Usuari juan ha iniciat sesio al sistema
01:29:04	Usuari{id=2, nom=juan, email=juan@gmail.com, Contrasenya=1234, edat=2003-01-15, Saldo=4.000004} esta jugant a Blackjack
01:30:14	Programa iniciat
01:30:14	Login iniciat
01:30:20	Usuari juan ha iniciat sesio al sistema
01:30:20	Usuari{id=2, nom=juan, email=juan@gmail.com, Contrasenya=1234, edat=2003-01-15, Saldo=4.000004} esta jugant a Blackjack
01:30:40	Programa iniciat
01:30:40	Login iniciat
01:30:42	Usuari juan ha iniciat sesio al sistema
01:30:42	Usuari{id=2, nom=juan, email=juan@gmail.com, Contrasenya=1234, edat=2003-01-15, Saldo=4.000004} esta jugant a Blackjack
01:30:50	Usuari{id=2, nom=juan, email=juan@gmail.com, Contrasenya=1234, edat=2003-01-15, Saldo=3.9999999996709334E-6} ha apostat: 4.0
01:32:26	Programa iniciat
01:32:26	Login iniciat
01:32:29	Usuari juan ha iniciat sesio al sistema
01:32:29	Usuari{id=2, nom=juan, email=juan@gmail.com, Contrasenya=1234, edat=2003-01-15, Saldo=3.9999999996709334E-6} esta jugant a Blackjack
01:32:38	Programa iniciat
01:32:38	Login iniciat
01:32:42	Admin nico ha iniciat sesio al sistema
01:32:48	Programa iniciat
01:32:49	Login iniciat
01:32:51	Admin nico ha iniciat sesio al sistema
01:33:01	Programa iniciat
01:33:01	Login iniciat
01:33:04	Usuari juan ha iniciat sesio al sistema
01:33:05	Usuari{id=2, nom=juan, email=juan@gmail.com, Contrasenya=1234, edat=2003-01-15, Saldo=12.0} esta jugant a Blackjack
01:33:17	Usuari{id=2, nom=juan, email=juan@gmail.com, Contrasenya=1234, edat=2003-01-15, Saldo=11.99} ha apostat: 0.01
01:34:29	Programa iniciat
01:34:29	Login iniciat
01:34:31	Usuari juan ha iniciat sesio al sistema
01:34:32	Usuari{id=2, nom=juan, email=juan@gmail.com, Contrasenya=1234, edat=2003-01-15, Saldo=12.01} esta jugant a Blackjack
01:34:54	Programa iniciat
01:34:54	Login iniciat
01:34:57	Usuari juan ha iniciat sesio al sistema
01:34:57	Usuari{id=2, nom=juan, email=juan@gmail.com, Contrasenya=1234, edat=2003-01-15, Saldo=12.01} esta jugant a Blackjack
01:38:09	Programa iniciat
01:38:09	Login iniciat
01:38:11	Usuari juan ha iniciat sesio al sistema
01:38:12	Usuari{id=2, nom=juan, email=juan@gmail.com, Contrasenya=1234, edat=2003-01-15, Saldo=12.01} esta jugant a Blackjack
01:38:51	Programa iniciat
01:38:51	Login iniciat
01:38:53	Usuari juan ha iniciat sesio al sistema
01:38:54	Usuari{id=2, nom=juan, email=juan@gmail.com, Contrasenya=1234, edat=2003-01-15, Saldo=12.01} esta jugant a Blackjack
01:39:22	Programa iniciat
01:39:23	Login iniciat
01:39:25	Usuari juan ha iniciat sesio al sistema
01:39:26	Usuari{id=2, nom=juan, email=juan@gmail.com, Contrasenya=1234, edat=2003-01-15, Saldo=12.01} esta jugant a Blackjack
01:40:00	Programa iniciat
01:40:01	Login iniciat
01:40:03	Usuari juan ha iniciat sesio al sistema
01:40:03	Usuari{id=2, nom=juan, email=juan@gmail.com, Contrasenya=1234, edat=2003-01-15, Saldo=12.01} esta jugant a Blackjack
01:40:15	Programa iniciat
01:40:15	Login iniciat
01:40:17	Usuari juan ha iniciat sesio al sistema
01:40:18	Usuari{id=2, nom=juan, email=juan@gmail.com, Contrasenya=1234, edat=2003-01-15, Saldo=12.01} esta jugant a Blackjack
01:40:28	Usuari{id=2, nom=juan, email=juan@gmail.com, Contrasenya=1234, edat=2003-01-15, Saldo=11.01} ha apostat: 1.0
01:41:53	Usuari{id=2, nom=juan, email=juan@gmail.com, Contrasenya=1234, edat=2003-01-15, Saldo=0.0} ha apostat: 11.01
01:42:07	Usuari{id=2, nom=juan, email=juan@gmail.com, Contrasenya=1234, edat=2003-01-15, Saldo=0.0} ha apostat: 22.02
01:42:22	Usuari{id=2, nom=juan, email=juan@gmail.com, Contrasenya=1234, edat=2003-01-15, Saldo=0.0} esta jugant a la Ruleta
01:42:28	Programa iniciat
01:42:28	Login iniciat
01:42:34	Admin nico ha iniciat sesio al sistema
01:42:48	Programa iniciat
01:42:48	Login iniciat
01:42:53	Usuari juan ha iniciat sesio al sistema
01:42:54	Usuari{id=2, nom=juan, email=juan@gmail.com, Contrasenya=1234, edat=2003-01-15, Saldo=202002.0} esta jugant al Tragaperras
01:42:58	Programa iniciat
01:42:59	Login iniciat
01:43:05	Usuari juan ha iniciat sesio al sistema
01:43:06	Usuari{id=2, nom=juan, email=juan@gmail.com, Contrasenya=1234, edat=2003-01-15, Saldo=202002.0} esta jugant a la Ruleta
08:05:33	Programa iniciat
08:05:33	Login iniciat
08:05:36	Usuari juan ha iniciat sesio al sistema
08:05:37	Usuari{id=2, nom=juan, email=juan@gmail.com, Contrasenya=1234, edat=2003-01-15, Saldo=201902.0} esta jugant a Blackjack
08:05:55	Usuari{id=2, nom=juan, email=juan@gmail.com, Contrasenya=1234, edat=2003-01-15, Saldo=101778.88} ha apostat: 100123.12
08:05:59	Usuari{id=2, nom=juan, email=juan@gmail.com, Contrasenya=1234, edat=2003-01-15, Saldo=201902.0} ha apostat: 100123.12
08:06:03	Usuari{id=2, nom=juan, email=juan@gmail.com, Contrasenya=1234, edat=2003-01-15, Saldo=101778.88} ha apostat: 100123.12
08:06:07	Usuari{id=2, nom=juan, email=juan@gmail.com, Contrasenya=1234, edat=2003-01-15, Saldo=201902.0} ha apostat: 100123.12
08:06:10	Usuari{id=2, nom=juan, email=juan@gmail.com, Contrasenya=1234, edat=2003-01-15, Saldo=101778.88} ha apostat: 100123.12
08:06:41	Usuari{id=2, nom=juan, email=juan@gmail.com, Contrasenya=1234, edat=2003-01-15, Saldo=1000.8800000000047} ha apostat: 100778.0
08:06:52	Usuari{id=2, nom=juan, email=juan@gmail.com, Contrasenya=1234, edat=2003-01-15, Saldo=1778.8800000000047} ha apostat: 200778.0
08:07:05	Programa iniciat
08:07:05	Login iniciat
08:07:08	Admin nico ha iniciat sesio al sistema
08:07:13	Programa iniciat
08:07:13	Login iniciat
08:07:14	Admin nico ha iniciat sesio al sistema
08:07:21	Programa iniciat
08:07:21	Login iniciat
08:07:23	Usuari juan ha iniciat sesio al sistema
08:07:24	Usuari{id=2, nom=juan, email=juan@gmail.com, Contrasenya=1234, edat=2003-01-15, Saldo=1.0} esta jugant a Blackjack
08:07:26	Usuari{id=2, nom=juan, email=juan@gmail.com, Contrasenya=1234, edat=2003-01-15, Saldo=0.0} ha apostat: 1.0
08:07:35	Usuari{id=2, nom=juan, email=juan@gmail.com, Contrasenya=1234, edat=2003-01-15, Saldo=0.0} ha apostat: 2.0
08:07:46	Usuari{id=2, nom=juan, email=juan@gmail.com, Contrasenya=1234, edat=2003-01-15, Saldo=0.0} ha apostat: 4.0
08:10:09	Programa iniciat
08:10:10	Login iniciat
08:10:12	Usuari juan ha iniciat sesio al sistema
08:10:13	Usuari{id=2, nom=juan, email=juan@gmail.com, Contrasenya=1234, edat=2003-01-15, Saldo=0.0} esta jugant a Blackjack
08:10:21	Programa iniciat
08:10:21	Login iniciat
08:10:23	Admin nico ha iniciat sesio al sistema
08:10:31	Programa iniciat
08:10:31	Login iniciat
08:10:33	Usuari juan ha iniciat sesio al sistema
08:10:34	Usuari{id=2, nom=juan, email=juan@gmail.com, Contrasenya=1234, edat=2003-01-15, Saldo=1110.0} esta jugant a Blackjack
08:10:42	Usuari{id=2, nom=juan, email=juan@gmail.com, Contrasenya=1234, edat=2003-01-15, Saldo=10.0} ha apostat: 1100.0
08:10:51	Usuari{id=2, nom=juan, email=juan@gmail.com, Contrasenya=1234, edat=2003-01-15, Saldo=1110.0} ha apostat: 1100.0
08:11:36	Programa iniciat
08:11:36	Login iniciat
08:11:38	Usuari juan ha iniciat sesio al sistema
08:11:39	Usuari{id=2, nom=juan, email=juan@gmail.com, Contrasenya=1234, edat=2003-01-15, Saldo=1110.0} esta jugant a Blackjack
08:11:43	Usuari{id=2, nom=juan, email=juan@gmail.com, Contrasenya=1234, edat=2003-01-15, Saldo=1109.0} ha apostat: 1.0
08:12:37	Programa iniciat
08:12:37	Login iniciat
08:12:41	Usuari juan ha iniciat sesio al sistema
08:12:41	Usuari{id=2, nom=juan, email=juan@gmail.com, Contrasenya=1234, edat=2003-01-15, Saldo=1111.0} esta jugant a Blackjack
08:12:44	Usuari{id=2, nom=juan, email=juan@gmail.com, Contrasenya=1234, edat=2003-01-15, Saldo=1110.0} ha apostat: 1.0
08:13:21	Programa iniciat
08:13:21	Login iniciat
08:13:23	Usuari juan ha iniciat sesio al sistema
08:13:23	Usuari{id=2, nom=juan, email=juan@gmail.com, Contrasenya=1234, edat=2003-01-15, Saldo=1112.0} esta jugant a Blackjack
08:13:25	Usuari{id=2, nom=juan, email=juan@gmail.com, Contrasenya=1234, edat=2003-01-15, Saldo=1111.0} ha apostat: 1.0
08:13:55	Programa iniciat
08:13:55	Login iniciat
08:13:58	Usuari juan ha iniciat sesio al sistema
08:13:58	Usuari{id=2, nom=juan, email=juan@gmail.com, Contrasenya=1234, edat=2003-01-15, Saldo=1111.0} esta jugant a Blackjack
08:14:00	Usuari{id=2, nom=juan, email=juan@gmail.com, Contrasenya=1234, edat=2003-01-15, Saldo=1110.0} ha apostat: 1.0
08:14:15	Programa iniciat
08:14:15	Login iniciat
08:14:17	Usuari juan ha iniciat sesio al sistema
08:14:18	Usuari{id=2, nom=juan, email=juan@gmail.com, Contrasenya=1234, edat=2003-01-15, Saldo=1112.0} esta jugant a Blackjack
08:14:20	Usuari{id=2, nom=juan, email=juan@gmail.com, Contrasenya=1234, edat=2003-01-15, Saldo=1111.0} ha apostat: 1.0
08:16:38	Programa iniciat
08:16:38	Login iniciat
08:16:47	Usuari juan ha iniciat sesio al sistema
08:16:49	Usuari{id=2, nom=juan, email=juan@gmail.com, Contrasenya=1234, edat=2003-01-15, Saldo=1113.0} esta jugant a Blackjack
08:16:50	Usuari{id=2, nom=juan, email=juan@gmail.com, Contrasenya=1234, edat=2003-01-15, Saldo=1112.0} ha apostat: 1.0
08:17:20	Programa iniciat
08:17:20	Login iniciat
08:17:23	Usuari juan ha iniciat sesio al sistema
08:17:24	Usuari{id=2, nom=juan, email=juan@gmail.com, Contrasenya=1234, edat=2003-01-15, Saldo=1112.0} esta jugant a Blackjack
08:17:26	Usuari{id=2, nom=juan, email=juan@gmail.com, Contrasenya=1234, edat=2003-01-15, Saldo=1111.0} ha apostat: 1.0
08:17:48	Usuari{id=2, nom=juan, email=juan@gmail.com, Contrasenya=1234, edat=2003-01-15, Saldo=1110.0} ha apostat: 1.0
08:18:05	Programa iniciat
08:18:05	Login iniciat
08:18:07	Usuari juan ha iniciat sesio al sistema
08:18:08	Usuari{id=2, nom=juan, email=juan@gmail.com, Contrasenya=1234, edat=2003-01-15, Saldo=1110.0} esta jugant a Blackjack
08:18:09	Usuari{id=2, nom=juan, email=juan@gmail.com, Contrasenya=1234, edat=2003-01-15, Saldo=1109.0} ha apostat: 1.0
08:18:23	Programa iniciat
08:18:23	Login iniciat
08:18:25	Usuari juan ha iniciat sesio al sistema
08:18:26	Usuari{id=2, nom=juan, email=juan@gmail.com, Contrasenya=1234, edat=2003-01-15, Saldo=1111.0} esta jugant a Blackjack
08:18:27	Usuari{id=2, nom=juan, email=juan@gmail.com, Contrasenya=1234, edat=2003-01-15, Saldo=1110.0} ha apostat: 1.0
08:18:36	Usuari{id=2, nom=juan, email=juan@gmail.com, Contrasenya=1234, edat=2003-01-15, Saldo=1109.0} ha apostat: 1.0
08:18:50	Usuari{id=2, nom=juan, email=juan@gmail.com, Contrasenya=1234, edat=2003-01-15, Saldo=1108.0} ha apostat: 1.0
08:21:27	Programa iniciat
08:21:27	Login iniciat
08:21:30	Usuari juan ha iniciat sesio al sistema
08:21:31	Usuari{id=2, nom=juan, email=juan@gmail.com, Contrasenya=1234, edat=2003-01-15, Saldo=1108.0} esta jugant a Blackjack
08:21:32	Usuari{id=2, nom=juan, email=juan@gmail.com, Contrasenya=1234, edat=2003-01-15, Saldo=1107.0} ha apostat: 1.0
08:23:48	Programa iniciat
08:23:48	Login iniciat
08:23:50	Usuari juan ha iniciat sesio al sistema
08:23:51	Usuari{id=2, nom=juan, email=juan@gmail.com, Contrasenya=1234, edat=2003-01-15, Saldo=1107.0} esta jugant a Blackjack
08:23:54	Usuari{id=2, nom=juan, email=juan@gmail.com, Contrasenya=1234, edat=2003-01-15, Saldo=1106.0} ha apostat: 1.0
08:24:18	Programa iniciat
08:24:18	Login iniciat
08:24:20	Usuari juan ha iniciat sesio al sistema
08:24:21	Usuari{id=2, nom=juan, email=juan@gmail.com, Contrasenya=1234, edat=2003-01-15, Saldo=1106.0} esta jugant a Blackjack
08:24:22	Usuari{id=2, nom=juan, email=juan@gmail.com, Contrasenya=1234, edat=2003-01-15, Saldo=1105.0} ha apostat: 1.0
08:25:16	Programa iniciat
08:25:16	Login iniciat
08:25:18	Usuari juan ha iniciat sesio al sistema
08:25:19	Usuari{id=2, nom=juan, email=juan@gmail.com, Contrasenya=1234, edat=2003-01-15, Saldo=1107.0} esta jugant a Blackjack
08:25:21	Usuari{id=2, nom=juan, email=juan@gmail.com, Contrasenya=1234, edat=2003-01-15, Saldo=1106.0} ha apostat: 1.0
08:26:48	Programa iniciat
08:26:49	Login iniciat
08:26:51	Usuari juan ha iniciat sesio al sistema
08:26:52	Usuari{id=2, nom=juan, email=juan@gmail.com, Contrasenya=1234, edat=2003-01-15, Saldo=1106.0} esta jugant a Blackjack
08:26:53	Usuari{id=2, nom=juan, email=juan@gmail.com, Contrasenya=1234, edat=2003-01-15, Saldo=1105.0} ha apostat: 1.0
08:27:21	Programa iniciat
08:27:21	Login iniciat
08:27:23	Usuari juan ha iniciat sesio al sistema
08:27:24	Usuari{id=2, nom=juan, email=juan@gmail.com, Contrasenya=1234, edat=2003-01-15, Saldo=1105.0} esta jugant a Blackjack
08:27:25	Usuari{id=2, nom=juan, email=juan@gmail.com, Contrasenya=1234, edat=2003-01-15, Saldo=1104.0} ha apostat: 1.0
08:27:31	Usuari{id=2, nom=juan, email=juan@gmail.com, Contrasenya=1234, edat=2003-01-15, Saldo=1103.0} ha apostat: 1.0
08:27:35	Usuari{id=2, nom=juan, email=juan@gmail.com, Contrasenya=1234, edat=2003-01-15, Saldo=1102.0} ha apostat: 1.0
08:27:44	Programa iniciat
08:27:44	Login iniciat
08:27:46	Usuari juan ha iniciat sesio al sistema
08:27:47	Usuari{id=2, nom=juan, email=juan@gmail.com, Contrasenya=1234, edat=2003-01-15, Saldo=1102.0} esta jugant a Blackjack
08:27:48	Usuari{id=2, nom=juan, email=juan@gmail.com, Contrasenya=1234, edat=2003-01-15, Saldo=1101.0} ha apostat: 1.0
08:28:43	Programa iniciat
08:28:43	Login iniciat
08:28:45	Usuari juan ha iniciat sesio al sistema
08:28:46	Usuari{id=2, nom=juan, email=juan@gmail.com, Contrasenya=1234, edat=2003-01-15, Saldo=1101.0} esta jugant a Blackjack
08:30:16	Programa iniciat
08:30:16	Login iniciat
08:30:19	Usuari juan ha iniciat sesio al sistema
08:30:19	Usuari{id=2, nom=juan, email=juan@gmail.com, Contrasenya=1234, edat=2003-01-15, Saldo=1101.0} esta jugant a Blackjack
08:30:21	Usuari{id=2, nom=juan, email=juan@gmail.com, Contrasenya=1234, edat=2003-01-15, Saldo=1100.0} ha apostat: 1.0
08:30:27	Usuari{id=2, nom=juan, email=juan@gmail.com, Contrasenya=1234, edat=2003-01-15, Saldo=1099.0} ha apostat: 1.0
08:30:30	Usuari{id=2, nom=juan, email=juan@gmail.com, Contrasenya=1234, edat=2003-01-15, Saldo=1098.0} ha apostat: 1.0
08:30:37	Usuari{id=2, nom=juan, email=juan@gmail.com, Contrasenya=1234, edat=2003-01-15, Saldo=1097.0} ha apostat: 1.0
08:30:40	Usuari{id=2, nom=juan, email=juan@gmail.com, Contrasenya=1234, edat=2003-01-15, Saldo=1096.0} ha apostat: 1.0
08:30:44	Usuari{id=2, nom=juan, email=juan@gmail.com, Contrasenya=1234, edat=2003-01-15, Saldo=1095.0} ha apostat: 1.0
08:30:48	Usuari{id=2, nom=juan, email=juan@gmail.com, Contrasenya=1234, edat=2003-01-15, Saldo=1094.0} ha apostat: 1.0
08:34:30	Programa iniciat
08:34:30	Login iniciat
08:34:32	Usuari juan ha iniciat sesio al sistema
08:34:32	Usuari{id=2, nom=juan, email=juan@gmail.com, Contrasenya=1234, edat=2003-01-15, Saldo=1096.0} esta jugant a Blackjack
08:34:34	Usuari{id=2, nom=juan, email=juan@gmail.com, Contrasenya=1234, edat=2003-01-15, Saldo=1095.0} ha apostat: 1.0
08:37:00	Programa iniciat
08:37:00	Login iniciat
08:37:02	Usuari juan ha iniciat sesio al sistema
08:37:03	Usuari{id=2, nom=juan, email=juan@gmail.com, Contrasenya=1234, edat=2003-01-15, Saldo=1095.0} esta jugant a Blackjack
08:37:04	Usuari{id=2, nom=juan, email=juan@gmail.com, Contrasenya=1234, edat=2003-01-15, Saldo=1094.0} ha apostat: 1.0
08:37:09	Usuari{id=2, nom=juan, email=juan@gmail.com, Contrasenya=1234, edat=2003-01-15, Saldo=1095.0} ha apostat: 1.0
08:37:11	Usuari{id=2, nom=juan, email=juan@gmail.com, Contrasenya=1234, edat=2003-01-15, Saldo=1095.0} esta jugant a Blackjack
08:37:12	Usuari{id=2, nom=juan, email=juan@gmail.com, Contrasenya=1234, edat=2003-01-15, Saldo=1094.0} ha apostat: 1.0
08:39:51	Programa iniciat
08:39:51	Login iniciat
08:39:54	Usuari juan ha iniciat sesio al sistema
08:40:26	Programa iniciat
08:40:26	Login iniciat
08:40:28	Usuari juan ha iniciat sesio al sistema
08:40:28	Usuari{id=2, nom=juan, email=juan@gmail.com, Contrasenya=1234, edat=2003-01-15, Saldo=1094.0} esta jugant a Blackjack
08:40:29	Usuari{id=2, nom=juan, email=juan@gmail.com, Contrasenya=1234, edat=2003-01-15, Saldo=1093.0} ha apostat: 1.0
08:40:38	Usuari{id=2, nom=juan, email=juan@gmail.com, Contrasenya=1234, edat=2003-01-15, Saldo=1094.0} ha apostat: 1.0
08:49:39	Programa iniciat
08:49:40	Login iniciat
08:49:41	Usuari juan ha iniciat sesio al sistema
08:49:42	Usuari{id=2, nom=juan, email=juan@gmail.com, Contrasenya=1234, edat=2003-01-15, Saldo=1094.0} esta jugant a Blackjack
08:49:43	Usuari{id=2, nom=juan, email=juan@gmail.com, Contrasenya=1234, edat=2003-01-15, Saldo=1093.0} ha apostat: 1.0
08:52:17	Programa iniciat
08:52:17	Login iniciat
08:52:18	Usuari juan ha iniciat sesio al sistema
08:52:19	Usuari{id=2, nom=juan, email=juan@gmail.com, Contrasenya=1234, edat=2003-01-15, Saldo=1095.0} esta jugant a Blackjack
08:52:23	Usuari{id=2, nom=juan, email=juan@gmail.com, Contrasenya=1234, edat=2003-01-15, Saldo=1095.0} esta jugant a Blackjack
08:52:24	Usuari{id=2, nom=juan, email=juan@gmail.com, Contrasenya=1234, edat=2003-01-15, Saldo=1095.0} esta jugant a Blackjack
08:53:19	Programa iniciat
08:53:20	Login iniciat
08:53:22	Usuari juan ha iniciat sesio al sistema
08:53:23	Usuari{id=2, nom=juan, email=juan@gmail.com, Contrasenya=1234, edat=2003-01-15, Saldo=1095.0} esta jugant a Blackjack
08:54:18	Programa iniciat
08:54:18	Login iniciat
08:54:21	Usuari juan ha iniciat sesio al sistema
08:54:23	Usuari{id=2, nom=juan, email=juan@gmail.com, Contrasenya=1234, edat=2003-01-15, Saldo=1095.0} esta jugant a Blackjack
08:57:19	Programa iniciat
08:57:19	Login iniciat
08:57:22	Usuari juan ha iniciat sesio al sistema
08:57:22	Usuari{id=2, nom=juan, email=juan@gmail.com, Contrasenya=1234, edat=2003-01-15, Saldo=1095.0} esta jugant a Blackjack
08:57:25	Usuari{id=2, nom=juan, email=juan@gmail.com, Contrasenya=1234, edat=2003-01-15, Saldo=1094.0} ha apostat: 1.0
08:59:05	Programa iniciat
08:59:05	Login iniciat
08:59:10	Usuari juan ha iniciat sesio al sistema
08:59:11	Usuari{id=2, nom=juan, email=juan@gmail.com, Contrasenya=1234, edat=2003-01-15, Saldo=1096.0} esta jugant a Blackjack
08:59:13	Usuari{id=2, nom=juan, email=juan@gmail.com, Contrasenya=1234, edat=2003-01-15, Saldo=1095.0} ha apostat: 1.0
09:00:44	Programa iniciat
09:00:44	Login iniciat
09:00:46	Usuari juan ha iniciat sesio al sistema
09:00:47	Usuari{id=2, nom=juan, email=juan@gmail.com, Contrasenya=1234, edat=2003-01-15, Saldo=1095.0} esta jugant a Blackjack
09:00:48	Usuari{id=2, nom=juan, email=juan@gmail.com, Contrasenya=1234, edat=2003-01-15, Saldo=1094.0} ha apostat: 1.0
09:00:51	Usuari{id=2, nom=juan, email=juan@gmail.com, Contrasenya=1234, edat=2003-01-15, Saldo=1093.0} ha apostat: 1.0
