12:02:11	Programa iniciat
12:02:11	Login iniciat
12:02:14	Usuari juan ha iniciat sesio al sistema
12:02:15	Usuari{id=2, nom=juan, email=juan@gmail.com, Contrasenya=1234, edat=2003-01-15, Saldo=8040431.0} esta jugant a la Ruleta
12:02:17	juan ha apostat 20.0€ a: 3
12:02:19	juan ha apostat 20.0€ a: Negre
12:02:20	juan ha apostat 20.0€ a: 27
12:02:25	juan ha apostat 20.0€ a: 0
12:02:28	juan ha apostat 20.0€ a: 22
12:02:30	juan ha apostat 20.0€ a: Senar
12:02:31	juan ha apostat 20.0€ a: Parell
12:02:37	La bola ha caigut al número: 14 (Vermell)
12:02:40	RESULTAT: juan ha guanyat 40.0€
12:02:46	Usuari{id=2, nom=juan, email=juan@gmail.com, Contrasenya=1234, edat=2003-01-15, Saldo=8040331.0} esta jugant a la Ruleta
12:02:47	juan ha apostat 20.0€ a: 15
12:02:53	La bola ha caigut al número: 21 (Vermell)
12:02:54	RESULTAT: juan no ha guanyat res.
12:07:47	Programa iniciat
12:07:47	Login iniciat
12:07:49	Usuari juan ha iniciat sesio al sistema
12:07:50	Usuari{id=2, nom=juan, email=juan@gmail.com, Contrasenya=1234, edat=2003-01-15, Saldo=8040311.0} esta jugant a la Ruleta
12:07:53	juan ha apostat 20.0€ a: 21
12:07:59	La bola ha caigut al número: 4 (Negre)
12:08:05	RESULTAT: juan no ha guanyat res.
12:08:50	Programa iniciat
12:08:50	Login iniciat
12:08:52	Usuari juan ha iniciat sesio al sistema
12:08:53	Usuari{id=2, nom=juan, email=juan@gmail.com, Contrasenya=1234, edat=2003-01-15, Saldo=8040291.0} esta jugant a la Ruleta
12:08:55	juan ha apostat 20.0€ a: 24
12:09:00	La bola ha caigut al número: 28 (Negre)
12:09:06	RESULTAT: juan no ha guanyat res.
12:11:32	Programa iniciat
12:11:32	Login iniciat
12:11:35	Usuari juan ha iniciat sesio al sistema
12:11:41	Usuari{id=2, nom=juan, email=juan@gmail.com, Contrasenya=1234, edat=2003-01-15, Saldo=8040271.0} esta jugant a Blackjack
12:11:41	Usuari{id=2, nom=juan, email=juan@gmail.com, Contrasenya=1234, edat=2003-01-15, Saldo=8040271.0} esta jugant a Blackjack
12:12:40	Programa iniciat
12:12:40	Login iniciat
12:12:46	Usuari juan ha iniciat sesio al sistema
12:13:17	Programa iniciat
12:13:17	Login iniciat
12:13:19	Usuari juan ha iniciat sesio al sistema
12:13:22	Usuari{id=2, nom=juan, email=juan@gmail.com, Contrasenya=1234, edat=2003-01-15, Saldo=8040271.0} esta jugant a Blackjack
12:13:22	Usuari{id=2, nom=juan, email=juan@gmail.com, Contrasenya=1234, edat=2003-01-15, Saldo=8040271.0} esta jugant a Blackjack
12:14:16	Programa iniciat
12:14:17	Login iniciat
12:14:18	Usuari juan ha iniciat sesio al sistema
12:14:33	Programa iniciat
12:14:34	Login iniciat
12:14:35	Usuari juan ha iniciat sesio al sistema
12:14:39	Usuari{id=2, nom=juan, email=juan@gmail.com, Contrasenya=1234, edat=2003-01-15, Saldo=8040271.0} esta jugant a Blackjack
12:14:39	Usuari{id=2, nom=juan, email=juan@gmail.com, Contrasenya=1234, edat=2003-01-15, Saldo=8040271.0} esta jugant a Blackjack
12:15:11	Programa iniciat
12:15:12	Login iniciat
12:15:13	Usuari juan ha iniciat sesio al sistema
12:15:15	Login iniciat
12:16:32	Programa iniciat
12:16:32	Login iniciat
12:16:36	Admin nico ha iniciat sesio al sistema
12:16:46	Programa iniciat
12:16:46	Login iniciat
12:16:48	Usuari juan ha iniciat sesio al sistema
12:16:50	Login iniciat
12:16:57	Admin nico ha iniciat sesio al sistema
12:16:59	Login iniciat
12:17:03	Signup iniciat
12:17:05	Login iniciat
12:17:05	L'usuari ha cancel·lat el registre
12:17:29	Programa iniciat
12:17:29	Login iniciat
12:17:31	Usuari juan ha iniciat sesio al sistema
12:18:31	Programa iniciat
12:18:32	Login iniciat
12:18:39	Usuari juan ha iniciat sesio al sistema
12:18:46	Login iniciat
12:18:50	Admin nico ha iniciat sesio al sistema
12:18:51	Login iniciat
12:18:58	Admin nico ha iniciat sesio al sistema
12:19:02	Admin: Accés a l'historial de partides de Blackjack
12:19:07	Admin: Tancant gestió d'usuaris i tornant al menú
12:19:08	Login iniciat
