07:17:57	Programa iniciat
07:17:58	Login iniciat
07:18:05	Usuari juan ha iniciat sesio al sistema
07:18:06	Usuari{id=2, nom=juan, email=juan@gmail.com, Contrasenya=1234, edat=2003-01-15, Saldo=280.0} esta jugant a Blackjack
07:18:09	Usuari{id=2, nom=juan, email=juan@gmail.com, Contrasenya=1234, edat=2003-01-15, Saldo=268.0} ha apostat: 12.0
07:20:32	Programa iniciat
07:20:32	Login iniciat
07:20:41	Usuari juan ha iniciat sesio al sistema
07:20:42	Usuari{id=2, nom=juan, email=juan@gmail.com, Contrasenya=1234, edat=2003-01-15, Saldo=268.0} esta jugant a Blackjack
07:20:44	Usuari{id=2, nom=juan, email=juan@gmail.com, Contrasenya=1234, edat=2003-01-15, Saldo=256.0} ha apostat: 12.0
07:21:20	Programa iniciat
07:21:21	Login iniciat
07:21:24	Usuari juan ha iniciat sesio al sistema
07:21:26	Usuari{id=2, nom=juan, email=juan@gmail.com, Contrasenya=1234, edat=2003-01-15, Saldo=256.0} esta jugant a Blackjack
07:21:29	Usuari{id=2, nom=juan, email=juan@gmail.com, Contrasenya=1234, edat=2003-01-15, Saldo=255.0} ha apostat: 1.0
07:22:35	Programa iniciat
07:22:35	Login iniciat
07:22:38	Usuari juan ha iniciat sesio al sistema
07:22:39	Usuari{id=2, nom=juan, email=juan@gmail.com, Contrasenya=1234, edat=2003-01-15, Saldo=255.0} esta jugant a Blackjack
07:22:41	Usuari{id=2, nom=juan, email=juan@gmail.com, Contrasenya=1234, edat=2003-01-15, Saldo=251.0} ha apostat: 4.0
07:23:00	Programa iniciat
07:23:00	Login iniciat
07:23:02	Usuari juan ha iniciat sesio al sistema
07:23:03	Usuari{id=2, nom=juan, email=juan@gmail.com, Contrasenya=1234, edat=2003-01-15, Saldo=251.0} esta jugant a Blackjack
07:23:04	Usuari{id=2, nom=juan, email=juan@gmail.com, Contrasenya=1234, edat=2003-01-15, Saldo=250.0} ha apostat: 1.0
07:23:47	Programa iniciat
07:23:47	Login iniciat
07:23:49	Usuari juan ha iniciat sesio al sistema
07:23:51	Usuari{id=2, nom=juan, email=juan@gmail.com, Contrasenya=1234, edat=2003-01-15, Saldo=250.0} esta jugant a Blackjack
07:23:52	Usuari{id=2, nom=juan, email=juan@gmail.com, Contrasenya=1234, edat=2003-01-15, Saldo=249.0} ha apostat: 1.0
07:25:29	Programa iniciat
07:25:29	Login iniciat
07:25:32	Usuari juan ha iniciat sesio al sistema
07:25:33	Usuari{id=2, nom=juan, email=juan@gmail.com, Contrasenya=1234, edat=2003-01-15, Saldo=249.0} esta jugant a Blackjack
07:25:36	Usuari{id=2, nom=juan, email=juan@gmail.com, Contrasenya=1234, edat=2003-01-15, Saldo=248.0} ha apostat: 1.0
07:26:55	Programa iniciat
07:26:55	Login iniciat
07:26:58	Usuari juan ha iniciat sesio al sistema
07:26:59	Usuari{id=2, nom=juan, email=juan@gmail.com, Contrasenya=1234, edat=2003-01-15, Saldo=248.0} esta jugant a Blackjack
07:27:00	Usuari{id=2, nom=juan, email=juan@gmail.com, Contrasenya=1234, edat=2003-01-15, Saldo=247.0} ha apostat: 1.0
07:28:13	Programa iniciat
07:28:14	Login iniciat
07:28:22	Usuari juan ha iniciat sesio al sistema
07:28:23	Usuari{id=2, nom=juan, email=juan@gmail.com, Contrasenya=1234, edat=2003-01-15, Saldo=247.0} esta jugant a Blackjack
07:28:24	Usuari{id=2, nom=juan, email=juan@gmail.com, Contrasenya=1234, edat=2003-01-15, Saldo=246.0} ha apostat: 1.0
07:28:39	Programa iniciat
07:28:40	Login iniciat
07:28:45	Usuari juan ha iniciat sesio al sistema
07:28:46	Usuari{id=2, nom=juan, email=juan@gmail.com, Contrasenya=1234, edat=2003-01-15, Saldo=246.0} esta jugant a Blackjack
07:28:50	Usuari{id=2, nom=juan, email=juan@gmail.com, Contrasenya=1234, edat=2003-01-15, Saldo=245.0} ha apostat: 1.0
07:31:35	Programa iniciat
07:31:35	Login iniciat
07:32:16	Programa iniciat
07:32:16	Login iniciat
07:32:18	Usuari juan ha iniciat sesio al sistema
07:32:19	Usuari{id=2, nom=juan, email=juan@gmail.com, Contrasenya=1234, edat=2003-01-15, Saldo=245.0} esta jugant a Blackjack
07:32:21	Usuari{id=2, nom=juan, email=juan@gmail.com, Contrasenya=1234, edat=2003-01-15, Saldo=244.0} ha apostat: 1.0
07:33:18	Programa iniciat
07:33:18	Login iniciat
07:33:36	Programa iniciat
07:33:37	Login iniciat
07:33:38	Usuari juan ha iniciat sesio al sistema
07:33:39	Usuari{id=2, nom=juan, email=juan@gmail.com, Contrasenya=1234, edat=2003-01-15, Saldo=244.0} esta jugant a Blackjack
07:33:41	Usuari{id=2, nom=juan, email=juan@gmail.com, Contrasenya=1234, edat=2003-01-15, Saldo=243.0} ha apostat: 1.0
07:35:24	Programa iniciat
07:35:24	Login iniciat
07:35:28	Usuari juan ha iniciat sesio al sistema
07:35:30	Usuari{id=2, nom=juan, email=juan@gmail.com, Contrasenya=1234, edat=2003-01-15, Saldo=243.0} esta jugant a Blackjack
07:35:31	Usuari{id=2, nom=juan, email=juan@gmail.com, Contrasenya=1234, edat=2003-01-15, Saldo=242.0} ha apostat: 1.0
07:35:53	Programa iniciat
07:35:54	Login iniciat
07:35:56	Usuari juan ha iniciat sesio al sistema
07:35:57	Usuari{id=2, nom=juan, email=juan@gmail.com, Contrasenya=1234, edat=2003-01-15, Saldo=242.0} esta jugant a Blackjack
07:35:59	Usuari{id=2, nom=juan, email=juan@gmail.com, Contrasenya=1234, edat=2003-01-15, Saldo=241.0} ha apostat: 1.0
07:36:13	Programa iniciat
07:36:13	Login iniciat
07:36:37	Programa iniciat
07:36:37	Login iniciat
07:36:41	Usuari juan ha iniciat sesio al sistema
07:36:42	Usuari{id=2, nom=juan, email=juan@gmail.com, Contrasenya=1234, edat=2003-01-15, Saldo=241.0} esta jugant a Blackjack
07:42:36	Usuari{id=2, nom=juan, email=juan@gmail.com, Contrasenya=1234, edat=2003-01-15, Saldo=243.0} esta jugant a Blackjack
07:46:56	Programa iniciat
07:46:56	Login iniciat
07:47:00	Usuari juan ha iniciat sesio al sistema
07:47:01	Usuari{id=2, nom=juan, email=juan@gmail.com, Contrasenya=1234, edat=2003-01-15, Saldo=241.0} esta jugant a Blackjack
07:47:05	Usuari{id=2, nom=juan, email=juan@gmail.com, Contrasenya=1234, edat=2003-01-15, Saldo=240.0} ha apostat: 1.0
07:48:01	Programa iniciat
07:48:01	Login iniciat
07:48:03	Usuari juan ha iniciat sesio al sistema
07:48:04	Usuari{id=2, nom=juan, email=juan@gmail.com, Contrasenya=1234, edat=2003-01-15, Saldo=240.0} esta jugant a Blackjack
07:48:06	Usuari{id=2, nom=juan, email=juan@gmail.com, Contrasenya=1234, edat=2003-01-15, Saldo=239.0} ha apostat: 1.0
07:50:30	Programa iniciat
07:50:30	Login iniciat
07:50:33	Usuari juan ha iniciat sesio al sistema
07:50:33	Usuari{id=2, nom=juan, email=juan@gmail.com, Contrasenya=1234, edat=2003-01-15, Saldo=239.0} esta jugant a Blackjack
07:50:40	Usuari{id=2, nom=juan, email=juan@gmail.com, Contrasenya=1234, edat=2003-01-15, Saldo=238.0} ha apostat: 1.0
07:50:56	Programa iniciat
07:50:56	Login iniciat
07:51:02	Usuari juan ha iniciat sesio al sistema
07:51:03	Usuari{id=2, nom=juan, email=juan@gmail.com, Contrasenya=1234, edat=2003-01-15, Saldo=238.0} esta jugant a Blackjack
07:51:05	Usuari{id=2, nom=juan, email=juan@gmail.com, Contrasenya=1234, edat=2003-01-15, Saldo=237.0} ha apostat: 1.0
07:51:46	Programa iniciat
07:51:46	Login iniciat
07:51:49	Usuari juan ha iniciat sesio al sistema
07:51:50	Usuari{id=2, nom=juan, email=juan@gmail.com, Contrasenya=1234, edat=2003-01-15, Saldo=237.0} esta jugant a Blackjack
07:51:52	Usuari{id=2, nom=juan, email=juan@gmail.com, Contrasenya=1234, edat=2003-01-15, Saldo=236.0} ha apostat: 1.0
07:54:30	Programa iniciat
07:54:30	Login iniciat
07:54:32	Usuari juan ha iniciat sesio al sistema
07:54:33	Usuari{id=2, nom=juan, email=juan@gmail.com, Contrasenya=1234, edat=2003-01-15, Saldo=236.0} esta jugant a Blackjack
07:54:49	Programa iniciat
07:54:49	Login iniciat
07:54:51	Usuari juan ha iniciat sesio al sistema
07:54:52	Usuari{id=2, nom=juan, email=juan@gmail.com, Contrasenya=1234, edat=2003-01-15, Saldo=236.0} esta jugant a Blackjack
08:00:55	Programa iniciat
08:00:55	Login iniciat
08:00:58	Usuari juan ha iniciat sesio al sistema
08:01:00	Usuari{id=2, nom=juan, email=juan@gmail.com, Contrasenya=1234, edat=2003-01-15, Saldo=236.0} esta jugant a Blackjack
08:01:01	Usuari{id=2, nom=juan, email=juan@gmail.com, Contrasenya=1234, edat=2003-01-15, Saldo=235.0} ha apostat: 1.0
08:17:54	Programa iniciat
08:17:55	Login iniciat
08:17:57	Usuari juan ha iniciat sesio al sistema
08:17:58	Usuari{id=2, nom=juan, email=juan@gmail.com, Contrasenya=1234, edat=2003-01-15, Saldo=235.0} esta jugant a Blackjack
08:18:03	Usuari{id=2, nom=juan, email=juan@gmail.com, Contrasenya=1234, edat=2003-01-15, Saldo=234.0} ha apostat: 1.0
08:18:24	Programa iniciat
08:18:24	Login iniciat
08:18:29	Usuari juan ha iniciat sesio al sistema
08:18:30	Usuari{id=2, nom=juan, email=juan@gmail.com, Contrasenya=1234, edat=2003-01-15, Saldo=234.0} esta jugant a Blackjack
08:18:41	Usuari{id=2, nom=juan, email=juan@gmail.com, Contrasenya=1234, edat=2003-01-15, Saldo=233.0} ha apostat: 1.0
08:20:12	Programa iniciat
08:20:12	Login iniciat
08:20:14	Usuari juan ha iniciat sesio al sistema
08:20:15	Usuari{id=2, nom=juan, email=juan@gmail.com, Contrasenya=1234, edat=2003-01-15, Saldo=233.0} esta jugant a Blackjack
08:20:16	Usuari{id=2, nom=juan, email=juan@gmail.com, Contrasenya=1234, edat=2003-01-15, Saldo=232.0} ha apostat: 1.0
08:21:09	Programa iniciat
08:21:09	Login iniciat
08:21:11	Usuari juan ha iniciat sesio al sistema
08:21:12	Usuari{id=2, nom=juan, email=juan@gmail.com, Contrasenya=1234, edat=2003-01-15, Saldo=232.0} esta jugant a Blackjack
08:21:13	Usuari{id=2, nom=juan, email=juan@gmail.com, Contrasenya=1234, edat=2003-01-15, Saldo=231.0} ha apostat: 1.0
08:22:49	Programa iniciat
08:22:49	Login iniciat
08:22:52	Usuari juan ha iniciat sesio al sistema
08:22:53	Usuari{id=2, nom=juan, email=juan@gmail.com, Contrasenya=1234, edat=2003-01-15, Saldo=231.0} esta jugant a Blackjack
08:22:55	Usuari{id=2, nom=juan, email=juan@gmail.com, Contrasenya=1234, edat=2003-01-15, Saldo=230.0} ha apostat: 1.0
08:25:36	Programa iniciat
08:25:36	Login iniciat
08:25:39	Usuari juan ha iniciat sesio al sistema
08:25:40	Usuari{id=2, nom=juan, email=juan@gmail.com, Contrasenya=1234, edat=2003-01-15, Saldo=230.0} esta jugant a Blackjack
08:25:41	Usuari{id=2, nom=juan, email=juan@gmail.com, Contrasenya=1234, edat=2003-01-15, Saldo=229.0} ha apostat: 1.0
08:27:20	Programa iniciat
08:27:20	Login iniciat
08:27:23	Usuari juan ha iniciat sesio al sistema
08:27:24	Usuari{id=2, nom=juan, email=juan@gmail.com, Contrasenya=1234, edat=2003-01-15, Saldo=229.0} esta jugant a Blackjack
08:27:28	Usuari{id=2, nom=juan, email=juan@gmail.com, Contrasenya=1234, edat=2003-01-15, Saldo=228.0} ha apostat: 1.0
08:28:12	Programa iniciat
08:28:12	Login iniciat
08:28:16	Usuari juan ha iniciat sesio al sistema
08:28:17	Usuari{id=2, nom=juan, email=juan@gmail.com, Contrasenya=1234, edat=2003-01-15, Saldo=228.0} esta jugant a Blackjack
08:28:20	Usuari{id=2, nom=juan, email=juan@gmail.com, Contrasenya=1234, edat=2003-01-15, Saldo=227.0} ha apostat: 1.0
08:28:58	Programa iniciat
08:28:58	Login iniciat
08:30:28	Programa iniciat
08:30:28	Login iniciat
08:30:31	Usuari juan ha iniciat sesio al sistema
08:30:32	Usuari{id=2, nom=juan, email=juan@gmail.com, Contrasenya=1234, edat=2003-01-15, Saldo=227.0} esta jugant a Blackjack
08:30:33	Usuari{id=2, nom=juan, email=juan@gmail.com, Contrasenya=1234, edat=2003-01-15, Saldo=226.0} ha apostat: 1.0
08:30:50	Usuari{id=2, nom=juan, email=juan@gmail.com, Contrasenya=1234, edat=2003-01-15, Saldo=225.0} ha apostat: 1.0
08:37:21	Programa iniciat
08:37:21	Login iniciat
08:37:24	Usuari juan ha iniciat sesio al sistema
08:37:25	Usuari{id=2, nom=juan, email=juan@gmail.com, Contrasenya=1234, edat=2003-01-15, Saldo=227.0} esta jugant a Blackjack
08:37:27	Usuari{id=2, nom=juan, email=juan@gmail.com, Contrasenya=1234, edat=2003-01-15, Saldo=226.0} ha apostat: 1.0
08:38:35	Programa iniciat
08:38:35	Login iniciat
08:38:41	Usuari juan ha iniciat sesio al sistema
08:38:43	Usuari{id=2, nom=juan, email=juan@gmail.com, Contrasenya=1234, edat=2003-01-15, Saldo=226.0} esta jugant a Blackjack
08:38:46	Usuari{id=2, nom=juan, email=juan@gmail.com, Contrasenya=1234, edat=2003-01-15, Saldo=225.0} ha apostat: 1.0
08:38:54	Usuari{id=2, nom=juan, email=juan@gmail.com, Contrasenya=1234, edat=2003-01-15, Saldo=224.0} ha apostat: 1.0
08:39:12	Usuari{id=2, nom=juan, email=juan@gmail.com, Contrasenya=1234, edat=2003-01-15, Saldo=223.0} ha apostat: 1.0
08:39:20	Usuari{id=2, nom=juan, email=juan@gmail.com, Contrasenya=1234, edat=2003-01-15, Saldo=222.0} ha apostat: 1.0
08:39:28	Usuari{id=2, nom=juan, email=juan@gmail.com, Contrasenya=1234, edat=2003-01-15, Saldo=221.0} ha apostat: 1.0
08:39:45	Programa iniciat
08:39:45	Login iniciat
08:39:47	Usuari juan ha iniciat sesio al sistema
08:39:48	Usuari{id=2, nom=juan, email=juan@gmail.com, Contrasenya=1234, edat=2003-01-15, Saldo=221.0} esta jugant a Blackjack
08:39:49	Usuari{id=2, nom=juan, email=juan@gmail.com, Contrasenya=1234, edat=2003-01-15, Saldo=220.0} ha apostat: 1.0
08:39:57	Usuari{id=2, nom=juan, email=juan@gmail.com, Contrasenya=1234, edat=2003-01-15, Saldo=219.0} ha apostat: 1.0
08:40:00	Usuari{id=2, nom=juan, email=juan@gmail.com, Contrasenya=1234, edat=2003-01-15, Saldo=218.0} ha apostat: 1.0
08:40:08	Programa iniciat
08:40:08	Login iniciat
08:40:11	Usuari juan ha iniciat sesio al sistema
08:40:12	Usuari{id=2, nom=juan, email=juan@gmail.com, Contrasenya=1234, edat=2003-01-15, Saldo=218.0} esta jugant a Blackjack
08:40:13	Usuari{id=2, nom=juan, email=juan@gmail.com, Contrasenya=1234, edat=2003-01-15, Saldo=217.0} ha apostat: 1.0
08:40:33	Programa iniciat
08:40:33	Login iniciat
08:40:35	Usuari juan ha iniciat sesio al sistema
08:40:36	Usuari{id=2, nom=juan, email=juan@gmail.com, Contrasenya=1234, edat=2003-01-15, Saldo=217.0} esta jugant a Blackjack
08:41:12	Programa iniciat
08:41:12	Login iniciat
08:41:15	Usuari juan ha iniciat sesio al sistema
08:41:16	Usuari{id=2, nom=juan, email=juan@gmail.com, Contrasenya=1234, edat=2003-01-15, Saldo=217.0} esta jugant a Blackjack
08:41:18	Usuari{id=2, nom=juan, email=juan@gmail.com, Contrasenya=1234, edat=2003-01-15, Saldo=216.0} ha apostat: 1.0
08:42:29	Programa iniciat
08:42:29	Login iniciat
08:42:32	Usuari juan ha iniciat sesio al sistema
08:42:33	Usuari{id=2, nom=juan, email=juan@gmail.com, Contrasenya=1234, edat=2003-01-15, Saldo=216.0} esta jugant a Blackjack
08:42:35	Usuari{id=2, nom=juan, email=juan@gmail.com, Contrasenya=1234, edat=2003-01-15, Saldo=215.0} ha apostat: 1.0
08:42:54	Programa iniciat
08:42:54	Login iniciat
08:42:57	Usuari juan ha iniciat sesio al sistema
08:42:58	Usuari{id=2, nom=juan, email=juan@gmail.com, Contrasenya=1234, edat=2003-01-15, Saldo=215.0} esta jugant a Blackjack
08:42:59	Usuari{id=2, nom=juan, email=juan@gmail.com, Contrasenya=1234, edat=2003-01-15, Saldo=214.0} ha apostat: 1.0
08:43:18	Programa iniciat
08:43:18	Login iniciat
08:43:20	Usuari juan ha iniciat sesio al sistema
08:43:21	Usuari{id=2, nom=juan, email=juan@gmail.com, Contrasenya=1234, edat=2003-01-15, Saldo=214.0} esta jugant a Blackjack
08:43:25	Usuari{id=2, nom=juan, email=juan@gmail.com, Contrasenya=1234, edat=2003-01-15, Saldo=213.0} ha apostat: 1.0
08:43:32	Usuari{id=2, nom=juan, email=juan@gmail.com, Contrasenya=1234, edat=2003-01-15, Saldo=213.0} esta jugant a Blackjack
08:43:33	Usuari{id=2, nom=juan, email=juan@gmail.com, Contrasenya=1234, edat=2003-01-15, Saldo=212.0} ha apostat: 1.0
08:43:37	Usuari{id=2, nom=juan, email=juan@gmail.com, Contrasenya=1234, edat=2003-01-15, Saldo=201.0} ha apostat: 11.0
08:45:09	Programa iniciat
08:45:09	Login iniciat
08:45:13	Usuari juan ha iniciat sesio al sistema
08:45:13	Usuari{id=2, nom=juan, email=juan@gmail.com, Contrasenya=1234, edat=2003-01-15, Saldo=201.0} esta jugant a Blackjack
08:45:15	Usuari{id=2, nom=juan, email=juan@gmail.com, Contrasenya=1234, edat=2003-01-15, Saldo=200.0} ha apostat: 1.0
08:46:19	Programa iniciat
08:46:19	Login iniciat
08:46:23	Usuari juan ha iniciat sesio al sistema
08:46:24	Usuari{id=2, nom=juan, email=juan@gmail.com, Contrasenya=1234, edat=2003-01-15, Saldo=200.0} esta jugant a Blackjack
08:46:25	Usuari{id=2, nom=juan, email=juan@gmail.com, Contrasenya=1234, edat=2003-01-15, Saldo=199.0} ha apostat: 1.0
08:47:30	Programa iniciat
08:47:31	Login iniciat
08:47:33	Usuari juan ha iniciat sesio al sistema
08:47:34	Usuari{id=2, nom=juan, email=juan@gmail.com, Contrasenya=1234, edat=2003-01-15, Saldo=199.0} esta jugant a Blackjack
08:47:35	Usuari{id=2, nom=juan, email=juan@gmail.com, Contrasenya=1234, edat=2003-01-15, Saldo=198.0} ha apostat: 1.0
08:47:59	Programa iniciat
08:47:59	Login iniciat
08:48:02	Usuari juan ha iniciat sesio al sistema
08:48:03	Usuari{id=2, nom=juan, email=juan@gmail.com, Contrasenya=1234, edat=2003-01-15, Saldo=198.0} esta jugant a Blackjack
08:48:04	Usuari{id=2, nom=juan, email=juan@gmail.com, Contrasenya=1234, edat=2003-01-15, Saldo=197.0} ha apostat: 1.0
08:48:45	Programa iniciat
08:48:45	Login iniciat
08:48:47	Usuari juan ha iniciat sesio al sistema
08:48:48	Usuari{id=2, nom=juan, email=juan@gmail.com, Contrasenya=1234, edat=2003-01-15, Saldo=197.0} esta jugant a Blackjack
08:48:49	Usuari{id=2, nom=juan, email=juan@gmail.com, Contrasenya=1234, edat=2003-01-15, Saldo=196.0} ha apostat: 1.0
08:49:15	Programa iniciat
08:49:16	Login iniciat
08:49:26	Usuari juan ha iniciat sesio al sistema
08:49:27	Usuari{id=2, nom=juan, email=juan@gmail.com, Contrasenya=1234, edat=2003-01-15, Saldo=196.0} esta jugant a Blackjack
08:49:29	Usuari{id=2, nom=juan, email=juan@gmail.com, Contrasenya=1234, edat=2003-01-15, Saldo=195.0} ha apostat: 1.0
08:49:43	Usuari{id=2, nom=juan, email=juan@gmail.com, Contrasenya=1234, edat=2003-01-15, Saldo=195.0} esta jugant a Blackjack
08:49:46	Usuari{id=2, nom=juan, email=juan@gmail.com, Contrasenya=1234, edat=2003-01-15, Saldo=194.0} ha apostat: 1.0
11:12:00	Programa iniciat
11:12:01	Login iniciat
11:12:03	Usuari juan ha iniciat sesio al sistema
11:12:04	Usuari{id=2, nom=juan, email=juan@gmail.com, Contrasenya=1234, edat=2003-01-15, Saldo=194.0} esta jugant a Blackjack
11:16:42	Programa iniciat
11:16:42	Login iniciat
11:16:46	Usuari juan ha iniciat sesio al sistema
11:16:46	Usuari{id=2, nom=juan, email=juan@gmail.com, Contrasenya=1234, edat=2003-01-15, Saldo=194.0} esta jugant a Blackjack
11:18:10	Programa iniciat
11:18:10	Login iniciat
11:18:12	Usuari juan ha iniciat sesio al sistema
11:18:28	Programa iniciat
11:18:29	Login iniciat
11:18:31	Usuari juan ha iniciat sesio al sistema
11:18:38	Usuari{id=2, nom=juan, email=juan@gmail.com, Contrasenya=1234, edat=2003-01-15, Saldo=194.0} esta jugant a Blackjack
11:18:43	Usuari{id=2, nom=juan, email=juan@gmail.com, Contrasenya=1234, edat=2003-01-15, Saldo=193.0} ha apostat: 1.0
11:19:26	Programa iniciat
11:19:26	Login iniciat
11:19:28	Usuari juan ha iniciat sesio al sistema
11:19:29	Usuari{id=2, nom=juan, email=juan@gmail.com, Contrasenya=1234, edat=2003-01-15, Saldo=193.0} esta jugant a Blackjack
11:23:52	Programa iniciat
11:23:52	Login iniciat
11:23:59	Usuari juan ha iniciat sesio al sistema
11:24:00	Usuari{id=2, nom=juan, email=juan@gmail.com, Contrasenya=1234, edat=2003-01-15, Saldo=193.0} esta jugant a Blackjack
11:24:03	Usuari{id=2, nom=juan, email=juan@gmail.com, Contrasenya=1234, edat=2003-01-15, Saldo=70.0} ha apostat: 123.0
11:25:56	Programa iniciat
11:25:56	Login iniciat
11:25:58	Usuari juan ha iniciat sesio al sistema
11:25:59	Usuari{id=2, nom=juan, email=juan@gmail.com, Contrasenya=1234, edat=2003-01-15, Saldo=316.0} esta jugant a Blackjack
11:28:56	Programa iniciat
11:28:56	Login iniciat
11:28:58	Usuari juan ha iniciat sesio al sistema
11:28:59	Usuari{id=2, nom=juan, email=juan@gmail.com, Contrasenya=1234, edat=2003-01-15, Saldo=316.0} esta jugant a Blackjack
11:29:23	Programa iniciat
11:29:23	Login iniciat
11:29:25	Usuari juan ha iniciat sesio al sistema
11:29:26	Usuari{id=2, nom=juan, email=juan@gmail.com, Contrasenya=1234, edat=2003-01-15, Saldo=316.0} esta jugant a Blackjack
11:40:09	Programa iniciat
11:40:09	Login iniciat
11:40:12	Usuari juan ha iniciat sesio al sistema
11:40:13	Usuari{id=2, nom=juan, email=juan@gmail.com, Contrasenya=1234, edat=2003-01-15, Saldo=316.0} esta jugant a Blackjack
11:42:34	Programa iniciat
11:42:34	Login iniciat
11:42:36	Usuari juan ha iniciat sesio al sistema
11:42:37	Usuari{id=2, nom=juan, email=juan@gmail.com, Contrasenya=1234, edat=2003-01-15, Saldo=316.0} esta jugant a Blackjack
11:45:22	Programa iniciat
11:45:23	Login iniciat
11:45:25	Usuari juan ha iniciat sesio al sistema
11:45:26	Usuari{id=2, nom=juan, email=juan@gmail.com, Contrasenya=1234, edat=2003-01-15, Saldo=316.0} esta jugant a Blackjack
11:48:13	Programa iniciat
11:48:13	Login iniciat
11:48:16	Usuari juan ha iniciat sesio al sistema
11:48:16	Usuari{id=2, nom=juan, email=juan@gmail.com, Contrasenya=1234, edat=2003-01-15, Saldo=316.0} esta jugant a Blackjack
11:49:42	Programa iniciat
11:49:42	Login iniciat
11:49:48	Usuari juan ha iniciat sesio al sistema
11:49:49	Usuari{id=2, nom=juan, email=juan@gmail.com, Contrasenya=1234, edat=2003-01-15, Saldo=316.0} esta jugant a Blackjack
11:50:51	Programa iniciat
11:50:51	Login iniciat
11:50:53	Usuari juan ha iniciat sesio al sistema
11:50:53	Usuari{id=2, nom=juan, email=juan@gmail.com, Contrasenya=1234, edat=2003-01-15, Saldo=316.0} esta jugant a Blackjack
11:51:37	Programa iniciat
11:51:37	Login iniciat
11:51:40	Usuari juan ha iniciat sesio al sistema
11:51:41	Usuari{id=2, nom=juan, email=juan@gmail.com, Contrasenya=1234, edat=2003-01-15, Saldo=316.0} esta jugant a Blackjack
11:52:22	Programa iniciat
11:52:22	Login iniciat
11:52:24	Usuari juan ha iniciat sesio al sistema
11:52:24	Usuari{id=2, nom=juan, email=juan@gmail.com, Contrasenya=1234, edat=2003-01-15, Saldo=316.0} esta jugant a Blackjack
11:52:36	Programa iniciat
11:52:36	Login iniciat
11:52:38	Usuari juan ha iniciat sesio al sistema
11:52:39	Usuari{id=2, nom=juan, email=juan@gmail.com, Contrasenya=1234, edat=2003-01-15, Saldo=316.0} esta jugant a Blackjack
11:53:09	Programa iniciat
11:53:10	Login iniciat
11:53:13	Usuari juan ha iniciat sesio al sistema
11:53:13	Usuari{id=2, nom=juan, email=juan@gmail.com, Contrasenya=1234, edat=2003-01-15, Saldo=316.0} esta jugant a Blackjack
11:53:16	Usuari{id=2, nom=juan, email=juan@gmail.com, Contrasenya=1234, edat=2003-01-15, Saldo=315.0} ha apostat: 1.0
11:55:41	Programa iniciat
11:55:41	Login iniciat
11:55:43	Usuari juan ha iniciat sesio al sistema
11:55:44	Usuari{id=2, nom=juan, email=juan@gmail.com, Contrasenya=1234, edat=2003-01-15, Saldo=315.0} esta jugant a Blackjack
11:57:35	Programa iniciat
11:57:35	Login iniciat
11:57:37	Usuari juan ha iniciat sesio al sistema
11:57:37	Usuari{id=2, nom=juan, email=juan@gmail.com, Contrasenya=1234, edat=2003-01-15, Saldo=315.0} esta jugant a Blackjack
11:57:45	Usuari{id=2, nom=juan, email=juan@gmail.com, Contrasenya=1234, edat=2003-01-15, Saldo=314.0} ha apostat: 1.0
11:57:59	Programa iniciat
11:57:59	Login iniciat
11:58:01	Usuari juan ha iniciat sesio al sistema
11:58:02	Usuari{id=2, nom=juan, email=juan@gmail.com, Contrasenya=1234, edat=2003-01-15, Saldo=316.0} esta jugant a Blackjack
11:58:30	Programa iniciat
11:58:31	Login iniciat
11:58:33	Usuari juan ha iniciat sesio al sistema
11:58:33	Usuari{id=2, nom=juan, email=juan@gmail.com, Contrasenya=1234, edat=2003-01-15, Saldo=316.0} esta jugant a Blackjack
11:59:29	Programa iniciat
11:59:29	Login iniciat
11:59:32	Usuari juan ha iniciat sesio al sistema
11:59:34	Usuari{id=2, nom=juan, email=juan@gmail.com, Contrasenya=1234, edat=2003-01-15, Saldo=316.0} esta jugant a Blackjack
